<?xml version="1.0" encoding="UTF-8"?>
<coverage generated="1745879961036" clover="3.2.0">
  <project timestamp="1745879961036" name="All files">
    <metrics statements="32" coveredstatements="31" conditionals="20" coveredconditionals="20" methods="5" coveredmethods="5" elements="57" coveredelements="56" complexity="0" loc="32" ncloc="32" packages="1" files="1" classes="1"/>
    <file name="App.jsx" path="/Users/filipandrzejczak/Desktop/Projekt_Main/Event-Planner/frontend/src/App.jsx">
      <metrics statements="32" coveredstatements="31" conditionals="20" coveredconditionals="20" methods="5" coveredmethods="5"/>
      <line num="19" count="20" type="stmt"/>
      <line num="20" count="20" type="stmt"/>
      <line num="21" count="20" type="stmt"/>
      <line num="23" count="20" type="stmt"/>
      <line num="24" count="6" type="stmt"/>
      <line num="25" count="6" type="stmt"/>
      <line num="26" count="6" type="cond" truecount="4" falsecount="0"/>
      <line num="27" count="5" type="stmt"/>
      <line num="28" count="5" type="stmt"/>
      <line num="29" count="5" type="stmt"/>
      <line num="31" count="0" type="stmt"/>
      <line num="36" count="20" type="stmt"/>
      <line num="37" count="8" type="stmt"/>
      <line num="38" count="8" type="stmt"/>
      <line num="39" count="8" type="stmt"/>
      <line num="41" count="8" type="cond" truecount="4" falsecount="0"/>
      <line num="42" count="5" type="stmt"/>
      <line num="43" count="5" type="stmt"/>
      <line num="44" count="5" type="stmt"/>
      <line num="48" count="20" type="stmt"/>
      <line num="49" count="1" type="stmt"/>
      <line num="50" count="1" type="stmt"/>
      <line num="51" count="1" type="stmt"/>
      <line num="54" count="20" type="stmt"/>
      <line num="55" count="1" type="stmt"/>
      <line num="56" count="1" type="stmt"/>
      <line num="57" count="1" type="stmt"/>
      <line num="58" count="1" type="stmt"/>
      <line num="59" count="1" type="stmt"/>
      <line num="60" count="1" type="stmt"/>
      <line num="61" count="1" type="stmt"/>
      <line num="64" count="20" type="stmt"/>
    </file>
  </project>
</coverage>
