{"/Users/filipandrzejczak/Desktop/Projekt_Main/Event-Planner/frontend/src/components/ErrorBoundary.jsx": {"path":"/Users/filipandrzejczak/Desktop/Projekt_Main/Event-Planner/frontend/src/components/ErrorBoundary.jsx","statementMap":{"0":{"start":{"line":5,"column":4},"end":{"line":5,"column":17}},"1":{"start":{"line":6,"column":4},"end":{"line":6,"column":37}},"2":{"start":{"line":10,"column":4},"end":{"line":10,"column":30}},"3":{"start":{"line":14,"column":4},"end":{"line":14,"column":70}},"4":{"start":{"line":18,"column":4},"end":{"line":20,"column":5}},"5":{"start":{"line":19,"column":6},"end":{"line":19,"column":44}},"6":{"start":{"line":22,"column":4},"end":{"line":22,"column":31}}},"fnMap":{"0":{"name":"(anonymous_0)","decl":{"start":{"line":4,"column":2},"end":{"line":4,"column":3}},"loc":{"start":{"line":4,"column":21},"end":{"line":7,"column":3}},"line":4},"1":{"name":"(anonymous_1)","decl":{"start":{"line":9,"column":2},"end":{"line":9,"column":3}},"loc":{"start":{"line":9,"column":36},"end":{"line":11,"column":3}},"line":9},"2":{"name":"(anonymous_2)","decl":{"start":{"line":13,"column":2},"end":{"line":13,"column":3}},"loc":{"start":{"line":13,"column":38},"end":{"line":15,"column":3}},"line":13},"3":{"name":"(anonymous_3)","decl":{"start":{"line":17,"column":2},"end":{"line":17,"column":3}},"loc":{"start":{"line":17,"column":11},"end":{"line":23,"column":3}},"line":17}},"branchMap":{"0":{"loc":{"start":{"line":18,"column":4},"end":{"line":20,"column":5}},"type":"if","locations":[{"start":{"line":18,"column":4},"end":{"line":20,"column":5}},{"start":{},"end":{}}],"line":18}},"s":{"0":5,"1":5,"2":4,"3":2,"4":9,"5":4,"6":5},"f":{"0":5,"1":4,"2":2,"3":9},"b":{"0":[4,5]},"_coverageSchema":"1a1c01bbd47fc00a2c39e90264f33305004495a9","hash":"a573cf3f7ea4094f536a577c87d0b63eff4ecf88"}
,"/Users/filipandrzejczak/Desktop/Projekt_Main/Event-Planner/frontend/src/components/EventCard.jsx": {"path":"/Users/filipandrzejczak/Desktop/Projekt_Main/Event-Planner/frontend/src/components/EventCard.jsx","statementMap":{"0":{"start":{"line":6,"column":18},"end":{"line":78,"column":1}},"1":{"start":{"line":7,"column":40},"end":{"line":7,"column":68}},"2":{"start":{"line":8,"column":46},"end":{"line":8,"column":77}},"3":{"start":{"line":9,"column":36},"end":{"line":9,"column":51}},"4":{"start":{"line":10,"column":19},"end":{"line":10,"column":32}},"5":{"start":{"line":12,"column":2},"end":{"line":14,"column":27}},"6":{"start":{"line":13,"column":4},"end":{"line":13,"column":39}},"7":{"start":{"line":16,"column":28},"end":{"line":27,"column":3}},"8":{"start":{"line":17,"column":4},"end":{"line":17,"column":24}},"9":{"start":{"line":18,"column":4},"end":{"line":26,"column":5}},"10":{"start":{"line":19,"column":6},"end":{"line":19,"column":31}},"11":{"start":{"line":20,"column":6},"end":{"line":20,"column":28}},"12":{"start":{"line":21,"column":6},"end":{"line":21,"column":57}},"13":{"start":{"line":21,"column":34},"end":{"line":21,"column":55}},"14":{"start":{"line":23,"column":6},"end":{"line":23,"column":25}},"15":{"start":{"line":24,"column":6},"end":{"line":24,"column":27}},"16":{"start":{"line":25,"column":6},"end":{"line":25,"column":44}},"17":{"start":{"line":25,"column":34},"end":{"line":25,"column":42}},"18":{"start":{"line":29,"column":34},"end":{"line":31,"column":3}},"19":{"start":{"line":30,"column":4},"end":{"line":30,"column":36}},"20":{"start":{"line":33,"column":26},"end":{"line":36,"column":3}},"21":{"start":{"line":34,"column":4},"end":{"line":34,"column":24}},"22":{"start":{"line":35,"column":4},"end":{"line":35,"column":23}},"23":{"start":{"line":38,"column":27},"end":{"line":40,"column":3}},"24":{"start":{"line":39,"column":4},"end":{"line":39,"column":24}},"25":{"start":{"line":43,"column":4},"end":{"line":51,"column":10}},"26":{"start":{"line":54,"column":2},"end":{"line":77,"column":4}}},"fnMap":{"0":{"name":"(anonymous_0)","decl":{"start":{"line":6,"column":18},"end":{"line":6,"column":19}},"loc":{"start":{"line":6,"column":92},"end":{"line":78,"column":1}},"line":6},"1":{"name":"(anonymous_1)","decl":{"start":{"line":12,"column":12},"end":{"line":12,"column":13}},"loc":{"start":{"line":12,"column":18},"end":{"line":14,"column":3}},"line":12},"2":{"name":"(anonymous_2)","decl":{"start":{"line":16,"column":28},"end":{"line":16,"column":29}},"loc":{"start":{"line":16,"column":35},"end":{"line":27,"column":3}},"line":16},"3":{"name":"(anonymous_3)","decl":{"start":{"line":21,"column":24},"end":{"line":21,"column":25}},"loc":{"start":{"line":21,"column":34},"end":{"line":21,"column":55}},"line":21},"4":{"name":"(anonymous_4)","decl":{"start":{"line":25,"column":24},"end":{"line":25,"column":25}},"loc":{"start":{"line":25,"column":34},"end":{"line":25,"column":42}},"line":25},"5":{"name":"(anonymous_5)","decl":{"start":{"line":29,"column":34},"end":{"line":29,"column":35}},"loc":{"start":{"line":29,"column":40},"end":{"line":31,"column":3}},"line":29},"6":{"name":"(anonymous_6)","decl":{"start":{"line":33,"column":26},"end":{"line":33,"column":27}},"loc":{"start":{"line":33,"column":33},"end":{"line":36,"column":3}},"line":33},"7":{"name":"(anonymous_7)","decl":{"start":{"line":38,"column":27},"end":{"line":38,"column":28}},"loc":{"start":{"line":38,"column":33},"end":{"line":40,"column":3}},"line":38}},"branchMap":{"0":{"loc":{"start":{"line":18,"column":4},"end":{"line":26,"column":5}},"type":"if","locations":[{"start":{"line":18,"column":4},"end":{"line":26,"column":5}},{"start":{"line":22,"column":11},"end":{"line":26,"column":5}}],"line":18},"1":{"loc":{"start":{"line":57,"column":9},"end":{"line":57,"column":102}},"type":"binary-expr","locations":[{"start":{"line":57,"column":9},"end":{"line":57,"column":20}},{"start":{"line":57,"column":24},"end":{"line":57,"column":102}}],"line":57},"2":{"loc":{"start":{"line":65,"column":41},"end":{"line":65,"column":79}},"type":"binary-expr","locations":[{"start":{"line":65,"column":41},"end":{"line":65,"column":66}},{"start":{"line":65,"column":70},"end":{"line":65,"column":79}}],"line":65},"3":{"loc":{"start":{"line":68,"column":13},"end":{"line":68,"column":57}},"type":"cond-expr","locations":[{"start":{"line":68,"column":27},"end":{"line":68,"column":46}},{"start":{"line":68,"column":49},"end":{"line":68,"column":57}}],"line":68},"4":{"loc":{"start":{"line":75,"column":7},"end":{"line":75,"column":70}},"type":"binary-expr","locations":[{"start":{"line":75,"column":7},"end":{"line":75,"column":16}},{"start":{"line":75,"column":20},"end":{"line":75,"column":70}}],"line":75}},"s":{"0":1,"1":15,"2":15,"3":15,"4":15,"5":15,"6":6,"7":15,"8":2,"9":2,"10":1,"11":1,"12":1,"13":1,"14":1,"15":1,"16":1,"17":1,"18":15,"19":2,"20":15,"21":2,"22":2,"23":15,"24":1,"25":15,"26":15},"f":{"0":15,"1":6,"2":2,"3":1,"4":1,"5":2,"6":2,"7":1},"b":{"0":[1,1],"1":[15,15],"2":[15,0],"3":[3,12],"4":[15,4]},"_coverageSchema":"1a1c01bbd47fc00a2c39e90264f33305004495a9","hash":"00ef6f1d22969e45a9398016b8c518beafeb21c6"}
,"/Users/filipandrzejczak/Desktop/Projekt_Main/Event-Planner/frontend/src/components/Navbar.jsx": {"path":"/Users/filipandrzejczak/Desktop/Projekt_Main/Event-Planner/frontend/src/components/Navbar.jsx","statementMap":{"0":{"start":{"line":6,"column":15},"end":{"line":78,"column":1}},"1":{"start":{"line":7,"column":34},"end":{"line":7,"column":49}},"2":{"start":{"line":8,"column":19},"end":{"line":8,"column":32}},"3":{"start":{"line":10,"column":23},"end":{"line":17,"column":3}},"4":{"start":{"line":11,"column":4},"end":{"line":11,"column":37}},"5":{"start":{"line":12,"column":4},"end":{"line":12,"column":38}},"6":{"start":{"line":13,"column":4},"end":{"line":13,"column":60}},"7":{"start":{"line":14,"column":4},"end":{"line":14,"column":23}},"8":{"start":{"line":15,"column":4},"end":{"line":15,"column":23}},"9":{"start":{"line":16,"column":4},"end":{"line":16,"column":29}},"10":{"start":{"line":19,"column":29},"end":{"line":27,"column":3}},"11":{"start":{"line":20,"column":19},"end":{"line":20,"column":49}},"12":{"start":{"line":21,"column":4},"end":{"line":26,"column":5}},"13":{"start":{"line":22,"column":6},"end":{"line":22,"column":37}},"14":{"start":{"line":23,"column":6},"end":{"line":23,"column":25}},"15":{"start":{"line":25,"column":6},"end":{"line":25,"column":50}},"16":{"start":{"line":29,"column":26},"end":{"line":31,"column":3}},"17":{"start":{"line":30,"column":4},"end":{"line":30,"column":23}},"18":{"start":{"line":33,"column":2},"end":{"line":77,"column":4}},"19":{"start":{"line":35,"column":48},"end":{"line":35,"column":70}}},"fnMap":{"0":{"name":"(anonymous_0)","decl":{"start":{"line":6,"column":15},"end":{"line":6,"column":16}},"loc":{"start":{"line":6,"column":49},"end":{"line":78,"column":1}},"line":6},"1":{"name":"(anonymous_1)","decl":{"start":{"line":10,"column":23},"end":{"line":10,"column":24}},"loc":{"start":{"line":10,"column":29},"end":{"line":17,"column":3}},"line":10},"2":{"name":"(anonymous_2)","decl":{"start":{"line":19,"column":29},"end":{"line":19,"column":30}},"loc":{"start":{"line":19,"column":35},"end":{"line":27,"column":3}},"line":19},"3":{"name":"(anonymous_3)","decl":{"start":{"line":29,"column":26},"end":{"line":29,"column":27}},"loc":{"start":{"line":29,"column":32},"end":{"line":31,"column":3}},"line":29},"4":{"name":"(anonymous_4)","decl":{"start":{"line":35,"column":42},"end":{"line":35,"column":43}},"loc":{"start":{"line":35,"column":48},"end":{"line":35,"column":70}},"line":35}},"branchMap":{"0":{"loc":{"start":{"line":21,"column":4},"end":{"line":26,"column":5}},"type":"if","locations":[{"start":{"line":21,"column":4},"end":{"line":26,"column":5}},{"start":{"line":24,"column":11},"end":{"line":26,"column":5}}],"line":21},"1":{"loc":{"start":{"line":34,"column":30},"end":{"line":34,"column":54}},"type":"cond-expr","locations":[{"start":{"line":34,"column":41},"end":{"line":34,"column":49}},{"start":{"line":34,"column":52},"end":{"line":34,"column":54}}],"line":34},"2":{"loc":{"start":{"line":50,"column":9},"end":{"line":74,"column":9}},"type":"cond-expr","locations":[{"start":{"line":51,"column":10},"end":{"line":64,"column":13}},{"start":{"line":66,"column":10},"end":{"line":73,"column":13}}],"line":50},"3":{"loc":{"start":{"line":55,"column":13},"end":{"line":63,"column":13}},"type":"binary-expr","locations":[{"start":{"line":55,"column":13},"end":{"line":55,"column":25}},{"start":{"line":56,"column":14},"end":{"line":62,"column":19}}],"line":55}},"s":{"0":1,"1":11,"2":11,"3":11,"4":1,"5":1,"6":1,"7":1,"8":1,"9":1,"10":11,"11":2,"12":2,"13":1,"14":1,"15":1,"16":11,"17":1,"18":11,"19":3},"f":{"0":11,"1":1,"2":2,"3":1,"4":3},"b":{"0":[1,1],"1":[2,9],"2":[4,7],"3":[4,3]},"_coverageSchema":"1a1c01bbd47fc00a2c39e90264f33305004495a9","hash":"e39cdb103495b53748d096a76e9f090b2acfe5f5"}
,"/Users/filipandrzejczak/Desktop/Projekt_Main/Event-Planner/frontend/src/pages/CreateEvent.jsx": {"path":"/Users/filipandrzejczak/Desktop/Projekt_Main/Event-Planner/frontend/src/pages/CreateEvent.jsx","statementMap":{"0":{"start":{"line":8,"column":20},"end":{"line":138,"column":1}},"1":{"start":{"line":9,"column":28},"end":{"line":9,"column":40}},"2":{"start":{"line":10,"column":40},"end":{"line":10,"column":52}},"3":{"start":{"line":11,"column":26},"end":{"line":11,"column":38}},"4":{"start":{"line":12,"column":34},"end":{"line":12,"column":46}},"5":{"start":{"line":13,"column":34},"end":{"line":13,"column":46}},"6":{"start":{"line":14,"column":28},"end":{"line":14,"column":42}},"7":{"start":{"line":15,"column":19},"end":{"line":15,"column":32}},"8":{"start":{"line":17,"column":28},"end":{"line":19,"column":3}},"9":{"start":{"line":18,"column":4},"end":{"line":18,"column":32}},"10":{"start":{"line":21,"column":23},"end":{"line":54,"column":3}},"11":{"start":{"line":22,"column":4},"end":{"line":22,"column":23}},"12":{"start":{"line":24,"column":4},"end":{"line":53,"column":5}},"13":{"start":{"line":25,"column":20},"end":{"line":25,"column":49}},"14":{"start":{"line":26,"column":6},"end":{"line":29,"column":7}},"15":{"start":{"line":27,"column":8},"end":{"line":27,"column":62}},"16":{"start":{"line":28,"column":8},"end":{"line":28,"column":15}},"17":{"start":{"line":31,"column":23},"end":{"line":31,"column":37}},"18":{"start":{"line":32,"column":6},"end":{"line":32,"column":38}},"19":{"start":{"line":33,"column":6},"end":{"line":33,"column":50}},"20":{"start":{"line":34,"column":6},"end":{"line":34,"column":36}},"21":{"start":{"line":35,"column":6},"end":{"line":35,"column":44}},"22":{"start":{"line":36,"column":6},"end":{"line":36,"column":44}},"23":{"start":{"line":37,"column":6},"end":{"line":39,"column":7}},"24":{"start":{"line":38,"column":8},"end":{"line":38,"column":40}},"25":{"start":{"line":41,"column":6},"end":{"line":46,"column":9}},"26":{"start":{"line":48,"column":6},"end":{"line":48,"column":51}},"27":{"start":{"line":49,"column":6},"end":{"line":49,"column":26}},"28":{"start":{"line":51,"column":6},"end":{"line":51,"column":50}},"29":{"start":{"line":52,"column":6},"end":{"line":52,"column":63}},"30":{"start":{"line":56,"column":2},"end":{"line":137,"column":4}},"31":{"start":{"line":67,"column":31},"end":{"line":67,"column":55}},"32":{"start":{"line":76,"column":31},"end":{"line":76,"column":61}},"33":{"start":{"line":87,"column":31},"end":{"line":87,"column":54}},"34":{"start":{"line":97,"column":31},"end":{"line":97,"column":58}},"35":{"start":{"line":107,"column":31},"end":{"line":107,"column":58}},"36":{"start":{"line":132,"column":54},"end":{"line":132,"column":73}}},"fnMap":{"0":{"name":"(anonymous_0)","decl":{"start":{"line":8,"column":20},"end":{"line":8,"column":21}},"loc":{"start":{"line":8,"column":26},"end":{"line":138,"column":1}},"line":8},"1":{"name":"(anonymous_1)","decl":{"start":{"line":17,"column":28},"end":{"line":17,"column":29}},"loc":{"start":{"line":17,"column":35},"end":{"line":19,"column":3}},"line":17},"2":{"name":"(anonymous_2)","decl":{"start":{"line":21,"column":23},"end":{"line":21,"column":24}},"loc":{"start":{"line":21,"column":36},"end":{"line":54,"column":3}},"line":21},"3":{"name":"(anonymous_3)","decl":{"start":{"line":67,"column":24},"end":{"line":67,"column":25}},"loc":{"start":{"line":67,"column":31},"end":{"line":67,"column":55}},"line":67},"4":{"name":"(anonymous_4)","decl":{"start":{"line":76,"column":24},"end":{"line":76,"column":25}},"loc":{"start":{"line":76,"column":31},"end":{"line":76,"column":61}},"line":76},"5":{"name":"(anonymous_5)","decl":{"start":{"line":87,"column":24},"end":{"line":87,"column":25}},"loc":{"start":{"line":87,"column":31},"end":{"line":87,"column":54}},"line":87},"6":{"name":"(anonymous_6)","decl":{"start":{"line":97,"column":24},"end":{"line":97,"column":25}},"loc":{"start":{"line":97,"column":31},"end":{"line":97,"column":58}},"line":97},"7":{"name":"(anonymous_7)","decl":{"start":{"line":107,"column":24},"end":{"line":107,"column":25}},"loc":{"start":{"line":107,"column":31},"end":{"line":107,"column":58}},"line":107},"8":{"name":"(anonymous_8)","decl":{"start":{"line":132,"column":48},"end":{"line":132,"column":49}},"loc":{"start":{"line":132,"column":54},"end":{"line":132,"column":73}},"line":132}},"branchMap":{"0":{"loc":{"start":{"line":26,"column":6},"end":{"line":29,"column":7}},"type":"if","locations":[{"start":{"line":26,"column":6},"end":{"line":29,"column":7}},{"start":{},"end":{}}],"line":26},"1":{"loc":{"start":{"line":37,"column":6},"end":{"line":39,"column":7}},"type":"if","locations":[{"start":{"line":37,"column":6},"end":{"line":39,"column":7}},{"start":{},"end":{}}],"line":37}},"s":{"0":1,"1":21,"2":21,"3":21,"4":21,"5":21,"6":21,"7":21,"8":21,"9":1,"10":21,"11":3,"12":3,"13":3,"14":3,"15":1,"16":1,"17":2,"18":2,"19":2,"20":2,"21":2,"22":2,"23":2,"24":1,"25":2,"26":1,"27":1,"28":1,"29":1,"30":21,"31":3,"32":3,"33":3,"34":3,"35":3,"36":1},"f":{"0":21,"1":1,"2":3,"3":3,"4":3,"5":3,"6":3,"7":3,"8":1},"b":{"0":[1,2],"1":[1,1]},"_coverageSchema":"1a1c01bbd47fc00a2c39e90264f33305004495a9","hash":"ca81af999a4ee93a66e7d2a0485da6369f95d581"}
,"/Users/filipandrzejczak/Desktop/Projekt_Main/Event-Planner/frontend/src/pages/Events.jsx": {"path":"/Users/filipandrzejczak/Desktop/Projekt_Main/Event-Planner/frontend/src/pages/Events.jsx","statementMap":{"0":{"start":{"line":8,"column":15},"end":{"line":197,"column":1}},"1":{"start":{"line":9,"column":36},"end":{"line":9,"column":48}},"2":{"start":{"line":10,"column":46},"end":{"line":10,"column":58}},"3":{"start":{"line":11,"column":50},"end":{"line":11,"column":62}},"4":{"start":{"line":12,"column":42},"end":{"line":12,"column":58}},"5":{"start":{"line":13,"column":36},"end":{"line":13,"column":51}},"6":{"start":{"line":14,"column":40},"end":{"line":14,"column":52}},"7":{"start":{"line":16,"column":22},"end":{"line":43,"column":3}},"8":{"start":{"line":17,"column":4},"end":{"line":42,"column":5}},"9":{"start":{"line":18,"column":20},"end":{"line":18,"column":49}},"10":{"start":{"line":19,"column":6},"end":{"line":22,"column":7}},"11":{"start":{"line":20,"column":8},"end":{"line":20,"column":43}},"12":{"start":{"line":21,"column":8},"end":{"line":21,"column":15}},"13":{"start":{"line":24,"column":23},"end":{"line":26,"column":8}},"14":{"start":{"line":27,"column":6},"end":{"line":27,"column":34}},"15":{"start":{"line":28,"column":6},"end":{"line":28,"column":39}},"16":{"start":{"line":31,"column":21},"end":{"line":31,"column":51}},"17":{"start":{"line":32,"column":6},"end":{"line":38,"column":7}},"18":{"start":{"line":33,"column":35},"end":{"line":36,"column":9}},"19":{"start":{"line":37,"column":8},"end":{"line":37,"column":53}},"20":{"start":{"line":40,"column":6},"end":{"line":40,"column":53}},"21":{"start":{"line":41,"column":6},"end":{"line":41,"column":45}},"22":{"start":{"line":45,"column":2},"end":{"line":47,"column":9}},"23":{"start":{"line":46,"column":4},"end":{"line":46,"column":18}},"24":{"start":{"line":49,"column":21},"end":{"line":68,"column":3}},"25":{"start":{"line":50,"column":4},"end":{"line":50,"column":30}},"26":{"start":{"line":51,"column":4},"end":{"line":51,"column":24}},"27":{"start":{"line":53,"column":25},"end":{"line":53,"column":44}},"28":{"start":{"line":54,"column":4},"end":{"line":66,"column":5}},"29":{"start":{"line":55,"column":6},"end":{"line":57,"column":8}},"30":{"start":{"line":56,"column":8},"end":{"line":56,"column":89}},"31":{"start":{"line":58,"column":11},"end":{"line":66,"column":5}},"32":{"start":{"line":59,"column":6},"end":{"line":61,"column":8}},"33":{"start":{"line":60,"column":8},"end":{"line":60,"column":99}},"34":{"start":{"line":62,"column":11},"end":{"line":66,"column":5}},"35":{"start":{"line":63,"column":6},"end":{"line":65,"column":8}},"36":{"start":{"line":64,"column":8},"end":{"line":64,"column":75}},"37":{"start":{"line":67,"column":4},"end":{"line":67,"column":36}},"38":{"start":{"line":70,"column":23},"end":{"line":78,"column":3}},"39":{"start":{"line":71,"column":18},"end":{"line":71,"column":46}},"40":{"start":{"line":72,"column":4},"end":{"line":72,"column":26}},"41":{"start":{"line":74,"column":21},"end":{"line":76,"column":5}},"42":{"start":{"line":75,"column":6},"end":{"line":75,"column":47}},"43":{"start":{"line":77,"column":4},"end":{"line":77,"column":32}},"44":{"start":{"line":80,"column":23},"end":{"line":115,"column":3}},"45":{"start":{"line":81,"column":4},"end":{"line":114,"column":5}},"46":{"start":{"line":82,"column":20},"end":{"line":82,"column":49}},"47":{"start":{"line":83,"column":21},"end":{"line":83,"column":51}},"48":{"start":{"line":84,"column":6},"end":{"line":87,"column":7}},"49":{"start":{"line":85,"column":8},"end":{"line":85,"column":62}},"50":{"start":{"line":86,"column":8},"end":{"line":86,"column":15}},"51":{"start":{"line":89,"column":23},"end":{"line":93,"column":7}},"52":{"start":{"line":95,"column":6},"end":{"line":95,"column":80}},"53":{"start":{"line":95,"column":43},"end":{"line":95,"column":77}},"54":{"start":{"line":96,"column":6},"end":{"line":102,"column":8}},"55":{"start":{"line":97,"column":8},"end":{"line":101,"column":9}},"56":{"start":{"line":98,"column":10},"end":{"line":100,"column":19}},"57":{"start":{"line":103,"column":6},"end":{"line":109,"column":8}},"58":{"start":{"line":104,"column":8},"end":{"line":108,"column":9}},"59":{"start":{"line":105,"column":10},"end":{"line":107,"column":19}},"60":{"start":{"line":110,"column":6},"end":{"line":110,"column":57}},"61":{"start":{"line":112,"column":6},"end":{"line":112,"column":56}},"62":{"start":{"line":113,"column":6},"end":{"line":113,"column":48}},"63":{"start":{"line":117,"column":29},"end":{"line":151,"column":3}},"64":{"start":{"line":118,"column":4},"end":{"line":150,"column":5}},"65":{"start":{"line":119,"column":20},"end":{"line":119,"column":49}},"66":{"start":{"line":120,"column":21},"end":{"line":120,"column":51}},"67":{"start":{"line":121,"column":6},"end":{"line":124,"column":7}},"68":{"start":{"line":122,"column":8},"end":{"line":122,"column":64}},"69":{"start":{"line":123,"column":8},"end":{"line":123,"column":15}},"70":{"start":{"line":126,"column":6},"end":{"line":129,"column":9}},"71":{"start":{"line":131,"column":6},"end":{"line":131,"column":81}},"72":{"start":{"line":131,"column":43},"end":{"line":131,"column":78}},"73":{"start":{"line":132,"column":6},"end":{"line":138,"column":8}},"74":{"start":{"line":133,"column":8},"end":{"line":137,"column":9}},"75":{"start":{"line":134,"column":10},"end":{"line":136,"column":19}},"76":{"start":{"line":139,"column":6},"end":{"line":145,"column":8}},"77":{"start":{"line":140,"column":8},"end":{"line":144,"column":9}},"78":{"start":{"line":141,"column":10},"end":{"line":143,"column":19}},"79":{"start":{"line":146,"column":6},"end":{"line":146,"column":60}},"80":{"start":{"line":148,"column":6},"end":{"line":148,"column":55}},"81":{"start":{"line":149,"column":6},"end":{"line":149,"column":50}},"82":{"start":{"line":153,"column":2},"end":{"line":196,"column":4}},"83":{"start":{"line":160,"column":29},"end":{"line":160,"column":66}},"84":{"start":{"line":169,"column":29},"end":{"line":169,"column":69}},"85":{"start":{"line":187,"column":8},"end":{"line":193,"column":10}}},"fnMap":{"0":{"name":"(anonymous_0)","decl":{"start":{"line":8,"column":15},"end":{"line":8,"column":16}},"loc":{"start":{"line":8,"column":31},"end":{"line":197,"column":1}},"line":8},"1":{"name":"(anonymous_1)","decl":{"start":{"line":16,"column":22},"end":{"line":16,"column":23}},"loc":{"start":{"line":16,"column":34},"end":{"line":43,"column":3}},"line":16},"2":{"name":"(anonymous_2)","decl":{"start":{"line":45,"column":12},"end":{"line":45,"column":13}},"loc":{"start":{"line":45,"column":18},"end":{"line":47,"column":3}},"line":45},"3":{"name":"(anonymous_3)","decl":{"start":{"line":49,"column":21},"end":{"line":49,"column":22}},"loc":{"start":{"line":49,"column":42},"end":{"line":68,"column":3}},"line":49},"4":{"name":"(anonymous_4)","decl":{"start":{"line":55,"column":24},"end":{"line":55,"column":25}},"loc":{"start":{"line":56,"column":8},"end":{"line":56,"column":89}},"line":56},"5":{"name":"(anonymous_5)","decl":{"start":{"line":59,"column":24},"end":{"line":59,"column":25}},"loc":{"start":{"line":60,"column":8},"end":{"line":60,"column":99}},"line":60},"6":{"name":"(anonymous_6)","decl":{"start":{"line":63,"column":24},"end":{"line":63,"column":25}},"loc":{"start":{"line":64,"column":8},"end":{"line":64,"column":75}},"line":64},"7":{"name":"(anonymous_7)","decl":{"start":{"line":70,"column":23},"end":{"line":70,"column":24}},"loc":{"start":{"line":70,"column":30},"end":{"line":78,"column":3}},"line":70},"8":{"name":"(anonymous_8)","decl":{"start":{"line":74,"column":38},"end":{"line":74,"column":39}},"loc":{"start":{"line":75,"column":6},"end":{"line":75,"column":47}},"line":75},"9":{"name":"(anonymous_9)","decl":{"start":{"line":80,"column":23},"end":{"line":80,"column":24}},"loc":{"start":{"line":80,"column":42},"end":{"line":115,"column":3}},"line":80},"10":{"name":"(anonymous_10)","decl":{"start":{"line":95,"column":26},"end":{"line":95,"column":27}},"loc":{"start":{"line":95,"column":43},"end":{"line":95,"column":77}},"line":95},"11":{"name":"(anonymous_11)","decl":{"start":{"line":96,"column":24},"end":{"line":96,"column":25}},"loc":{"start":{"line":97,"column":8},"end":{"line":101,"column":9}},"line":97},"12":{"name":"(anonymous_12)","decl":{"start":{"line":97,"column":23},"end":{"line":97,"column":24}},"loc":{"start":{"line":98,"column":10},"end":{"line":100,"column":19}},"line":98},"13":{"name":"(anonymous_13)","decl":{"start":{"line":103,"column":19},"end":{"line":103,"column":20}},"loc":{"start":{"line":104,"column":8},"end":{"line":108,"column":9}},"line":104},"14":{"name":"(anonymous_14)","decl":{"start":{"line":104,"column":23},"end":{"line":104,"column":24}},"loc":{"start":{"line":105,"column":10},"end":{"line":107,"column":19}},"line":105},"15":{"name":"(anonymous_15)","decl":{"start":{"line":117,"column":29},"end":{"line":117,"column":30}},"loc":{"start":{"line":117,"column":48},"end":{"line":151,"column":3}},"line":117},"16":{"name":"(anonymous_16)","decl":{"start":{"line":131,"column":26},"end":{"line":131,"column":27}},"loc":{"start":{"line":131,"column":43},"end":{"line":131,"column":78}},"line":131},"17":{"name":"(anonymous_17)","decl":{"start":{"line":132,"column":24},"end":{"line":132,"column":25}},"loc":{"start":{"line":133,"column":8},"end":{"line":137,"column":9}},"line":133},"18":{"name":"(anonymous_18)","decl":{"start":{"line":133,"column":23},"end":{"line":133,"column":24}},"loc":{"start":{"line":134,"column":10},"end":{"line":136,"column":19}},"line":134},"19":{"name":"(anonymous_19)","decl":{"start":{"line":139,"column":19},"end":{"line":139,"column":20}},"loc":{"start":{"line":140,"column":8},"end":{"line":144,"column":9}},"line":140},"20":{"name":"(anonymous_20)","decl":{"start":{"line":140,"column":23},"end":{"line":140,"column":24}},"loc":{"start":{"line":141,"column":10},"end":{"line":143,"column":19}},"line":141},"21":{"name":"(anonymous_21)","decl":{"start":{"line":160,"column":22},"end":{"line":160,"column":23}},"loc":{"start":{"line":160,"column":29},"end":{"line":160,"column":66}},"line":160},"22":{"name":"(anonymous_22)","decl":{"start":{"line":169,"column":22},"end":{"line":169,"column":23}},"loc":{"start":{"line":169,"column":29},"end":{"line":169,"column":69}},"line":169},"23":{"name":"(anonymous_23)","decl":{"start":{"line":186,"column":26},"end":{"line":186,"column":27}},"loc":{"start":{"line":187,"column":8},"end":{"line":193,"column":10}},"line":187}},"branchMap":{"0":{"loc":{"start":{"line":19,"column":6},"end":{"line":22,"column":7}},"type":"if","locations":[{"start":{"line":19,"column":6},"end":{"line":22,"column":7}},{"start":{},"end":{}}],"line":19},"1":{"loc":{"start":{"line":32,"column":6},"end":{"line":38,"column":7}},"type":"if","locations":[{"start":{"line":32,"column":6},"end":{"line":38,"column":7}},{"start":{},"end":{}}],"line":32},"2":{"loc":{"start":{"line":54,"column":4},"end":{"line":66,"column":5}},"type":"if","locations":[{"start":{"line":54,"column":4},"end":{"line":66,"column":5}},{"start":{"line":58,"column":11},"end":{"line":66,"column":5}}],"line":54},"3":{"loc":{"start":{"line":56,"column":8},"end":{"line":56,"column":89}},"type":"cond-expr","locations":[{"start":{"line":56,"column":26},"end":{"line":56,"column":56}},{"start":{"line":56,"column":59},"end":{"line":56,"column":89}}],"line":56},"4":{"loc":{"start":{"line":58,"column":11},"end":{"line":66,"column":5}},"type":"if","locations":[{"start":{"line":58,"column":11},"end":{"line":66,"column":5}},{"start":{"line":62,"column":11},"end":{"line":66,"column":5}}],"line":58},"5":{"loc":{"start":{"line":60,"column":8},"end":{"line":60,"column":99}},"type":"cond-expr","locations":[{"start":{"line":60,"column":26},"end":{"line":60,"column":61}},{"start":{"line":60,"column":64},"end":{"line":60,"column":99}}],"line":60},"6":{"loc":{"start":{"line":62,"column":11},"end":{"line":66,"column":5}},"type":"if","locations":[{"start":{"line":62,"column":11},"end":{"line":66,"column":5}},{"start":{},"end":{}}],"line":62},"7":{"loc":{"start":{"line":64,"column":8},"end":{"line":64,"column":75}},"type":"cond-expr","locations":[{"start":{"line":64,"column":26},"end":{"line":64,"column":49}},{"start":{"line":64,"column":52},"end":{"line":64,"column":75}}],"line":64},"8":{"loc":{"start":{"line":84,"column":6},"end":{"line":87,"column":7}},"type":"if","locations":[{"start":{"line":84,"column":6},"end":{"line":87,"column":7}},{"start":{},"end":{}}],"line":84},"9":{"loc":{"start":{"line":84,"column":10},"end":{"line":84,"column":27}},"type":"binary-expr","locations":[{"start":{"line":84,"column":10},"end":{"line":84,"column":16}},{"start":{"line":84,"column":20},"end":{"line":84,"column":27}}],"line":84},"10":{"loc":{"start":{"line":98,"column":10},"end":{"line":100,"column":19}},"type":"cond-expr","locations":[{"start":{"line":99,"column":14},"end":{"line":99,"column":77}},{"start":{"line":100,"column":14},"end":{"line":100,"column":19}}],"line":98},"11":{"loc":{"start":{"line":99,"column":44},"end":{"line":99,"column":70}},"type":"binary-expr","locations":[{"start":{"line":99,"column":44},"end":{"line":99,"column":65}},{"start":{"line":99,"column":69},"end":{"line":99,"column":70}}],"line":99},"12":{"loc":{"start":{"line":105,"column":10},"end":{"line":107,"column":19}},"type":"cond-expr","locations":[{"start":{"line":106,"column":14},"end":{"line":106,"column":77}},{"start":{"line":107,"column":14},"end":{"line":107,"column":19}}],"line":105},"13":{"loc":{"start":{"line":106,"column":44},"end":{"line":106,"column":70}},"type":"binary-expr","locations":[{"start":{"line":106,"column":44},"end":{"line":106,"column":65}},{"start":{"line":106,"column":69},"end":{"line":106,"column":70}}],"line":106},"14":{"loc":{"start":{"line":121,"column":6},"end":{"line":124,"column":7}},"type":"if","locations":[{"start":{"line":121,"column":6},"end":{"line":124,"column":7}},{"start":{},"end":{}}],"line":121},"15":{"loc":{"start":{"line":121,"column":10},"end":{"line":121,"column":27}},"type":"binary-expr","locations":[{"start":{"line":121,"column":10},"end":{"line":121,"column":16}},{"start":{"line":121,"column":20},"end":{"line":121,"column":27}}],"line":121},"16":{"loc":{"start":{"line":134,"column":10},"end":{"line":136,"column":19}},"type":"cond-expr","locations":[{"start":{"line":135,"column":14},"end":{"line":135,"column":90}},{"start":{"line":136,"column":14},"end":{"line":136,"column":19}}],"line":134},"17":{"loc":{"start":{"line":135,"column":53},"end":{"line":135,"column":79}},"type":"binary-expr","locations":[{"start":{"line":135,"column":53},"end":{"line":135,"column":74}},{"start":{"line":135,"column":78},"end":{"line":135,"column":79}}],"line":135},"18":{"loc":{"start":{"line":141,"column":10},"end":{"line":143,"column":19}},"type":"cond-expr","locations":[{"start":{"line":142,"column":14},"end":{"line":142,"column":90}},{"start":{"line":143,"column":14},"end":{"line":143,"column":19}}],"line":141},"19":{"loc":{"start":{"line":142,"column":53},"end":{"line":142,"column":79}},"type":"binary-expr","locations":[{"start":{"line":142,"column":53},"end":{"line":142,"column":74}},{"start":{"line":142,"column":78},"end":{"line":142,"column":79}}],"line":142}},"s":{"0":1,"1":32,"2":32,"3":32,"4":32,"5":32,"6":32,"7":32,"8":13,"9":13,"10":13,"11":1,"12":1,"13":12,"14":11,"15":11,"16":11,"17":11,"18":11,"19":11,"20":1,"21":1,"22":32,"23":13,"24":32,"25":5,"26":5,"27":5,"28":5,"29":1,"30":2,"31":4,"32":2,"33":6,"34":2,"35":2,"36":6,"37":5,"38":32,"39":1,"40":1,"41":1,"42":3,"43":1,"44":32,"45":3,"46":3,"47":3,"48":3,"49":1,"50":1,"51":2,"52":1,"53":1,"54":1,"55":1,"56":3,"57":1,"58":1,"59":3,"60":1,"61":1,"62":1,"63":32,"64":3,"65":3,"66":3,"67":3,"68":1,"69":1,"70":2,"71":1,"72":1,"73":1,"74":1,"75":3,"76":1,"77":1,"78":3,"79":1,"80":1,"81":1,"82":32,"83":2,"84":3,"85":55},"f":{"0":32,"1":13,"2":13,"3":5,"4":2,"5":6,"6":6,"7":1,"8":3,"9":3,"10":1,"11":1,"12":3,"13":1,"14":3,"15":3,"16":1,"17":1,"18":3,"19":1,"20":3,"21":2,"22":3,"23":55},"b":{"0":[1,12],"1":[11,0],"2":[1,4],"3":[0,2],"4":[2,2],"5":[4,2],"6":[2,0],"7":[4,2],"8":[1,2],"9":[3,2],"10":[1,2],"11":[1,0],"12":[1,2],"13":[1,0],"14":[1,2],"15":[3,2],"16":[1,2],"17":[1,0],"18":[1,2],"19":[1,0]},"_coverageSchema":"1a1c01bbd47fc00a2c39e90264f33305004495a9","hash":"a603f6005695e939495e204512084a0b5b9f92d5"}
,"/Users/filipandrzejczak/Desktop/Projekt_Main/Event-Planner/frontend/src/pages/Home.jsx": {"path":"/Users/filipandrzejczak/Desktop/Projekt_Main/Event-Planner/frontend/src/pages/Home.jsx","statementMap":{"0":{"start":{"line":8,"column":13},"end":{"line":181,"column":1}},"1":{"start":{"line":9,"column":42},"end":{"line":9,"column":54}},"2":{"start":{"line":10,"column":36},"end":{"line":10,"column":48}},"3":{"start":{"line":11,"column":26},"end":{"line":15,"column":4}},"4":{"start":{"line":16,"column":32},"end":{"line":16,"column":46}},"5":{"start":{"line":17,"column":26},"end":{"line":17,"column":44}},"6":{"start":{"line":18,"column":19},"end":{"line":18,"column":32}},"7":{"start":{"line":19,"column":38},"end":{"line":19,"column":50}},"8":{"start":{"line":21,"column":2},"end":{"line":54,"column":13}},"9":{"start":{"line":22,"column":30},"end":{"line":30,"column":5}},"10":{"start":{"line":23,"column":6},"end":{"line":29,"column":7}},"11":{"start":{"line":24,"column":25},"end":{"line":24,"column":76}},"12":{"start":{"line":25,"column":29},"end":{"line":25,"column":94}},"13":{"start":{"line":25,"column":58},"end":{"line":25,"column":93}},"14":{"start":{"line":26,"column":8},"end":{"line":26,"column":50}},"15":{"start":{"line":28,"column":8},"end":{"line":28,"column":60}},"16":{"start":{"line":32,"column":34},"end":{"line":37,"column":5}},"17":{"start":{"line":33,"column":6},"end":{"line":35,"column":7}},"18":{"start":{"line":34,"column":8},"end":{"line":34,"column":55}},"19":{"start":{"line":36,"column":6},"end":{"line":36,"column":32}},"20":{"start":{"line":39,"column":25},"end":{"line":50,"column":5}},"21":{"start":{"line":40,"column":6},"end":{"line":49,"column":7}},"22":{"start":{"line":41,"column":23},"end":{"line":41,"column":57}},"23":{"start":{"line":42,"column":25},"end":{"line":44,"column":9}},"24":{"start":{"line":45,"column":8},"end":{"line":45,"column":40}},"25":{"start":{"line":47,"column":8},"end":{"line":47,"column":59}},"26":{"start":{"line":48,"column":8},"end":{"line":48,"column":25}},"27":{"start":{"line":52,"column":4},"end":{"line":52,"column":24}},"28":{"start":{"line":53,"column":4},"end":{"line":53,"column":19}},"29":{"start":{"line":56,"column":23},"end":{"line":62,"column":3}},"30":{"start":{"line":57,"column":4},"end":{"line":57,"column":23}},"31":{"start":{"line":58,"column":4},"end":{"line":61,"column":5}},"32":{"start":{"line":59,"column":6},"end":{"line":59,"column":33}},"33":{"start":{"line":60,"column":6},"end":{"line":60,"column":24}},"34":{"start":{"line":64,"column":25},"end":{"line":94,"column":3}},"35":{"start":{"line":65,"column":18},"end":{"line":65,"column":47}},"36":{"start":{"line":66,"column":19},"end":{"line":66,"column":49}},"37":{"start":{"line":68,"column":4},"end":{"line":71,"column":5}},"38":{"start":{"line":69,"column":6},"end":{"line":69,"column":59}},"39":{"start":{"line":70,"column":6},"end":{"line":70,"column":13}},"40":{"start":{"line":73,"column":4},"end":{"line":93,"column":5}},"41":{"start":{"line":74,"column":23},"end":{"line":78,"column":7}},"42":{"start":{"line":80,"column":25},"end":{"line":80,"column":52}},"43":{"start":{"line":81,"column":6},"end":{"line":83,"column":8}},"44":{"start":{"line":82,"column":8},"end":{"line":82,"column":77}},"45":{"start":{"line":82,"column":41},"end":{"line":82,"column":55}},"46":{"start":{"line":85,"column":6},"end":{"line":89,"column":7}},"47":{"start":{"line":86,"column":8},"end":{"line":86,"column":52}},"48":{"start":{"line":88,"column":8},"end":{"line":88,"column":51}},"49":{"start":{"line":91,"column":6},"end":{"line":91,"column":53}},"50":{"start":{"line":92,"column":6},"end":{"line":92,"column":73}},"51":{"start":{"line":96,"column":27},"end":{"line":98,"column":3}},"52":{"start":{"line":97,"column":4},"end":{"line":97,"column":35}},"53":{"start":{"line":100,"column":2},"end":{"line":180,"column":4}},"54":{"start":{"line":110,"column":12},"end":{"line":131,"column":18}},"55":{"start":{"line":113,"column":29},"end":{"line":113,"column":55}},"56":{"start":{"line":125,"column":18},"end":{"line":125,"column":38}},"57":{"start":{"line":126,"column":18},"end":{"line":126,"column":43}},"58":{"start":{"line":139,"column":16},"end":{"line":142,"column":21}},"59":{"start":{"line":153,"column":33},"end":{"line":153,"column":62}},"60":{"start":{"line":164,"column":20},"end":{"line":164,"column":79}},"61":{"start":{"line":165,"column":20},"end":{"line":165,"column":38}}},"fnMap":{"0":{"name":"(anonymous_0)","decl":{"start":{"line":8,"column":13},"end":{"line":8,"column":14}},"loc":{"start":{"line":8,"column":19},"end":{"line":181,"column":1}},"line":8},"1":{"name":"(anonymous_1)","decl":{"start":{"line":21,"column":12},"end":{"line":21,"column":13}},"loc":{"start":{"line":21,"column":18},"end":{"line":54,"column":3}},"line":21},"2":{"name":"(anonymous_2)","decl":{"start":{"line":22,"column":30},"end":{"line":22,"column":31}},"loc":{"start":{"line":22,"column":42},"end":{"line":30,"column":5}},"line":22},"3":{"name":"(anonymous_3)","decl":{"start":{"line":25,"column":48},"end":{"line":25,"column":49}},"loc":{"start":{"line":25,"column":58},"end":{"line":25,"column":93}},"line":25},"4":{"name":"(anonymous_4)","decl":{"start":{"line":32,"column":34},"end":{"line":32,"column":35}},"loc":{"start":{"line":32,"column":48},"end":{"line":37,"column":5}},"line":32},"5":{"name":"(anonymous_5)","decl":{"start":{"line":39,"column":25},"end":{"line":39,"column":26}},"loc":{"start":{"line":39,"column":37},"end":{"line":50,"column":5}},"line":39},"6":{"name":"(anonymous_6)","decl":{"start":{"line":56,"column":23},"end":{"line":56,"column":24}},"loc":{"start":{"line":56,"column":30},"end":{"line":62,"column":3}},"line":56},"7":{"name":"(anonymous_7)","decl":{"start":{"line":64,"column":25},"end":{"line":64,"column":26}},"loc":{"start":{"line":64,"column":44},"end":{"line":94,"column":3}},"line":64},"8":{"name":"(anonymous_8)","decl":{"start":{"line":81,"column":19},"end":{"line":81,"column":20}},"loc":{"start":{"line":82,"column":8},"end":{"line":82,"column":77}},"line":82},"9":{"name":"(anonymous_9)","decl":{"start":{"line":82,"column":33},"end":{"line":82,"column":34}},"loc":{"start":{"line":82,"column":41},"end":{"line":82,"column":55}},"line":82},"10":{"name":"(anonymous_10)","decl":{"start":{"line":96,"column":27},"end":{"line":96,"column":28}},"loc":{"start":{"line":96,"column":40},"end":{"line":98,"column":3}},"line":96},"11":{"name":"(anonymous_11)","decl":{"start":{"line":109,"column":28},"end":{"line":109,"column":29}},"loc":{"start":{"line":110,"column":12},"end":{"line":131,"column":18}},"line":110},"12":{"name":"(anonymous_12)","decl":{"start":{"line":113,"column":23},"end":{"line":113,"column":24}},"loc":{"start":{"line":113,"column":29},"end":{"line":113,"column":55}},"line":113},"13":{"name":"(anonymous_13)","decl":{"start":{"line":124,"column":25},"end":{"line":124,"column":26}},"loc":{"start":{"line":124,"column":32},"end":{"line":127,"column":17}},"line":124},"14":{"name":"(anonymous_14)","decl":{"start":{"line":138,"column":24},"end":{"line":138,"column":25}},"loc":{"start":{"line":139,"column":16},"end":{"line":142,"column":21}},"line":139},"15":{"name":"(anonymous_15)","decl":{"start":{"line":153,"column":26},"end":{"line":153,"column":27}},"loc":{"start":{"line":153,"column":33},"end":{"line":153,"column":62}},"line":153},"16":{"name":"(anonymous_16)","decl":{"start":{"line":163,"column":27},"end":{"line":163,"column":28}},"loc":{"start":{"line":163,"column":34},"end":{"line":166,"column":19}},"line":163}},"branchMap":{"0":{"loc":{"start":{"line":33,"column":6},"end":{"line":35,"column":7}},"type":"if","locations":[{"start":{"line":33,"column":6},"end":{"line":35,"column":7}},{"start":{},"end":{}}],"line":33},"1":{"loc":{"start":{"line":58,"column":4},"end":{"line":61,"column":5}},"type":"if","locations":[{"start":{"line":58,"column":4},"end":{"line":61,"column":5}},{"start":{},"end":{}}],"line":58},"2":{"loc":{"start":{"line":68,"column":4},"end":{"line":71,"column":5}},"type":"if","locations":[{"start":{"line":68,"column":4},"end":{"line":71,"column":5}},{"start":{},"end":{}}],"line":68},"3":{"loc":{"start":{"line":68,"column":8},"end":{"line":68,"column":25}},"type":"binary-expr","locations":[{"start":{"line":68,"column":8},"end":{"line":68,"column":14}},{"start":{"line":68,"column":18},"end":{"line":68,"column":25}}],"line":68},"4":{"loc":{"start":{"line":82,"column":8},"end":{"line":82,"column":77}},"type":"cond-expr","locations":[{"start":{"line":82,"column":21},"end":{"line":82,"column":56}},{"start":{"line":82,"column":59},"end":{"line":82,"column":77}}],"line":82},"5":{"loc":{"start":{"line":85,"column":6},"end":{"line":89,"column":7}},"type":"if","locations":[{"start":{"line":85,"column":6},"end":{"line":89,"column":7}},{"start":{"line":87,"column":13},"end":{"line":89,"column":7}}],"line":85},"6":{"loc":{"start":{"line":123,"column":40},"end":{"line":123,"column":86}},"type":"cond-expr","locations":[{"start":{"line":123,"column":71},"end":{"line":123,"column":81}},{"start":{"line":123,"column":84},"end":{"line":123,"column":86}}],"line":123},"7":{"loc":{"start":{"line":157,"column":13},"end":{"line":175,"column":13}},"type":"cond-expr","locations":[{"start":{"line":158,"column":14},"end":{"line":172,"column":20}},{"start":{"line":174,"column":14},"end":{"line":174,"column":44}}],"line":157}},"s":{"0":1,"1":18,"2":18,"3":18,"4":18,"5":18,"6":18,"7":18,"8":18,"9":8,"10":8,"11":8,"12":7,"13":14,"14":7,"15":1,"16":8,"17":7,"18":0,"19":7,"20":8,"21":8,"22":8,"23":8,"24":7,"25":1,"26":1,"27":8,"28":8,"29":18,"30":1,"31":1,"32":1,"33":1,"34":18,"35":2,"36":2,"37":2,"38":1,"39":1,"40":1,"41":1,"42":1,"43":1,"44":1,"45":0,"46":1,"47":0,"48":1,"49":0,"50":0,"51":18,"52":1,"53":18,"54":30,"55":1,"56":2,"57":2,"58":54,"59":1,"60":0,"61":0},"f":{"0":18,"1":8,"2":8,"3":14,"4":7,"5":8,"6":1,"7":2,"8":1,"9":0,"10":1,"11":30,"12":1,"13":2,"14":54,"15":1,"16":0},"b":{"0":[0,7],"1":[1,0],"2":[1,1],"3":[2,1],"4":[0,1],"5":[0,1],"6":[1,29],"7":[10,8]},"_coverageSchema":"1a1c01bbd47fc00a2c39e90264f33305004495a9","hash":"92d19e34340073eaa5f89a47df67c58347028e78"}
,"/Users/filipandrzejczak/Desktop/Projekt_Main/Event-Planner/frontend/src/pages/Login.jsx": {"path":"/Users/filipandrzejczak/Desktop/Projekt_Main/Event-Planner/frontend/src/pages/Login.jsx","statementMap":{"0":{"start":{"line":8,"column":14},"end":{"line":80,"column":1}},"1":{"start":{"line":9,"column":28},"end":{"line":9,"column":40}},"2":{"start":{"line":10,"column":34},"end":{"line":10,"column":46}},"3":{"start":{"line":11,"column":38},"end":{"line":11,"column":52}},"4":{"start":{"line":12,"column":42},"end":{"line":12,"column":54}},"5":{"start":{"line":13,"column":19},"end":{"line":13,"column":32}},"6":{"start":{"line":15,"column":28},"end":{"line":27,"column":3}},"7":{"start":{"line":16,"column":18},"end":{"line":16,"column":32}},"8":{"start":{"line":17,"column":4},"end":{"line":17,"column":20}},"9":{"start":{"line":19,"column":23},"end":{"line":19,"column":51}},"10":{"start":{"line":20,"column":4},"end":{"line":26,"column":5}},"11":{"start":{"line":21,"column":6},"end":{"line":21,"column":26}},"12":{"start":{"line":22,"column":6},"end":{"line":22,"column":26}},"13":{"start":{"line":24,"column":6},"end":{"line":24,"column":27}},"14":{"start":{"line":25,"column":6},"end":{"line":25,"column":46}},"15":{"start":{"line":29,"column":23},"end":{"line":50,"column":1}},"16":{"start":{"line":30,"column":4},"end":{"line":30,"column":23}},"17":{"start":{"line":31,"column":4},"end":{"line":34,"column":5}},"18":{"start":{"line":32,"column":8},"end":{"line":32,"column":64}},"19":{"start":{"line":33,"column":8},"end":{"line":33,"column":15}},"20":{"start":{"line":35,"column":4},"end":{"line":49,"column":5}},"21":{"start":{"line":36,"column":25},"end":{"line":36,"column":103}},"22":{"start":{"line":37,"column":8},"end":{"line":37,"column":59}},"23":{"start":{"line":38,"column":8},"end":{"line":38,"column":61}},"24":{"start":{"line":40,"column":28},"end":{"line":40,"column":102}},"25":{"start":{"line":41,"column":8},"end":{"line":41,"column":93}},"26":{"start":{"line":43,"column":8},"end":{"line":43,"column":49}},"27":{"start":{"line":44,"column":8},"end":{"line":44,"column":18}},"28":{"start":{"line":45,"column":8},"end":{"line":45,"column":22}},"29":{"start":{"line":47,"column":8},"end":{"line":47,"column":43}},"30":{"start":{"line":48,"column":8},"end":{"line":48,"column":61}},"31":{"start":{"line":52,"column":2},"end":{"line":79,"column":4}},"32":{"start":{"line":73,"column":27},"end":{"line":73,"column":54}}},"fnMap":{"0":{"name":"(anonymous_0)","decl":{"start":{"line":8,"column":14},"end":{"line":8,"column":15}},"loc":{"start":{"line":8,"column":31},"end":{"line":80,"column":1}},"line":8},"1":{"name":"(anonymous_1)","decl":{"start":{"line":15,"column":28},"end":{"line":15,"column":29}},"loc":{"start":{"line":15,"column":35},"end":{"line":27,"column":3}},"line":15},"2":{"name":"(anonymous_2)","decl":{"start":{"line":29,"column":23},"end":{"line":29,"column":24}},"loc":{"start":{"line":29,"column":36},"end":{"line":50,"column":1}},"line":29},"3":{"name":"(anonymous_3)","decl":{"start":{"line":73,"column":20},"end":{"line":73,"column":21}},"loc":{"start":{"line":73,"column":27},"end":{"line":73,"column":54}},"line":73}},"branchMap":{"0":{"loc":{"start":{"line":20,"column":4},"end":{"line":26,"column":5}},"type":"if","locations":[{"start":{"line":20,"column":4},"end":{"line":26,"column":5}},{"start":{"line":23,"column":11},"end":{"line":26,"column":5}}],"line":20},"1":{"loc":{"start":{"line":31,"column":4},"end":{"line":34,"column":5}},"type":"if","locations":[{"start":{"line":31,"column":4},"end":{"line":34,"column":5}},{"start":{},"end":{}}],"line":31},"2":{"loc":{"start":{"line":41,"column":45},"end":{"line":41,"column":91}},"type":"binary-expr","locations":[{"start":{"line":41,"column":45},"end":{"line":41,"column":67}},{"start":{"line":41,"column":71},"end":{"line":41,"column":91}}],"line":41},"3":{"loc":{"start":{"line":62,"column":21},"end":{"line":62,"column":49}},"type":"cond-expr","locations":[{"start":{"line":62,"column":35},"end":{"line":62,"column":44}},{"start":{"line":62,"column":47},"end":{"line":62,"column":49}}],"line":62},"4":{"loc":{"start":{"line":65,"column":9},"end":{"line":65,"column":71}},"type":"binary-expr","locations":[{"start":{"line":65,"column":9},"end":{"line":65,"column":20}},{"start":{"line":65,"column":24},"end":{"line":65,"column":71}}],"line":65}},"s":{"0":1,"1":13,"2":13,"3":13,"4":13,"5":13,"6":13,"7":5,"8":5,"9":5,"10":5,"11":3,"12":3,"13":2,"14":2,"15":13,"16":2,"17":2,"18":0,"19":0,"20":2,"21":2,"22":1,"23":1,"24":1,"25":1,"26":1,"27":1,"28":1,"29":1,"30":1,"31":13,"32":3},"f":{"0":13,"1":5,"2":2,"3":3},"b":{"0":[3,2],"1":[0,2],"2":[1,0],"3":[3,10],"4":[13,3]},"_coverageSchema":"1a1c01bbd47fc00a2c39e90264f33305004495a9","hash":"128913437ca2b68334bd8c1827ee62dc128e302d"}
,"/Users/filipandrzejczak/Desktop/Projekt_Main/Event-Planner/frontend/src/pages/Profile.jsx": {"path":"/Users/filipandrzejczak/Desktop/Projekt_Main/Event-Planner/frontend/src/pages/Profile.jsx","statementMap":{"0":{"start":{"line":9,"column":16},"end":{"line":319,"column":1}},"1":{"start":{"line":10,"column":21},"end":{"line":10,"column":32}},"2":{"start":{"line":11,"column":25},"end":{"line":11,"column":55}},"3":{"start":{"line":12,"column":34},"end":{"line":12,"column":48}},"4":{"start":{"line":13,"column":58},"end":{"line":13,"column":70}},"5":{"start":{"line":14,"column":44},"end":{"line":14,"column":56}},"6":{"start":{"line":15,"column":46},"end":{"line":15,"column":58}},"7":{"start":{"line":16,"column":40},"end":{"line":16,"column":52}},"8":{"start":{"line":17,"column":58},"end":{"line":17,"column":73}},"9":{"start":{"line":18,"column":52},"end":{"line":18,"column":67}},"10":{"start":{"line":19,"column":54},"end":{"line":19,"column":69}},"11":{"start":{"line":20,"column":44},"end":{"line":20,"column":55}},"12":{"start":{"line":21,"column":38},"end":{"line":21,"column":49}},"13":{"start":{"line":22,"column":42},"end":{"line":22,"column":53}},"14":{"start":{"line":23,"column":19},"end":{"line":23,"column":32}},"15":{"start":{"line":25,"column":2},"end":{"line":65,"column":15}},"16":{"start":{"line":26,"column":29},"end":{"line":62,"column":5}},"17":{"start":{"line":27,"column":6},"end":{"line":61,"column":7}},"18":{"start":{"line":28,"column":22},"end":{"line":28,"column":51}},"19":{"start":{"line":29,"column":29},"end":{"line":31,"column":10}},"20":{"start":{"line":33,"column":8},"end":{"line":38,"column":9}},"21":{"start":{"line":34,"column":10},"end":{"line":34,"column":41}},"22":{"start":{"line":35,"column":10},"end":{"line":35,"column":62}},"23":{"start":{"line":37,"column":10},"end":{"line":37,"column":48}},"24":{"start":{"line":40,"column":31},"end":{"line":40,"column":106}},"25":{"start":{"line":41,"column":8},"end":{"line":41,"column":66}},"26":{"start":{"line":43,"column":38},"end":{"line":43,"column":110}},"27":{"start":{"line":44,"column":8},"end":{"line":44,"column":59}},"28":{"start":{"line":46,"column":39},"end":{"line":48,"column":10}},"29":{"start":{"line":50,"column":8},"end":{"line":54,"column":9}},"30":{"start":{"line":51,"column":10},"end":{"line":51,"column":57}},"31":{"start":{"line":53,"column":10},"end":{"line":53,"column":32}},"32":{"start":{"line":56,"column":37},"end":{"line":56,"column":112}},"33":{"start":{"line":57,"column":8},"end":{"line":57,"column":63}},"34":{"start":{"line":59,"column":8},"end":{"line":59,"column":59}},"35":{"start":{"line":60,"column":8},"end":{"line":60,"column":52}},"36":{"start":{"line":64,"column":4},"end":{"line":64,"column":23}},"37":{"start":{"line":67,"column":29},"end":{"line":87,"column":3}},"38":{"start":{"line":68,"column":4},"end":{"line":86,"column":5}},"39":{"start":{"line":69,"column":20},"end":{"line":69,"column":49}},"40":{"start":{"line":70,"column":6},"end":{"line":73,"column":7}},"41":{"start":{"line":71,"column":8},"end":{"line":71,"column":51}},"42":{"start":{"line":72,"column":8},"end":{"line":72,"column":15}},"43":{"start":{"line":75,"column":6},"end":{"line":79,"column":8}},"44":{"start":{"line":81,"column":6},"end":{"line":81,"column":31}},"45":{"start":{"line":82,"column":6},"end":{"line":82,"column":54}},"46":{"start":{"line":84,"column":6},"end":{"line":84,"column":53}},"47":{"start":{"line":85,"column":6},"end":{"line":85,"column":64}},"48":{"start":{"line":89,"column":34},"end":{"line":115,"column":3}},"49":{"start":{"line":90,"column":4},"end":{"line":114,"column":5}},"50":{"start":{"line":91,"column":20},"end":{"line":91,"column":49}},"51":{"start":{"line":93,"column":6},"end":{"line":96,"column":7}},"52":{"start":{"line":94,"column":8},"end":{"line":94,"column":70}},"53":{"start":{"line":95,"column":8},"end":{"line":95,"column":15}},"54":{"start":{"line":98,"column":6},"end":{"line":102,"column":8}},"55":{"start":{"line":104,"column":6},"end":{"line":107,"column":10}},"56":{"start":{"line":104,"column":27},"end":{"line":107,"column":7}},"57":{"start":{"line":109,"column":6},"end":{"line":109,"column":57}},"58":{"start":{"line":110,"column":6},"end":{"line":110,"column":37}},"59":{"start":{"line":112,"column":6},"end":{"line":112,"column":56}},"60":{"start":{"line":113,"column":6},"end":{"line":113,"column":69}},"61":{"start":{"line":117,"column":28},"end":{"line":122,"column":3}},"62":{"start":{"line":118,"column":4},"end":{"line":121,"column":8}},"63":{"start":{"line":118,"column":44},"end":{"line":121,"column":5}},"64":{"start":{"line":124,"column":27},"end":{"line":126,"column":3}},"65":{"start":{"line":125,"column":4},"end":{"line":125,"column":35}},"66":{"start":{"line":128,"column":2},"end":{"line":318,"column":4}},"67":{"start":{"line":159,"column":39},"end":{"line":159,"column":69}},"68":{"start":{"line":173,"column":26},"end":{"line":173,"column":57}},"69":{"start":{"line":174,"column":26},"end":{"line":174,"column":69}},"70":{"start":{"line":187,"column":24},"end":{"line":187,"column":54}},"71":{"start":{"line":188,"column":24},"end":{"line":188,"column":67}},"72":{"start":{"line":222,"column":25},"end":{"line":222,"column":65}},"73":{"start":{"line":229,"column":12},"end":{"line":262,"column":18}},"74":{"start":{"line":232,"column":29},"end":{"line":232,"column":55}},"75":{"start":{"line":246,"column":24},"end":{"line":246,"column":44}},"76":{"start":{"line":247,"column":24},"end":{"line":247,"column":52}},"77":{"start":{"line":271,"column":25},"end":{"line":271,"column":67}},"78":{"start":{"line":278,"column":12},"end":{"line":311,"column":18}},"79":{"start":{"line":281,"column":29},"end":{"line":281,"column":55}},"80":{"start":{"line":295,"column":24},"end":{"line":295,"column":44}},"81":{"start":{"line":296,"column":24},"end":{"line":296,"column":52}}},"fnMap":{"0":{"name":"(anonymous_0)","decl":{"start":{"line":9,"column":16},"end":{"line":9,"column":17}},"loc":{"start":{"line":9,"column":22},"end":{"line":319,"column":1}},"line":9},"1":{"name":"(anonymous_1)","decl":{"start":{"line":25,"column":12},"end":{"line":25,"column":13}},"loc":{"start":{"line":25,"column":18},"end":{"line":65,"column":3}},"line":25},"2":{"name":"(anonymous_2)","decl":{"start":{"line":26,"column":29},"end":{"line":26,"column":30}},"loc":{"start":{"line":26,"column":41},"end":{"line":62,"column":5}},"line":26},"3":{"name":"(anonymous_3)","decl":{"start":{"line":67,"column":29},"end":{"line":67,"column":30}},"loc":{"start":{"line":67,"column":50},"end":{"line":87,"column":3}},"line":67},"4":{"name":"(anonymous_4)","decl":{"start":{"line":89,"column":34},"end":{"line":89,"column":35}},"loc":{"start":{"line":89,"column":46},"end":{"line":115,"column":3}},"line":89},"5":{"name":"(anonymous_5)","decl":{"start":{"line":104,"column":18},"end":{"line":104,"column":19}},"loc":{"start":{"line":104,"column":27},"end":{"line":107,"column":7}},"line":104},"6":{"name":"(anonymous_6)","decl":{"start":{"line":117,"column":28},"end":{"line":117,"column":29}},"loc":{"start":{"line":117,"column":41},"end":{"line":122,"column":3}},"line":117},"7":{"name":"(anonymous_7)","decl":{"start":{"line":118,"column":28},"end":{"line":118,"column":29}},"loc":{"start":{"line":118,"column":44},"end":{"line":121,"column":5}},"line":118},"8":{"name":"(anonymous_8)","decl":{"start":{"line":124,"column":27},"end":{"line":124,"column":28}},"loc":{"start":{"line":124,"column":40},"end":{"line":126,"column":3}},"line":124},"9":{"name":"(anonymous_9)","decl":{"start":{"line":159,"column":32},"end":{"line":159,"column":33}},"loc":{"start":{"line":159,"column":39},"end":{"line":159,"column":69}},"line":159},"10":{"name":"(anonymous_10)","decl":{"start":{"line":172,"column":33},"end":{"line":172,"column":34}},"loc":{"start":{"line":172,"column":39},"end":{"line":175,"column":25}},"line":172},"11":{"name":"(anonymous_11)","decl":{"start":{"line":186,"column":31},"end":{"line":186,"column":32}},"loc":{"start":{"line":186,"column":37},"end":{"line":189,"column":23}},"line":186},"12":{"name":"(anonymous_12)","decl":{"start":{"line":222,"column":19},"end":{"line":222,"column":20}},"loc":{"start":{"line":222,"column":25},"end":{"line":222,"column":65}},"line":222},"13":{"name":"(anonymous_13)","decl":{"start":{"line":228,"column":28},"end":{"line":228,"column":29}},"loc":{"start":{"line":229,"column":12},"end":{"line":262,"column":18}},"line":229},"14":{"name":"(anonymous_14)","decl":{"start":{"line":232,"column":23},"end":{"line":232,"column":24}},"loc":{"start":{"line":232,"column":29},"end":{"line":232,"column":55}},"line":232},"15":{"name":"(anonymous_15)","decl":{"start":{"line":245,"column":31},"end":{"line":245,"column":32}},"loc":{"start":{"line":245,"column":38},"end":{"line":248,"column":23}},"line":245},"16":{"name":"(anonymous_16)","decl":{"start":{"line":271,"column":19},"end":{"line":271,"column":20}},"loc":{"start":{"line":271,"column":25},"end":{"line":271,"column":67}},"line":271},"17":{"name":"(anonymous_17)","decl":{"start":{"line":277,"column":29},"end":{"line":277,"column":30}},"loc":{"start":{"line":278,"column":12},"end":{"line":311,"column":18}},"line":278},"18":{"name":"(anonymous_18)","decl":{"start":{"line":281,"column":23},"end":{"line":281,"column":24}},"loc":{"start":{"line":281,"column":29},"end":{"line":281,"column":55}},"line":281},"19":{"name":"(anonymous_19)","decl":{"start":{"line":294,"column":31},"end":{"line":294,"column":32}},"loc":{"start":{"line":294,"column":38},"end":{"line":297,"column":23}},"line":294}},"branchMap":{"0":{"loc":{"start":{"line":33,"column":8},"end":{"line":38,"column":9}},"type":"if","locations":[{"start":{"line":33,"column":8},"end":{"line":38,"column":9}},{"start":{"line":36,"column":15},"end":{"line":38,"column":9}}],"line":33},"1":{"loc":{"start":{"line":35,"column":25},"end":{"line":35,"column":60}},"type":"binary-expr","locations":[{"start":{"line":35,"column":25},"end":{"line":35,"column":54}},{"start":{"line":35,"column":58},"end":{"line":35,"column":60}}],"line":35},"2":{"loc":{"start":{"line":41,"column":25},"end":{"line":41,"column":64}},"type":"binary-expr","locations":[{"start":{"line":41,"column":25},"end":{"line":41,"column":59}},{"start":{"line":41,"column":63},"end":{"line":41,"column":64}}],"line":41},"3":{"loc":{"start":{"line":44,"column":25},"end":{"line":44,"column":57}},"type":"binary-expr","locations":[{"start":{"line":44,"column":25},"end":{"line":44,"column":51}},{"start":{"line":44,"column":55},"end":{"line":44,"column":57}}],"line":44},"4":{"loc":{"start":{"line":50,"column":8},"end":{"line":54,"column":9}},"type":"if","locations":[{"start":{"line":50,"column":8},"end":{"line":54,"column":9}},{"start":{"line":52,"column":15},"end":{"line":54,"column":9}}],"line":50},"5":{"loc":{"start":{"line":57,"column":24},"end":{"line":57,"column":61}},"type":"binary-expr","locations":[{"start":{"line":57,"column":24},"end":{"line":57,"column":56}},{"start":{"line":57,"column":60},"end":{"line":57,"column":61}}],"line":57},"6":{"loc":{"start":{"line":70,"column":6},"end":{"line":73,"column":7}},"type":"if","locations":[{"start":{"line":70,"column":6},"end":{"line":73,"column":7}},{"start":{},"end":{}}],"line":70},"7":{"loc":{"start":{"line":93,"column":6},"end":{"line":96,"column":7}},"type":"if","locations":[{"start":{"line":93,"column":6},"end":{"line":96,"column":7}},{"start":{},"end":{}}],"line":93},"8":{"loc":{"start":{"line":93,"column":10},"end":{"line":93,"column":35}},"type":"binary-expr","locations":[{"start":{"line":93,"column":10},"end":{"line":93,"column":16}},{"start":{"line":93,"column":20},"end":{"line":93,"column":35}}],"line":93},"9":{"loc":{"start":{"line":131,"column":9},"end":{"line":216,"column":9}},"type":"cond-expr","locations":[{"start":{"line":132,"column":10},"end":{"line":213,"column":13}},{"start":{"line":215,"column":10},"end":{"line":215,"column":44}}],"line":131},"10":{"loc":{"start":{"line":146,"column":19},"end":{"line":146,"column":99}},"type":"cond-expr","locations":[{"start":{"line":146,"column":41},"end":{"line":146,"column":91}},{"start":{"line":146,"column":94},"end":{"line":146,"column":99}}],"line":146},"11":{"loc":{"start":{"line":149,"column":53},"end":{"line":149,"column":112}},"type":"cond-expr","locations":[{"start":{"line":149,"column":69},"end":{"line":149,"column":93}},{"start":{"line":149,"column":96},"end":{"line":149,"column":112}}],"line":149},"12":{"loc":{"start":{"line":154,"column":15},"end":{"line":197,"column":15}},"type":"cond-expr","locations":[{"start":{"line":155,"column":16},"end":{"line":194,"column":17}},{"start":{"line":196,"column":16},"end":{"line":196,"column":72}}],"line":154},"13":{"loc":{"start":{"line":155,"column":16},"end":{"line":194,"column":17}},"type":"cond-expr","locations":[{"start":{"line":156,"column":18},"end":{"line":180,"column":24}},{"start":{"line":182,"column":18},"end":{"line":193,"column":21}}],"line":155},"14":{"loc":{"start":{"line":174,"column":41},"end":{"line":174,"column":67}},"type":"binary-expr","locations":[{"start":{"line":174,"column":41},"end":{"line":174,"column":61}},{"start":{"line":174,"column":65},"end":{"line":174,"column":67}}],"line":174},"15":{"loc":{"start":{"line":183,"column":24},"end":{"line":183,"column":71}},"type":"binary-expr","locations":[{"start":{"line":183,"column":24},"end":{"line":183,"column":44}},{"start":{"line":183,"column":48},"end":{"line":183,"column":71}}],"line":183},"16":{"loc":{"start":{"line":188,"column":39},"end":{"line":188,"column":65}},"type":"binary-expr","locations":[{"start":{"line":188,"column":39},"end":{"line":188,"column":59}},{"start":{"line":188,"column":63},"end":{"line":188,"column":65}}],"line":188},"17":{"loc":{"start":{"line":191,"column":23},"end":{"line":191,"column":86}},"type":"cond-expr","locations":[{"start":{"line":191,"column":46},"end":{"line":191,"column":64}},{"start":{"line":191,"column":67},"end":{"line":191,"column":86}}],"line":191},"18":{"loc":{"start":{"line":196,"column":20},"end":{"line":196,"column":67}},"type":"binary-expr","locations":[{"start":{"line":196,"column":20},"end":{"line":196,"column":40}},{"start":{"line":196,"column":44},"end":{"line":196,"column":67}}],"line":196},"19":{"loc":{"start":{"line":200,"column":15},"end":{"line":211,"column":15}},"type":"cond-expr","locations":[{"start":{"line":201,"column":16},"end":{"line":208,"column":18}},{"start":{"line":210,"column":16},"end":{"line":210,"column":48}}],"line":200},"20":{"loc":{"start":{"line":225,"column":26},"end":{"line":225,"column":55}},"type":"cond-expr","locations":[{"start":{"line":225,"column":46},"end":{"line":225,"column":49}},{"start":{"line":225,"column":52},"end":{"line":225,"column":55}}],"line":225},"21":{"loc":{"start":{"line":227,"column":9},"end":{"line":266,"column":9}},"type":"cond-expr","locations":[{"start":{"line":228,"column":10},"end":{"line":263,"column":12}},{"start":{"line":265,"column":10},"end":{"line":265,"column":73}}],"line":227},"22":{"loc":{"start":{"line":227,"column":9},"end":{"line":227,"column":54}},"type":"binary-expr","locations":[{"start":{"line":227,"column":9},"end":{"line":227,"column":26}},{"start":{"line":227,"column":30},"end":{"line":227,"column":54}}],"line":227},"23":{"loc":{"start":{"line":240,"column":19},"end":{"line":242,"column":65}},"type":"cond-expr","locations":[{"start":{"line":241,"column":22},"end":{"line":241,"column":39}},{"start":{"line":242,"column":22},"end":{"line":242,"column":65}}],"line":240},"24":{"loc":{"start":{"line":243,"column":19},"end":{"line":259,"column":19}},"type":"binary-expr","locations":[{"start":{"line":243,"column":19},"end":{"line":243,"column":49}},{"start":{"line":244,"column":20},"end":{"line":258,"column":29}}],"line":243},"25":{"loc":{"start":{"line":257,"column":23},"end":{"line":257,"column":81}},"type":"cond-expr","locations":[{"start":{"line":257,"column":56},"end":{"line":257,"column":67}},{"start":{"line":257,"column":70},"end":{"line":257,"column":81}}],"line":257},"26":{"loc":{"start":{"line":265,"column":10},"end":{"line":265,"column":73}},"type":"binary-expr","locations":[{"start":{"line":265,"column":10},"end":{"line":265,"column":27}},{"start":{"line":265,"column":31},"end":{"line":265,"column":73}}],"line":265},"27":{"loc":{"start":{"line":274,"column":37},"end":{"line":274,"column":67}},"type":"cond-expr","locations":[{"start":{"line":274,"column":58},"end":{"line":274,"column":61}},{"start":{"line":274,"column":64},"end":{"line":274,"column":67}}],"line":274},"28":{"loc":{"start":{"line":276,"column":9},"end":{"line":315,"column":9}},"type":"cond-expr","locations":[{"start":{"line":277,"column":10},"end":{"line":312,"column":12}},{"start":{"line":314,"column":10},"end":{"line":314,"column":86}}],"line":276},"29":{"loc":{"start":{"line":276,"column":9},"end":{"line":276,"column":56}},"type":"binary-expr","locations":[{"start":{"line":276,"column":9},"end":{"line":276,"column":27}},{"start":{"line":276,"column":31},"end":{"line":276,"column":56}}],"line":276},"30":{"loc":{"start":{"line":289,"column":19},"end":{"line":291,"column":65}},"type":"cond-expr","locations":[{"start":{"line":290,"column":22},"end":{"line":290,"column":39}},{"start":{"line":291,"column":22},"end":{"line":291,"column":65}}],"line":289},"31":{"loc":{"start":{"line":292,"column":19},"end":{"line":308,"column":19}},"type":"binary-expr","locations":[{"start":{"line":292,"column":19},"end":{"line":292,"column":49}},{"start":{"line":293,"column":20},"end":{"line":307,"column":29}}],"line":292},"32":{"loc":{"start":{"line":306,"column":23},"end":{"line":306,"column":81}},"type":"cond-expr","locations":[{"start":{"line":306,"column":56},"end":{"line":306,"column":67}},{"start":{"line":306,"column":70},"end":{"line":306,"column":81}}],"line":306},"33":{"loc":{"start":{"line":314,"column":10},"end":{"line":314,"column":86}},"type":"binary-expr","locations":[{"start":{"line":314,"column":10},"end":{"line":314,"column":28}},{"start":{"line":314,"column":32},"end":{"line":314,"column":86}}],"line":314}},"s":{"0":1,"1":47,"2":47,"3":47,"4":47,"5":47,"6":47,"7":47,"8":47,"9":47,"10":47,"11":47,"12":47,"13":47,"14":47,"15":47,"16":16,"17":16,"18":16,"19":16,"20":14,"21":14,"22":14,"23":0,"24":14,"25":14,"26":14,"27":14,"28":14,"29":14,"30":14,"31":0,"32":14,"33":14,"34":2,"35":2,"36":16,"37":47,"38":3,"39":3,"40":3,"41":1,"42":1,"43":2,"44":1,"45":1,"46":1,"47":1,"48":47,"49":2,"50":2,"51":2,"52":0,"53":0,"54":2,"55":1,"56":1,"57":1,"58":1,"59":1,"60":1,"61":47,"62":2,"63":2,"64":47,"65":1,"66":47,"67":3,"68":1,"69":1,"70":3,"71":3,"72":4,"73":10,"74":1,"75":2,"76":2,"77":2,"78":1,"79":0,"80":0,"81":0},"f":{"0":47,"1":16,"2":16,"3":3,"4":2,"5":1,"6":2,"7":2,"8":1,"9":3,"10":1,"11":3,"12":4,"13":10,"14":1,"15":2,"16":2,"17":1,"18":0,"19":0},"b":{"0":[14,0],"1":[14,1],"2":[14,1],"3":[14,0],"4":[14,0],"5":[14,1],"6":[1,2],"7":[0,2],"8":[2,2],"9":[31,16],"10":[30,1],"11":[30,1],"12":[13,18],"13":[6,7],"14":[1,0],"15":[7,1],"16":[3,0],"17":[6,1],"18":[18,0],"19":[18,13],"20":[7,40],"21":[5,42],"22":[47,7],"23":[1,9],"24":[10,10],"25":[1,9],"26":[42,2],"27":[2,45],"28":[1,46],"29":[47,2],"30":[0,1],"31":[1,0],"32":[0,0],"33":[46,1]},"_coverageSchema":"1a1c01bbd47fc00a2c39e90264f33305004495a9","hash":"2b95c87e96a2f7a75e52a04410b2645cfe35182e"}
,"/Users/filipandrzejczak/Desktop/Projekt_Main/Event-Planner/frontend/src/pages/Register.jsx": {"path":"/Users/filipandrzejczak/Desktop/Projekt_Main/Event-Planner/frontend/src/pages/Register.jsx","statementMap":{"0":{"start":{"line":8,"column":17},"end":{"line":167,"column":1}},"1":{"start":{"line":9,"column":34},"end":{"line":9,"column":46}},"2":{"start":{"line":10,"column":28},"end":{"line":10,"column":40}},"3":{"start":{"line":11,"column":34},"end":{"line":11,"column":46}},"4":{"start":{"line":12,"column":46},"end":{"line":12,"column":58}},"5":{"start":{"line":13,"column":44},"end":{"line":13,"column":59}},"6":{"start":{"line":14,"column":48},"end":{"line":14,"column":63}},"7":{"start":{"line":15,"column":38},"end":{"line":15,"column":52}},"8":{"start":{"line":16,"column":42},"end":{"line":16,"column":54}},"9":{"start":{"line":17,"column":28},"end":{"line":17,"column":42}},"10":{"start":{"line":18,"column":40},"end":{"line":18,"column":52}},"11":{"start":{"line":19,"column":19},"end":{"line":19,"column":32}},"12":{"start":{"line":21,"column":31},"end":{"line":46,"column":3}},"13":{"start":{"line":22,"column":18},"end":{"line":22,"column":32}},"14":{"start":{"line":23,"column":4},"end":{"line":23,"column":23}},"15":{"start":{"line":24,"column":4},"end":{"line":24,"column":29}},"16":{"start":{"line":26,"column":19},"end":{"line":26,"column":21}},"17":{"start":{"line":27,"column":4},"end":{"line":29,"column":5}},"18":{"start":{"line":28,"column":6},"end":{"line":28,"column":66}},"19":{"start":{"line":30,"column":4},"end":{"line":32,"column":5}},"20":{"start":{"line":31,"column":6},"end":{"line":31,"column":72}},"21":{"start":{"line":33,"column":4},"end":{"line":35,"column":5}},"22":{"start":{"line":34,"column":6},"end":{"line":34,"column":62}},"23":{"start":{"line":36,"column":4},"end":{"line":38,"column":5}},"24":{"start":{"line":37,"column":6},"end":{"line":37,"column":73}},"25":{"start":{"line":40,"column":4},"end":{"line":44,"column":5}},"26":{"start":{"line":41,"column":6},"end":{"line":41,"column":29}},"27":{"start":{"line":43,"column":6},"end":{"line":43,"column":30}},"28":{"start":{"line":45,"column":4},"end":{"line":45,"column":30}},"29":{"start":{"line":48,"column":28},"end":{"line":60,"column":3}},"30":{"start":{"line":49,"column":18},"end":{"line":49,"column":32}},"31":{"start":{"line":50,"column":4},"end":{"line":50,"column":20}},"32":{"start":{"line":52,"column":23},"end":{"line":52,"column":51}},"33":{"start":{"line":53,"column":4},"end":{"line":59,"column":5}},"34":{"start":{"line":54,"column":6},"end":{"line":54,"column":26}},"35":{"start":{"line":55,"column":6},"end":{"line":55,"column":26}},"36":{"start":{"line":57,"column":6},"end":{"line":57,"column":27}},"37":{"start":{"line":58,"column":6},"end":{"line":58,"column":46}},"38":{"start":{"line":62,"column":28},"end":{"line":64,"column":3}},"39":{"start":{"line":63,"column":4},"end":{"line":63,"column":32}},"40":{"start":{"line":66,"column":23},"end":{"line":101,"column":3}},"41":{"start":{"line":67,"column":4},"end":{"line":67,"column":23}},"42":{"start":{"line":68,"column":4},"end":{"line":71,"column":5}},"43":{"start":{"line":69,"column":6},"end":{"line":69,"column":62}},"44":{"start":{"line":70,"column":6},"end":{"line":70,"column":13}},"45":{"start":{"line":73,"column":4},"end":{"line":76,"column":5}},"46":{"start":{"line":74,"column":6},"end":{"line":74,"column":48}},"47":{"start":{"line":75,"column":6},"end":{"line":75,"column":13}},"48":{"start":{"line":78,"column":21},"end":{"line":78,"column":35}},"49":{"start":{"line":79,"column":4},"end":{"line":79,"column":42}},"50":{"start":{"line":80,"column":4},"end":{"line":80,"column":36}},"51":{"start":{"line":81,"column":4},"end":{"line":81,"column":42}},"52":{"start":{"line":82,"column":4},"end":{"line":82,"column":36}},"53":{"start":{"line":84,"column":4},"end":{"line":100,"column":5}},"54":{"start":{"line":85,"column":23},"end":{"line":89,"column":8}},"55":{"start":{"line":90,"column":6},"end":{"line":90,"column":48}},"56":{"start":{"line":91,"column":6},"end":{"line":91,"column":25}},"57":{"start":{"line":93,"column":6},"end":{"line":99,"column":7}},"58":{"start":{"line":94,"column":8},"end":{"line":94,"column":50}},"59":{"start":{"line":95,"column":8},"end":{"line":95,"column":47}},"60":{"start":{"line":97,"column":8},"end":{"line":97,"column":65}},"61":{"start":{"line":98,"column":8},"end":{"line":98,"column":62}},"62":{"start":{"line":103,"column":2},"end":{"line":166,"column":4}},"63":{"start":{"line":112,"column":27},"end":{"line":112,"column":54}},"64":{"start":{"line":141,"column":14},"end":{"line":141,"column":66}}},"fnMap":{"0":{"name":"(anonymous_0)","decl":{"start":{"line":8,"column":17},"end":{"line":8,"column":18}},"loc":{"start":{"line":8,"column":23},"end":{"line":167,"column":1}},"line":8},"1":{"name":"(anonymous_1)","decl":{"start":{"line":21,"column":31},"end":{"line":21,"column":32}},"loc":{"start":{"line":21,"column":38},"end":{"line":46,"column":3}},"line":21},"2":{"name":"(anonymous_2)","decl":{"start":{"line":48,"column":28},"end":{"line":48,"column":29}},"loc":{"start":{"line":48,"column":35},"end":{"line":60,"column":3}},"line":48},"3":{"name":"(anonymous_3)","decl":{"start":{"line":62,"column":28},"end":{"line":62,"column":29}},"loc":{"start":{"line":62,"column":35},"end":{"line":64,"column":3}},"line":62},"4":{"name":"(anonymous_4)","decl":{"start":{"line":66,"column":23},"end":{"line":66,"column":24}},"loc":{"start":{"line":66,"column":36},"end":{"line":101,"column":3}},"line":66},"5":{"name":"(anonymous_5)","decl":{"start":{"line":112,"column":20},"end":{"line":112,"column":21}},"loc":{"start":{"line":112,"column":27},"end":{"line":112,"column":54}},"line":112},"6":{"name":"(anonymous_6)","decl":{"start":{"line":140,"column":31},"end":{"line":140,"column":32}},"loc":{"start":{"line":141,"column":14},"end":{"line":141,"column":66}},"line":141}},"branchMap":{"0":{"loc":{"start":{"line":27,"column":4},"end":{"line":29,"column":5}},"type":"if","locations":[{"start":{"line":27,"column":4},"end":{"line":29,"column":5}},{"start":{},"end":{}}],"line":27},"1":{"loc":{"start":{"line":30,"column":4},"end":{"line":32,"column":5}},"type":"if","locations":[{"start":{"line":30,"column":4},"end":{"line":32,"column":5}},{"start":{},"end":{}}],"line":30},"2":{"loc":{"start":{"line":33,"column":4},"end":{"line":35,"column":5}},"type":"if","locations":[{"start":{"line":33,"column":4},"end":{"line":35,"column":5}},{"start":{},"end":{}}],"line":33},"3":{"loc":{"start":{"line":36,"column":4},"end":{"line":38,"column":5}},"type":"if","locations":[{"start":{"line":36,"column":4},"end":{"line":38,"column":5}},{"start":{},"end":{}}],"line":36},"4":{"loc":{"start":{"line":40,"column":4},"end":{"line":44,"column":5}},"type":"if","locations":[{"start":{"line":40,"column":4},"end":{"line":44,"column":5}},{"start":{"line":42,"column":11},"end":{"line":44,"column":5}}],"line":40},"5":{"loc":{"start":{"line":53,"column":4},"end":{"line":59,"column":5}},"type":"if","locations":[{"start":{"line":53,"column":4},"end":{"line":59,"column":5}},{"start":{"line":56,"column":11},"end":{"line":59,"column":5}}],"line":53},"6":{"loc":{"start":{"line":68,"column":4},"end":{"line":71,"column":5}},"type":"if","locations":[{"start":{"line":68,"column":4},"end":{"line":71,"column":5}},{"start":{},"end":{}}],"line":68},"7":{"loc":{"start":{"line":68,"column":8},"end":{"line":68,"column":48}},"type":"binary-expr","locations":[{"start":{"line":68,"column":8},"end":{"line":68,"column":33}},{"start":{"line":68,"column":37},"end":{"line":68,"column":48}}],"line":68},"8":{"loc":{"start":{"line":73,"column":4},"end":{"line":76,"column":5}},"type":"if","locations":[{"start":{"line":73,"column":4},"end":{"line":76,"column":5}},{"start":{},"end":{}}],"line":73},"9":{"loc":{"start":{"line":93,"column":6},"end":{"line":99,"column":7}},"type":"if","locations":[{"start":{"line":93,"column":6},"end":{"line":99,"column":7}},{"start":{"line":96,"column":13},"end":{"line":99,"column":7}}],"line":93},"10":{"loc":{"start":{"line":93,"column":10},"end":{"line":93,"column":72}},"type":"binary-expr","locations":[{"start":{"line":93,"column":10},"end":{"line":93,"column":22}},{"start":{"line":93,"column":26},"end":{"line":93,"column":43}},{"start":{"line":93,"column":47},"end":{"line":93,"column":72}}],"line":93},"11":{"loc":{"start":{"line":123,"column":21},"end":{"line":123,"column":49}},"type":"cond-expr","locations":[{"start":{"line":123,"column":35},"end":{"line":123,"column":44}},{"start":{"line":123,"column":47},"end":{"line":123,"column":49}}],"line":123},"12":{"loc":{"start":{"line":126,"column":9},"end":{"line":126,"column":71}},"type":"binary-expr","locations":[{"start":{"line":126,"column":9},"end":{"line":126,"column":20}},{"start":{"line":126,"column":24},"end":{"line":126,"column":71}}],"line":126},"13":{"loc":{"start":{"line":135,"column":21},"end":{"line":135,"column":63}},"type":"cond-expr","locations":[{"start":{"line":135,"column":49},"end":{"line":135,"column":58}},{"start":{"line":135,"column":61},"end":{"line":135,"column":63}}],"line":135},"14":{"loc":{"start":{"line":138,"column":9},"end":{"line":146,"column":9}},"type":"binary-expr","locations":[{"start":{"line":138,"column":9},"end":{"line":138,"column":24}},{"start":{"line":139,"column":10},"end":{"line":145,"column":11}}],"line":138},"15":{"loc":{"start":{"line":139,"column":10},"end":{"line":145,"column":11}},"type":"cond-expr","locations":[{"start":{"line":140,"column":12},"end":{"line":142,"column":14}},{"start":{"line":144,"column":12},"end":{"line":144,"column":66}}],"line":139},"16":{"loc":{"start":{"line":157,"column":7},"end":{"line":157,"column":68}},"type":"binary-expr","locations":[{"start":{"line":157,"column":7},"end":{"line":157,"column":18}},{"start":{"line":157,"column":22},"end":{"line":157,"column":68}}],"line":157}},"s":{"0":1,"1":29,"2":29,"3":29,"4":29,"5":29,"6":29,"7":29,"8":29,"9":29,"10":29,"11":29,"12":29,"13":9,"14":9,"15":9,"16":9,"17":9,"18":2,"19":9,"20":3,"21":9,"22":3,"23":9,"24":3,"25":9,"26":4,"27":5,"28":9,"29":29,"30":6,"31":6,"32":6,"33":6,"34":4,"35":4,"36":2,"37":2,"38":29,"39":2,"40":29,"41":4,"42":4,"43":1,"44":1,"45":3,"46":1,"47":1,"48":2,"49":2,"50":2,"51":2,"52":2,"53":2,"54":2,"55":1,"56":1,"57":1,"58":1,"59":1,"60":0,"61":0,"62":29,"63":4,"64":11},"f":{"0":29,"1":9,"2":6,"3":2,"4":4,"5":4,"6":11},"b":{"0":[2,7],"1":[3,6],"2":[3,6],"3":[3,6],"4":[4,5],"5":[4,2],"6":[1,3],"7":[4,3],"8":[1,2],"9":[1,0],"10":[1,1,1],"11":[3,26],"12":[29,3],"13":[5,24],"14":[29,12],"15":[5,7],"16":[29,1]},"_coverageSchema":"1a1c01bbd47fc00a2c39e90264f33305004495a9","hash":"82786749ed2a485b66f0f13fa37fee17565e13cf"}
}
