TN:
SF:src/App.jsx
FN:18,App
FN:23,(anonymous_1)
FN:36,(anonymous_2)
FN:48,(anonymous_3)
FN:54,(anonymous_4)
FNF:5
FNH:5
FNDA:20,App
FNDA:6,(anonymous_1)
FNDA:8,(anonymous_2)
FNDA:1,(anonymous_3)
FNDA:1,(anonymous_4)
DA:19,20
DA:20,20
DA:21,20
DA:23,20
DA:24,6
DA:25,6
DA:26,6
DA:27,5
DA:28,5
DA:29,5
DA:31,0
DA:36,20
DA:37,8
DA:38,8
DA:39,8
DA:41,8
DA:42,5
DA:43,5
DA:44,5
DA:48,20
DA:49,1
DA:50,1
DA:51,1
DA:54,20
DA:55,1
DA:56,1
DA:57,1
DA:58,1
DA:59,1
DA:60,1
DA:61,1
DA:64,20
LF:32
LH:31
BRDA:26,0,0,5
BRDA:26,0,1,1
BRDA:26,1,0,6
BRDA:26,1,1,5
BRDA:41,2,0,5
BRDA:41,2,1,3
BRDA:41,3,0,8
BRDA:41,3,1,5
BRDA:77,4,0,11
BRDA:77,4,1,9
BRDA:78,5,0,11
BRDA:78,5,1,9
BRDA:79,6,0,11
BRDA:79,6,1,9
BRDA:80,7,0,11
BRDA:80,7,1,9
BRDA:81,8,0,5
BRDA:81,8,1,15
BRDA:81,9,0,20
BRDA:81,9,1,11
BRF:20
BRH:20
end_of_record
