TN:
SF:src/App.jsx
FN:18,App
FN:23,(anonymous_1)
FN:36,(anonymous_2)
FN:48,(anonymous_3)
FN:54,(anonymous_4)
FNF:5
FNH:5
FNDA:20,App
FNDA:6,(anonymous_1)
FNDA:8,(anonymous_2)
FNDA:1,(anonymous_3)
FNDA:1,(anonymous_4)
DA:19,20
DA:20,20
DA:21,20
DA:23,20
DA:24,6
DA:25,6
DA:26,6
DA:27,5
DA:28,5
DA:29,5
DA:31,0
DA:36,20
DA:37,8
DA:38,8
DA:39,8
DA:41,8
DA:42,5
DA:43,5
DA:44,5
DA:48,20
DA:49,1
DA:50,1
DA:51,1
DA:54,20
DA:55,1
DA:56,1
DA:57,1
DA:58,1
DA:59,1
DA:60,1
DA:61,1
DA:64,20
LF:32
LH:31
BRDA:26,0,0,5
BRDA:26,0,1,1
BRDA:26,1,0,6
BRDA:26,1,1,5
BRDA:41,2,0,5
BRDA:41,2,1,3
BRDA:41,3,0,8
BRDA:41,3,1,5
BRDA:77,4,0,11
BRDA:77,4,1,9
BRDA:78,5,0,11
BRDA:78,5,1,9
BRDA:79,6,0,11
BRDA:79,6,1,9
BRDA:80,7,0,11
BRDA:80,7,1,9
BRDA:81,8,0,5
BRDA:81,8,1,15
BRDA:81,9,0,20
BRDA:81,9,1,11
BRF:20
BRH:20
end_of_record
TN:
SF:src/components/ErrorBoundary.jsx
FN:4,(anonymous_0)
FN:9,(anonymous_1)
FN:13,(anonymous_2)
FN:17,(anonymous_3)
FNF:4
FNH:4
FNDA:5,(anonymous_0)
FNDA:4,(anonymous_1)
FNDA:2,(anonymous_2)
FNDA:9,(anonymous_3)
DA:5,5
DA:6,5
DA:10,4
DA:14,2
DA:18,9
DA:19,4
DA:22,5
LF:7
LH:7
BRDA:18,0,0,4
BRDA:18,0,1,5
BRF:2
BRH:2
end_of_record
TN:
SF:src/components/EventCard.jsx
FN:5,(anonymous_0)
FN:10,(anonymous_1)
FN:14,(anonymous_2)
FN:19,(anonymous_3)
FN:23,(anonymous_4)
FN:27,(anonymous_5)
FNF:6
FNH:6
FNDA:8,(anonymous_0)
FNDA:4,(anonymous_1)
FNDA:2,(anonymous_2)
FNDA:1,(anonymous_3)
FNDA:1,(anonymous_4)
FNDA:1,(anonymous_5)
DA:5,1
DA:6,8
DA:7,8
DA:8,8
DA:10,8
DA:11,4
DA:14,8
DA:15,2
DA:16,2
DA:17,1
DA:18,1
DA:19,1
DA:21,1
DA:22,1
DA:23,1
DA:27,8
DA:28,1
DA:31,8
LF:18
LH:18
BRDA:16,0,0,1
BRDA:16,0,1,1
BRDA:34,1,0,8
BRDA:34,1,1,8
BRDA:42,2,0,8
BRDA:42,2,1,0
BRDA:45,3,0,3
BRDA:45,3,1,5
BRF:8
BRH:7
end_of_record
TN:
SF:src/components/Navbar.jsx
FN:6,(anonymous_0)
FN:10,(anonymous_1)
FN:24,(anonymous_2)
FN:34,(anonymous_3)
FN:40,(anonymous_4)
FNF:5
FNH:5
FNDA:11,(anonymous_0)
FNDA:1,(anonymous_1)
FNDA:2,(anonymous_2)
FNDA:1,(anonymous_3)
FNDA:3,(anonymous_4)
DA:6,1
DA:7,11
DA:8,11
DA:10,11
DA:11,1
DA:12,0
DA:14,1
DA:15,1
DA:16,1
DA:19,1
DA:20,1
DA:21,1
DA:24,11
DA:25,2
DA:26,2
DA:27,1
DA:28,1
DA:30,1
DA:34,11
DA:35,1
DA:38,11
DA:40,3
LF:22
LH:21
BRDA:11,0,0,0
BRDA:11,0,1,1
BRDA:26,1,0,1
BRDA:26,1,1,1
BRDA:39,2,0,2
BRDA:39,2,1,9
BRDA:55,3,0,4
BRDA:55,3,1,7
BRDA:57,4,0,4
BRDA:57,4,1,0
BRDA:67,5,0,4
BRDA:67,5,1,3
BRF:12
BRH:10
end_of_record
TN:
SF:src/pages/Admin.jsx
FN:7,(anonymous_0)
FN:23,(anonymous_1)
FN:34,(anonymous_2)
FN:56,(anonymous_3)
FN:79,(anonymous_4)
FN:106,(anonymous_5)
FN:127,(anonymous_6)
FN:134,(anonymous_7)
FN:141,(anonymous_8)
FN:150,(anonymous_9)
FN:168,(anonymous_10)
FN:186,(anonymous_11)
FN:192,(anonymous_12)
FN:198,(anonymous_13)
FN:202,(anonymous_14)
FN:223,(anonymous_15)
FN:229,(anonymous_16)
FN:235,(anonymous_17)
FN:255,(anonymous_18)
FN:270,(anonymous_19)
FN:277,(anonymous_20)
FN:306,(anonymous_21)
FN:318,(anonymous_22)
FN:345,(anonymous_23)
FN:357,(anonymous_24)
FNF:25
FNH:22
FNDA:22,(anonymous_0)
FNDA:7,(anonymous_1)
FNDA:8,(anonymous_2)
FNDA:7,(anonymous_3)
FNDA:1,(anonymous_4)
FNDA:1,(anonymous_5)
FNDA:1,(anonymous_6)
FNDA:1,(anonymous_7)
FNDA:1,(anonymous_8)
FNDA:1,(anonymous_9)
FNDA:0,(anonymous_10)
FNDA:1,(anonymous_11)
FNDA:1,(anonymous_12)
FNDA:1,(anonymous_13)
FNDA:10,(anonymous_14)
FNDA:0,(anonymous_15)
FNDA:2,(anonymous_16)
FNDA:1,(anonymous_17)
FNDA:27,(anonymous_18)
FNDA:1,(anonymous_19)
FNDA:1,(anonymous_20)
FNDA:8,(anonymous_21)
FNDA:1,(anonymous_22)
FNDA:2,(anonymous_23)
FNDA:0,(anonymous_24)
DA:7,1
DA:8,22
DA:9,22
DA:10,22
DA:11,22
DA:12,22
DA:13,22
DA:14,22
DA:15,22
DA:16,22
DA:17,22
DA:18,22
DA:19,22
DA:20,22
DA:21,22
DA:23,22
DA:24,7
DA:25,7
DA:26,1
DA:27,1
DA:29,6
DA:30,6
DA:34,22
DA:35,8
DA:36,8
DA:37,8
DA:39,8
DA:45,7
DA:46,7
DA:48,1
DA:49,1
DA:50,1
DA:52,8
DA:56,22
DA:57,7
DA:58,7
DA:59,7
DA:61,7
DA:67,6
DA:68,6
DA:69,6
DA:71,1
DA:72,1
DA:73,1
DA:75,7
DA:79,22
DA:80,1
DA:81,0
DA:82,0
DA:85,1
DA:86,1
DA:88,1
DA:97,1
DA:98,1
DA:99,1
DA:101,0
DA:102,0
DA:106,22
DA:107,1
DA:108,1
DA:110,1
DA:119,1
DA:120,1
DA:122,0
DA:123,0
DA:127,22
DA:128,1
DA:129,1
DA:130,1
DA:131,1
DA:134,22
DA:135,1
DA:136,1
DA:137,1
DA:138,1
DA:141,22
DA:142,1
DA:143,1
DA:144,0
DA:145,0
DA:147,1
DA:150,22
DA:151,1
DA:152,1
DA:154,1
DA:160,1
DA:161,1
DA:163,0
DA:164,0
DA:168,22
DA:169,0
DA:170,0
DA:172,0
DA:178,0
DA:179,0
DA:181,0
DA:182,0
DA:186,22
DA:187,1
DA:188,1
DA:189,1
DA:192,22
DA:193,1
DA:194,1
DA:195,1
DA:198,22
DA:199,1
DA:202,22
DA:203,10
DA:210,10
DA:213,22
DA:214,15
DA:216,14
DA:223,0
DA:229,2
DA:235,1
DA:256,27
DA:270,1
DA:277,1
DA:307,8
DA:318,1
DA:346,2
DA:357,0
LF:123
LH:104
BRDA:25,0,0,1
BRDA:25,0,1,6
BRDA:80,1,0,0
BRDA:80,1,1,1
BRDA:127,2,0,1
BRDA:142,3,0,1
BRDA:142,3,1,0
BRDA:144,4,0,0
BRDA:144,4,1,0
BRDA:213,5,0,7
BRDA:213,5,1,15
BRDA:214,6,0,1
BRDA:214,6,1,14
BRDA:222,7,0,9
BRDA:222,7,1,5
BRDA:228,8,0,4
BRDA:228,8,1,10
BRDA:234,9,0,1
BRDA:234,9,1,13
BRDA:241,10,0,14
BRDA:241,10,1,9
BRDA:256,11,0,9
BRDA:256,11,1,18
BRDA:259,12,0,9
BRDA:259,12,1,18
BRDA:261,13,0,9
BRDA:261,13,1,18
BRDA:268,14,0,9
BRDA:268,14,1,18
BRDA:292,15,0,14
BRDA:292,15,1,4
BRDA:331,16,0,14
BRDA:331,16,1,1
BRDA:371,17,0,14
BRDA:371,17,1,2
BRDA:371,17,2,2
BRDA:398,18,0,14
BRDA:398,18,1,1
BRF:38
BRH:34
end_of_record
TN:
SF:src/pages/CreateEvent.jsx
FN:8,(anonymous_0)
FN:17,(anonymous_1)
FN:21,(anonymous_2)
FN:67,(anonymous_3)
FN:76,(anonymous_4)
FN:87,(anonymous_5)
FN:97,(anonymous_6)
FN:107,(anonymous_7)
FN:132,(anonymous_8)
FNF:9
FNH:9
FNDA:21,(anonymous_0)
FNDA:1,(anonymous_1)
FNDA:3,(anonymous_2)
FNDA:3,(anonymous_3)
FNDA:3,(anonymous_4)
FNDA:3,(anonymous_5)
FNDA:3,(anonymous_6)
FNDA:3,(anonymous_7)
FNDA:1,(anonymous_8)
DA:8,1
DA:9,21
DA:10,21
DA:11,21
DA:12,21
DA:13,21
DA:14,21
DA:15,21
DA:17,21
DA:18,1
DA:21,21
DA:22,3
DA:24,3
DA:25,3
DA:26,3
DA:27,1
DA:28,1
DA:31,2
DA:32,2
DA:33,2
DA:34,2
DA:35,2
DA:36,2
DA:37,2
DA:38,1
DA:41,2
DA:48,1
DA:49,1
DA:51,1
DA:52,1
DA:56,21
DA:67,3
DA:76,3
DA:87,3
DA:97,3
DA:107,3
DA:132,1
LF:37
LH:37
BRDA:26,0,0,1
BRDA:26,0,1,2
BRDA:37,1,0,1
BRDA:37,1,1,1
BRF:4
BRH:4
end_of_record
TN:
SF:src/pages/Events.jsx
FN:8,(anonymous_0)
FN:16,(anonymous_1)
FN:44,(anonymous_2)
FN:48,(anonymous_3)
FN:54,(anonymous_4)
FN:58,(anonymous_5)
FN:62,(anonymous_6)
FN:69,(anonymous_7)
FN:73,(anonymous_8)
FN:79,(anonymous_9)
FN:94,(anonymous_10)
FN:95,(anonymous_11)
FN:96,(anonymous_12)
FN:102,(anonymous_13)
FN:103,(anonymous_14)
FN:116,(anonymous_15)
FN:130,(anonymous_16)
FN:131,(anonymous_17)
FN:132,(anonymous_18)
FN:138,(anonymous_19)
FN:139,(anonymous_20)
FN:159,(anonymous_21)
FN:168,(anonymous_22)
FN:185,(anonymous_23)
FNF:24
FNH:24
FNDA:32,(anonymous_0)
FNDA:13,(anonymous_1)
FNDA:13,(anonymous_2)
FNDA:5,(anonymous_3)
FNDA:2,(anonymous_4)
FNDA:6,(anonymous_5)
FNDA:6,(anonymous_6)
FNDA:1,(anonymous_7)
FNDA:3,(anonymous_8)
FNDA:3,(anonymous_9)
FNDA:1,(anonymous_10)
FNDA:1,(anonymous_11)
FNDA:3,(anonymous_12)
FNDA:1,(anonymous_13)
FNDA:3,(anonymous_14)
FNDA:3,(anonymous_15)
FNDA:1,(anonymous_16)
FNDA:1,(anonymous_17)
FNDA:3,(anonymous_18)
FNDA:1,(anonymous_19)
FNDA:3,(anonymous_20)
FNDA:2,(anonymous_21)
FNDA:3,(anonymous_22)
FNDA:55,(anonymous_23)
DA:8,1
DA:9,32
DA:10,32
DA:11,32
DA:12,32
DA:13,32
DA:14,32
DA:16,32
DA:17,13
DA:18,13
DA:19,13
DA:20,1
DA:21,1
DA:24,12
DA:27,11
DA:28,11
DA:30,11
DA:31,11
DA:32,11
DA:36,11
DA:39,1
DA:40,1
DA:44,32
DA:45,13
DA:48,32
DA:49,5
DA:50,5
DA:52,5
DA:53,5
DA:54,1
DA:55,2
DA:57,4
DA:58,2
DA:59,6
DA:61,2
DA:62,2
DA:63,6
DA:66,5
DA:69,32
DA:70,1
DA:71,1
DA:73,1
DA:74,3
DA:76,1
DA:79,32
DA:80,3
DA:81,3
DA:82,3
DA:83,3
DA:84,1
DA:85,1
DA:88,2
DA:94,1
DA:95,1
DA:96,1
DA:97,3
DA:102,1
DA:103,1
DA:104,3
DA:109,1
DA:111,1
DA:112,1
DA:116,32
DA:117,3
DA:118,3
DA:119,3
DA:120,3
DA:121,1
DA:122,1
DA:125,2
DA:130,1
DA:131,1
DA:132,1
DA:133,3
DA:138,1
DA:139,1
DA:140,3
DA:145,1
DA:147,1
DA:148,1
DA:152,32
DA:159,2
DA:168,3
DA:186,55
LF:84
LH:84
BRDA:19,0,0,1
BRDA:19,0,1,12
BRDA:31,1,0,11
BRDA:31,1,1,0
BRDA:53,2,0,1
BRDA:53,2,1,4
BRDA:55,3,0,0
BRDA:55,3,1,2
BRDA:57,4,0,2
BRDA:57,4,1,2
BRDA:59,5,0,4
BRDA:59,5,1,2
BRDA:61,6,0,2
BRDA:61,6,1,0
BRDA:63,7,0,4
BRDA:63,7,1,2
BRDA:83,8,0,1
BRDA:83,8,1,2
BRDA:83,9,0,3
BRDA:83,9,1,2
BRDA:97,10,0,1
BRDA:97,10,1,2
BRDA:98,11,0,1
BRDA:98,11,1,0
BRDA:104,12,0,1
BRDA:104,12,1,2
BRDA:105,13,0,1
BRDA:105,13,1,0
BRDA:120,14,0,1
BRDA:120,14,1,2
BRDA:120,15,0,3
BRDA:120,15,1,2
BRDA:133,16,0,1
BRDA:133,16,1,2
BRDA:134,17,0,1
BRDA:134,17,1,0
BRDA:140,18,0,1
BRDA:140,18,1,2
BRDA:141,19,0,1
BRDA:141,19,1,0
BRF:40
BRH:33
end_of_record
TN:
SF:src/pages/Home.jsx
FN:8,(anonymous_0)
FN:21,(anonymous_1)
FN:22,(anonymous_2)
FN:25,(anonymous_3)
FN:32,(anonymous_4)
FN:39,(anonymous_5)
FN:56,(anonymous_6)
FN:64,(anonymous_7)
FN:81,(anonymous_8)
FN:82,(anonymous_9)
FN:96,(anonymous_10)
FN:109,(anonymous_11)
FN:113,(anonymous_12)
FN:124,(anonymous_13)
FN:138,(anonymous_14)
FN:153,(anonymous_15)
FN:163,(anonymous_16)
FNF:17
FNH:15
FNDA:18,(anonymous_0)
FNDA:8,(anonymous_1)
FNDA:8,(anonymous_2)
FNDA:14,(anonymous_3)
FNDA:7,(anonymous_4)
FNDA:8,(anonymous_5)
FNDA:1,(anonymous_6)
FNDA:2,(anonymous_7)
FNDA:1,(anonymous_8)
FNDA:0,(anonymous_9)
FNDA:1,(anonymous_10)
FNDA:30,(anonymous_11)
FNDA:1,(anonymous_12)
FNDA:2,(anonymous_13)
FNDA:54,(anonymous_14)
FNDA:1,(anonymous_15)
FNDA:0,(anonymous_16)
DA:8,1
DA:9,18
DA:10,18
DA:11,18
DA:16,18
DA:17,18
DA:18,18
DA:19,18
DA:21,18
DA:22,8
DA:23,8
DA:24,8
DA:25,14
DA:26,7
DA:28,1
DA:32,8
DA:33,7
DA:34,0
DA:36,7
DA:39,8
DA:40,8
DA:41,8
DA:42,8
DA:45,7
DA:47,1
DA:48,1
DA:52,8
DA:53,8
DA:56,18
DA:57,1
DA:58,1
DA:59,1
DA:60,1
DA:64,18
DA:65,2
DA:66,2
DA:68,2
DA:69,1
DA:70,1
DA:73,1
DA:74,1
DA:80,1
DA:81,1
DA:82,1
DA:85,1
DA:86,0
DA:88,1
DA:91,0
DA:92,0
DA:96,18
DA:97,1
DA:100,18
DA:110,30
DA:113,1
DA:125,2
DA:126,2
DA:139,54
DA:153,1
DA:164,0
DA:165,0
LF:60
LH:54
BRDA:33,0,0,0
BRDA:33,0,1,7
BRDA:58,1,0,1
BRDA:58,1,1,0
BRDA:68,2,0,1
BRDA:68,2,1,1
BRDA:68,3,0,2
BRDA:68,3,1,1
BRDA:82,4,0,0
BRDA:82,4,1,1
BRDA:85,5,0,0
BRDA:85,5,1,1
BRDA:123,6,0,1
BRDA:123,6,1,29
BRDA:157,7,0,10
BRDA:157,7,1,8
BRF:16
BRH:12
end_of_record
TN:
SF:src/pages/Login.jsx
FN:8,(anonymous_0)
FN:17,(anonymous_1)
FN:31,(anonymous_2)
FN:109,(anonymous_3)
FNF:4
FNH:4
FNDA:20,(anonymous_0)
FNDA:7,(anonymous_1)
FNDA:4,(anonymous_2)
FNDA:5,(anonymous_3)
DA:8,1
DA:9,20
DA:10,20
DA:11,20
DA:12,20
DA:13,20
DA:14,20
DA:15,20
DA:17,20
DA:18,7
DA:19,7
DA:21,7
DA:22,7
DA:23,5
DA:24,5
DA:26,2
DA:27,2
DA:31,20
DA:32,4
DA:33,4
DA:34,0
DA:35,0
DA:37,4
DA:38,4
DA:40,2
DA:41,2
DA:42,2
DA:44,2
DA:45,2
DA:47,2
DA:48,2
DA:50,2
DA:51,1
DA:53,1
DA:56,2
DA:58,2
DA:59,1
DA:60,1
DA:61,1
DA:62,1
DA:63,1
DA:65,1
DA:70,20
DA:71,1
DA:88,19
DA:109,5
LF:46
LH:44
BRDA:22,0,0,5
BRDA:22,0,1,2
BRDA:33,1,0,0
BRDA:33,1,1,4
BRDA:42,2,0,1
BRDA:42,2,1,1
BRDA:45,3,0,2
BRDA:45,3,1,0
BRDA:50,4,0,1
BRDA:50,4,1,1
BRDA:58,5,0,1
BRDA:58,5,1,1
BRDA:58,6,0,2
BRDA:58,6,1,2
BRDA:58,6,2,2
BRDA:60,7,0,1
BRDA:60,7,1,0
BRDA:70,8,0,1
BRDA:70,8,1,19
BRDA:98,9,0,3
BRDA:98,9,1,16
BRDA:101,10,0,19
BRDA:101,10,1,3
BRF:23
BRH:20
end_of_record
TN:
SF:src/pages/Profile.jsx
FN:9,(anonymous_0)
FN:25,(anonymous_1)
FN:26,(anonymous_2)
FN:67,(anonymous_3)
FN:89,(anonymous_4)
FN:104,(anonymous_5)
FN:117,(anonymous_6)
FN:118,(anonymous_7)
FN:124,(anonymous_8)
FN:159,(anonymous_9)
FN:172,(anonymous_10)
FN:186,(anonymous_11)
FN:222,(anonymous_12)
FN:228,(anonymous_13)
FN:232,(anonymous_14)
FN:245,(anonymous_15)
FN:276,(anonymous_16)
FN:282,(anonymous_17)
FN:286,(anonymous_18)
FN:299,(anonymous_19)
FNF:20
FNH:18
FNDA:47,(anonymous_0)
FNDA:16,(anonymous_1)
FNDA:16,(anonymous_2)
FNDA:3,(anonymous_3)
FNDA:2,(anonymous_4)
FNDA:1,(anonymous_5)
FNDA:2,(anonymous_6)
FNDA:2,(anonymous_7)
FNDA:1,(anonymous_8)
FNDA:3,(anonymous_9)
FNDA:1,(anonymous_10)
FNDA:3,(anonymous_11)
FNDA:4,(anonymous_12)
FNDA:10,(anonymous_13)
FNDA:1,(anonymous_14)
FNDA:2,(anonymous_15)
FNDA:2,(anonymous_16)
FNDA:1,(anonymous_17)
FNDA:0,(anonymous_18)
FNDA:0,(anonymous_19)
DA:9,1
DA:10,47
DA:11,47
DA:12,47
DA:13,47
DA:14,47
DA:15,47
DA:16,47
DA:17,47
DA:18,47
DA:19,47
DA:20,47
DA:21,47
DA:22,47
DA:23,47
DA:25,47
DA:26,16
DA:27,16
DA:28,16
DA:29,16
DA:33,14
DA:34,14
DA:35,14
DA:37,0
DA:40,14
DA:41,14
DA:43,14
DA:44,14
DA:46,14
DA:50,14
DA:51,14
DA:53,0
DA:56,14
DA:57,14
DA:59,2
DA:60,2
DA:64,16
DA:67,47
DA:68,3
DA:69,3
DA:70,3
DA:71,1
DA:72,1
DA:75,2
DA:81,1
DA:82,1
DA:84,1
DA:85,1
DA:89,47
DA:90,2
DA:91,2
DA:93,2
DA:94,0
DA:95,0
DA:98,2
DA:104,1
DA:109,1
DA:110,1
DA:112,1
DA:113,1
DA:117,47
DA:118,2
DA:124,47
DA:125,1
DA:128,47
DA:159,3
DA:173,1
DA:174,1
DA:187,3
DA:188,3
DA:222,4
DA:229,10
DA:232,1
DA:246,2
DA:247,2
DA:276,2
DA:283,1
DA:286,0
DA:300,0
DA:301,0
LF:80
LH:73
BRDA:33,0,0,14
BRDA:33,0,1,0
BRDA:35,1,0,14
BRDA:35,1,1,1
BRDA:41,2,0,14
BRDA:41,2,1,1
BRDA:44,3,0,14
BRDA:44,3,1,0
BRDA:50,4,0,14
BRDA:50,4,1,0
BRDA:57,5,0,14
BRDA:57,5,1,1
BRDA:70,6,0,1
BRDA:70,6,1,2
BRDA:93,7,0,0
BRDA:93,7,1,2
BRDA:93,8,0,2
BRDA:93,8,1,2
BRDA:131,9,0,31
BRDA:131,9,1,16
BRDA:146,10,0,30
BRDA:146,10,1,1
BRDA:149,11,0,30
BRDA:149,11,1,1
BRDA:154,12,0,13
BRDA:154,12,1,18
BRDA:155,13,0,6
BRDA:155,13,1,7
BRDA:174,14,0,1
BRDA:174,14,1,0
BRDA:183,15,0,7
BRDA:183,15,1,1
BRDA:188,16,0,3
BRDA:188,16,1,0
BRDA:191,17,0,6
BRDA:191,17,1,1
BRDA:196,18,0,18
BRDA:196,18,1,0
BRDA:200,19,0,18
BRDA:200,19,1,13
BRDA:225,20,0,7
BRDA:225,20,1,40
BRDA:227,21,0,5
BRDA:227,21,1,42
BRDA:227,22,0,47
BRDA:227,22,1,7
BRDA:240,23,0,1
BRDA:240,23,1,9
BRDA:243,24,0,10
BRDA:243,24,1,10
BRDA:257,25,0,1
BRDA:257,25,1,9
BRDA:265,26,0,42
BRDA:265,26,1,2
BRDA:267,27,0,0
BRDA:267,27,1,2
BRDA:269,28,0,2
BRDA:269,28,1,0
BRDA:279,29,0,2
BRDA:279,29,1,45
BRDA:281,30,0,1
BRDA:281,30,1,46
BRDA:281,31,0,47
BRDA:281,31,1,2
BRDA:294,32,0,0
BRDA:294,32,1,1
BRDA:297,33,0,1
BRDA:297,33,1,0
BRDA:311,34,0,0
BRDA:311,34,1,0
BRDA:319,35,0,46
BRDA:319,35,1,1
BRDA:321,36,0,0
BRDA:321,36,1,1
BRDA:323,37,0,1
BRDA:323,37,1,0
BRF:76
BRH:61
end_of_record
TN:
SF:src/pages/Register.jsx
FN:8,(anonymous_0)
FN:21,(anonymous_1)
FN:48,(anonymous_2)
FN:62,(anonymous_3)
FN:66,(anonymous_4)
FN:112,(anonymous_5)
FN:140,(anonymous_6)
FNF:7
FNH:7
FNDA:29,(anonymous_0)
FNDA:9,(anonymous_1)
FNDA:6,(anonymous_2)
FNDA:2,(anonymous_3)
FNDA:4,(anonymous_4)
FNDA:4,(anonymous_5)
FNDA:11,(anonymous_6)
DA:8,1
DA:9,29
DA:10,29
DA:11,29
DA:12,29
DA:13,29
DA:14,29
DA:15,29
DA:16,29
DA:17,29
DA:18,29
DA:19,29
DA:21,29
DA:22,9
DA:23,9
DA:24,9
DA:26,9
DA:27,9
DA:28,2
DA:30,9
DA:31,3
DA:33,9
DA:34,3
DA:36,9
DA:37,3
DA:40,9
DA:41,4
DA:43,5
DA:45,9
DA:48,29
DA:49,6
DA:50,6
DA:52,6
DA:53,6
DA:54,4
DA:55,4
DA:57,2
DA:58,2
DA:62,29
DA:63,2
DA:66,29
DA:67,4
DA:68,4
DA:69,1
DA:70,1
DA:73,3
DA:74,1
DA:75,1
DA:78,2
DA:79,2
DA:80,2
DA:81,2
DA:82,2
DA:84,2
DA:85,2
DA:90,1
DA:91,1
DA:93,1
DA:94,1
DA:95,1
DA:97,0
DA:98,0
DA:103,29
DA:112,4
DA:141,11
LF:65
LH:63
BRDA:27,0,0,2
BRDA:27,0,1,7
BRDA:30,1,0,3
BRDA:30,1,1,6
BRDA:33,2,0,3
BRDA:33,2,1,6
BRDA:36,3,0,3
BRDA:36,3,1,6
BRDA:40,4,0,4
BRDA:40,4,1,5
BRDA:53,5,0,4
BRDA:53,5,1,2
BRDA:68,6,0,1
BRDA:68,6,1,3
BRDA:68,7,0,4
BRDA:68,7,1,3
BRDA:73,8,0,1
BRDA:73,8,1,2
BRDA:93,9,0,1
BRDA:93,9,1,0
BRDA:93,10,0,1
BRDA:93,10,1,1
BRDA:93,10,2,1
BRDA:123,11,0,3
BRDA:123,11,1,26
BRDA:126,12,0,29
BRDA:126,12,1,3
BRDA:135,13,0,5
BRDA:135,13,1,24
BRDA:138,14,0,29
BRDA:138,14,1,12
BRDA:139,15,0,5
BRDA:139,15,1,7
BRDA:157,16,0,29
BRDA:157,16,1,1
BRF:35
BRH:34
end_of_record
