{"/Users/filipandrzejczak/Desktop/Projekt_Main/Event-Planner/backend/controllers/commentController.js": {"path":"/Users/filipandrzejczak/Desktop/Projekt_Main/Event-Planner/backend/controllers/commentController.js","statementMap":{"0":{"start":{"line":1,"column":11},"end":{"line":1,"column":34}},"1":{"start":{"line":3,"column":20},"end":{"line":19,"column":3}},"2":{"start":{"line":4,"column":20},"end":{"line":4,"column":33}},"3":{"start":{"line":5,"column":18},"end":{"line":11,"column":5}},"4":{"start":{"line":12,"column":4},"end":{"line":18,"column":7}},"5":{"start":{"line":13,"column":6},"end":{"line":16,"column":7}},"6":{"start":{"line":14,"column":8},"end":{"line":14,"column":55}},"7":{"start":{"line":15,"column":8},"end":{"line":15,"column":79}},"8":{"start":{"line":17,"column":6},"end":{"line":17,"column":24}},"9":{"start":{"line":21,"column":19},"end":{"line":58,"column":1}},"10":{"start":{"line":22,"column":21},"end":{"line":22,"column":29}},"11":{"start":{"line":23,"column":20},"end":{"line":23,"column":33}},"12":{"start":{"line":24,"column":19},"end":{"line":24,"column":30}},"13":{"start":{"line":26,"column":4},"end":{"line":28,"column":5}},"14":{"start":{"line":27,"column":8},"end":{"line":27,"column":78}},"15":{"start":{"line":30,"column":18},"end":{"line":30,"column":83}},"16":{"start":{"line":31,"column":4},"end":{"line":57,"column":7}},"17":{"start":{"line":32,"column":8},"end":{"line":35,"column":9}},"18":{"start":{"line":33,"column":12},"end":{"line":33,"column":56}},"19":{"start":{"line":34,"column":12},"end":{"line":34,"column":83}},"20":{"start":{"line":37,"column":31},"end":{"line":41,"column":9}},"21":{"start":{"line":42,"column":8},"end":{"line":56,"column":11}},"22":{"start":{"line":43,"column":12},"end":{"line":46,"column":13}},"23":{"start":{"line":44,"column":16},"end":{"line":44,"column":71}},"24":{"start":{"line":45,"column":16},"end":{"line":45,"column":91}},"25":{"start":{"line":48,"column":25},"end":{"line":48,"column":38}},"26":{"start":{"line":49,"column":12},"end":{"line":55,"column":15}},"27":{"start":{"line":60,"column":0},"end":{"line":60,"column":45}}},"fnMap":{"0":{"name":"(anonymous_0)","decl":{"start":{"line":3,"column":20},"end":{"line":3,"column":21}},"loc":{"start":{"line":3,"column":34},"end":{"line":19,"column":3}},"line":3},"1":{"name":"(anonymous_1)","decl":{"start":{"line":12,"column":31},"end":{"line":12,"column":32}},"loc":{"start":{"line":12,"column":49},"end":{"line":18,"column":5}},"line":12},"2":{"name":"(anonymous_2)","decl":{"start":{"line":21,"column":19},"end":{"line":21,"column":20}},"loc":{"start":{"line":21,"column":33},"end":{"line":58,"column":1}},"line":21},"3":{"name":"(anonymous_3)","decl":{"start":{"line":31,"column":45},"end":{"line":31,"column":46}},"loc":{"start":{"line":31,"column":62},"end":{"line":57,"column":5}},"line":31},"4":{"name":"(anonymous_4)","decl":{"start":{"line":42,"column":43},"end":{"line":42,"column":44}},"loc":{"start":{"line":42,"column":68},"end":{"line":56,"column":9}},"line":42}},"branchMap":{"0":{"loc":{"start":{"line":13,"column":6},"end":{"line":16,"column":7}},"type":"if","locations":[{"start":{"line":13,"column":6},"end":{"line":16,"column":7}},{"start":{},"end":{}}],"line":13},"1":{"loc":{"start":{"line":26,"column":4},"end":{"line":28,"column":5}},"type":"if","locations":[{"start":{"line":26,"column":4},"end":{"line":28,"column":5}},{"start":{},"end":{}}],"line":26},"2":{"loc":{"start":{"line":32,"column":8},"end":{"line":35,"column":9}},"type":"if","locations":[{"start":{"line":32,"column":8},"end":{"line":35,"column":9}},{"start":{},"end":{}}],"line":32},"3":{"loc":{"start":{"line":43,"column":12},"end":{"line":46,"column":13}},"type":"if","locations":[{"start":{"line":43,"column":12},"end":{"line":46,"column":13}},{"start":{},"end":{}}],"line":43}},"s":{"0":2,"1":2,"2":2,"3":2,"4":2,"5":2,"6":1,"7":1,"8":1,"9":2,"10":4,"11":4,"12":4,"13":4,"14":1,"15":3,"16":3,"17":3,"18":1,"19":1,"20":2,"21":2,"22":2,"23":1,"24":1,"25":1,"26":1,"27":2},"f":{"0":2,"1":2,"2":4,"3":3,"4":2},"b":{"0":[1,1],"1":[1,3],"2":[1,2],"3":[1,1]},"_coverageSchema":"1a1c01bbd47fc00a2c39e90264f33305004495a9","hash":"e3a575082225533ca2015e49d1b1e4bd1c1904fb"}
,"/Users/filipandrzejczak/Desktop/Projekt_Main/Event-Planner/backend/controllers/eventController.js": {"path":"/Users/filipandrzejczak/Desktop/Projekt_Main/Event-Planner/backend/controllers/eventController.js","statementMap":{"0":{"start":{"line":1,"column":11},"end":{"line":1,"column":34}},"1":{"start":{"line":2,"column":15},"end":{"line":2,"column":32}},"2":{"start":{"line":3,"column":13},"end":{"line":3,"column":28}},"3":{"start":{"line":5,"column":16},"end":{"line":12,"column":2}},"4":{"start":{"line":7,"column":4},"end":{"line":7,"column":49}},"5":{"start":{"line":10,"column":4},"end":{"line":10,"column":51}},"6":{"start":{"line":13,"column":15},"end":{"line":13,"column":34}},"7":{"start":{"line":15,"column":20},"end":{"line":42,"column":1}},"8":{"start":{"line":16,"column":2},"end":{"line":41,"column":3}},"9":{"start":{"line":17,"column":61},"end":{"line":17,"column":69}},"10":{"start":{"line":18,"column":18},"end":{"line":18,"column":53}},"11":{"start":{"line":19,"column":23},"end":{"line":19,"column":34}},"12":{"start":{"line":21,"column":4},"end":{"line":21,"column":52}},"13":{"start":{"line":22,"column":4},"end":{"line":22,"column":44}},"14":{"start":{"line":23,"column":4},"end":{"line":23,"column":51}},"15":{"start":{"line":25,"column":4},"end":{"line":28,"column":5}},"16":{"start":{"line":26,"column":6},"end":{"line":26,"column":108}},"17":{"start":{"line":27,"column":6},"end":{"line":27,"column":75}},"18":{"start":{"line":30,"column":18},"end":{"line":30,"column":133}},"19":{"start":{"line":31,"column":4},"end":{"line":37,"column":7}},"20":{"start":{"line":32,"column":6},"end":{"line":35,"column":7}},"21":{"start":{"line":33,"column":8},"end":{"line":33,"column":67}},"22":{"start":{"line":34,"column":8},"end":{"line":34,"column":88}},"23":{"start":{"line":36,"column":6},"end":{"line":36,"column":71}},"24":{"start":{"line":39,"column":4},"end":{"line":39,"column":59}},"25":{"start":{"line":40,"column":4},"end":{"line":40,"column":75}},"26":{"start":{"line":44,"column":21},"end":{"line":63,"column":1}},"27":{"start":{"line":45,"column":25},"end":{"line":45,"column":34}},"28":{"start":{"line":46,"column":14},"end":{"line":50,"column":3}},"29":{"start":{"line":52,"column":2},"end":{"line":54,"column":3}},"30":{"start":{"line":53,"column":4},"end":{"line":53,"column":67}},"31":{"start":{"line":56,"column":2},"end":{"line":62,"column":5}},"32":{"start":{"line":57,"column":4},"end":{"line":60,"column":5}},"33":{"start":{"line":58,"column":6},"end":{"line":58,"column":51}},"34":{"start":{"line":59,"column":6},"end":{"line":59,"column":77}},"35":{"start":{"line":61,"column":4},"end":{"line":61,"column":22}},"36":{"start":{"line":64,"column":21},"end":{"line":86,"column":1}},"37":{"start":{"line":65,"column":18},"end":{"line":65,"column":31}},"38":{"start":{"line":67,"column":16},"end":{"line":72,"column":3}},"39":{"start":{"line":74,"column":2},"end":{"line":85,"column":5}},"40":{"start":{"line":75,"column":4},"end":{"line":78,"column":5}},"41":{"start":{"line":76,"column":6},"end":{"line":76,"column":58}},"42":{"start":{"line":77,"column":6},"end":{"line":77,"column":77}},"43":{"start":{"line":80,"column":4},"end":{"line":82,"column":5}},"44":{"start":{"line":81,"column":6},"end":{"line":81,"column":66}},"45":{"start":{"line":84,"column":4},"end":{"line":84,"column":25}},"46":{"start":{"line":88,"column":25},"end":{"line":130,"column":1}},"47":{"start":{"line":89,"column":21},"end":{"line":89,"column":29}},"48":{"start":{"line":90,"column":18},"end":{"line":90,"column":31}},"49":{"start":{"line":92,"column":2},"end":{"line":92,"column":42}},"50":{"start":{"line":93,"column":2},"end":{"line":93,"column":44}},"51":{"start":{"line":95,"column":2},"end":{"line":98,"column":3}},"52":{"start":{"line":96,"column":4},"end":{"line":96,"column":45}},"53":{"start":{"line":97,"column":4},"end":{"line":97,"column":83}},"54":{"start":{"line":100,"column":21},"end":{"line":100,"column":84}},"55":{"start":{"line":101,"column":2},"end":{"line":129,"column":5}},"56":{"start":{"line":102,"column":4},"end":{"line":105,"column":5}},"57":{"start":{"line":103,"column":6},"end":{"line":103,"column":44}},"58":{"start":{"line":104,"column":6},"end":{"line":104,"column":77}},"59":{"start":{"line":106,"column":4},"end":{"line":109,"column":5}},"60":{"start":{"line":107,"column":6},"end":{"line":107,"column":64}},"61":{"start":{"line":108,"column":6},"end":{"line":108,"column":93}},"62":{"start":{"line":111,"column":24},"end":{"line":111,"column":84}},"63":{"start":{"line":112,"column":4},"end":{"line":128,"column":7}},"64":{"start":{"line":113,"column":6},"end":{"line":116,"column":7}},"65":{"start":{"line":114,"column":8},"end":{"line":114,"column":60}},"66":{"start":{"line":115,"column":8},"end":{"line":115,"column":93}},"67":{"start":{"line":118,"column":26},"end":{"line":118,"column":96}},"68":{"start":{"line":119,"column":6},"end":{"line":127,"column":9}},"69":{"start":{"line":120,"column":8},"end":{"line":123,"column":9}},"70":{"start":{"line":121,"column":10},"end":{"line":121,"column":64}},"71":{"start":{"line":122,"column":10},"end":{"line":122,"column":98}},"72":{"start":{"line":125,"column":8},"end":{"line":125,"column":69}},"73":{"start":{"line":126,"column":8},"end":{"line":126,"column":72}},"74":{"start":{"line":132,"column":23},"end":{"line":188,"column":1}},"75":{"start":{"line":133,"column":21},"end":{"line":133,"column":29}},"76":{"start":{"line":134,"column":18},"end":{"line":134,"column":31}},"77":{"start":{"line":136,"column":2},"end":{"line":136,"column":42}},"78":{"start":{"line":137,"column":2},"end":{"line":137,"column":44}},"79":{"start":{"line":139,"column":2},"end":{"line":141,"column":3}},"80":{"start":{"line":140,"column":4},"end":{"line":140,"column":83}},"81":{"start":{"line":143,"column":29},"end":{"line":143,"column":88}},"82":{"start":{"line":144,"column":2},"end":{"line":187,"column":5}},"83":{"start":{"line":145,"column":4},"end":{"line":148,"column":5}},"84":{"start":{"line":146,"column":6},"end":{"line":146,"column":44}},"85":{"start":{"line":147,"column":6},"end":{"line":147,"column":77}},"86":{"start":{"line":150,"column":4},"end":{"line":152,"column":5}},"87":{"start":{"line":151,"column":6},"end":{"line":151,"column":67}},"88":{"start":{"line":154,"column":42},"end":{"line":154,"column":52}},"89":{"start":{"line":155,"column":4},"end":{"line":157,"column":5}},"90":{"start":{"line":156,"column":6},"end":{"line":156,"column":82}},"91":{"start":{"line":159,"column":23},"end":{"line":159,"column":86}},"92":{"start":{"line":160,"column":4},"end":{"line":186,"column":7}},"93":{"start":{"line":161,"column":6},"end":{"line":164,"column":7}},"94":{"start":{"line":162,"column":8},"end":{"line":162,"column":46}},"95":{"start":{"line":163,"column":8},"end":{"line":163,"column":79}},"96":{"start":{"line":165,"column":6},"end":{"line":167,"column":7}},"97":{"start":{"line":166,"column":8},"end":{"line":166,"column":97}},"98":{"start":{"line":169,"column":26},"end":{"line":169,"column":86}},"99":{"start":{"line":170,"column":6},"end":{"line":185,"column":9}},"100":{"start":{"line":171,"column":8},"end":{"line":174,"column":9}},"101":{"start":{"line":172,"column":10},"end":{"line":172,"column":48}},"102":{"start":{"line":173,"column":10},"end":{"line":173,"column":81}},"103":{"start":{"line":176,"column":28},"end":{"line":176,"column":98}},"104":{"start":{"line":177,"column":8},"end":{"line":184,"column":11}},"105":{"start":{"line":178,"column":10},"end":{"line":181,"column":11}},"106":{"start":{"line":179,"column":12},"end":{"line":179,"column":66}},"107":{"start":{"line":180,"column":12},"end":{"line":180,"column":100}},"108":{"start":{"line":183,"column":10},"end":{"line":183,"column":81}},"109":{"start":{"line":189,"column":25},"end":{"line":236,"column":1}},"110":{"start":{"line":190,"column":21},"end":{"line":190,"column":29}},"111":{"start":{"line":191,"column":18},"end":{"line":191,"column":31}},"112":{"start":{"line":193,"column":2},"end":{"line":195,"column":3}},"113":{"start":{"line":194,"column":4},"end":{"line":194,"column":83}},"114":{"start":{"line":197,"column":26},"end":{"line":197,"column":75}},"115":{"start":{"line":198,"column":2},"end":{"line":235,"column":5}},"116":{"start":{"line":199,"column":4},"end":{"line":202,"column":5}},"117":{"start":{"line":200,"column":6},"end":{"line":200,"column":50}},"118":{"start":{"line":201,"column":6},"end":{"line":201,"column":77}},"119":{"start":{"line":204,"column":4},"end":{"line":206,"column":5}},"120":{"start":{"line":205,"column":6},"end":{"line":205,"column":67}},"121":{"start":{"line":208,"column":27},"end":{"line":208,"column":53}},"122":{"start":{"line":210,"column":4},"end":{"line":212,"column":5}},"123":{"start":{"line":211,"column":6},"end":{"line":211,"column":100}},"124":{"start":{"line":214,"column":18},"end":{"line":214,"column":79}},"125":{"start":{"line":215,"column":4},"end":{"line":234,"column":7}},"126":{"start":{"line":216,"column":6},"end":{"line":219,"column":7}},"127":{"start":{"line":217,"column":8},"end":{"line":217,"column":59}},"128":{"start":{"line":218,"column":8},"end":{"line":218,"column":91}},"129":{"start":{"line":221,"column":6},"end":{"line":223,"column":7}},"130":{"start":{"line":222,"column":8},"end":{"line":222,"column":80}},"131":{"start":{"line":225,"column":26},"end":{"line":225,"column":96}},"132":{"start":{"line":226,"column":6},"end":{"line":233,"column":9}},"133":{"start":{"line":227,"column":8},"end":{"line":230,"column":9}},"134":{"start":{"line":228,"column":10},"end":{"line":228,"column":64}},"135":{"start":{"line":229,"column":10},"end":{"line":229,"column":98}},"136":{"start":{"line":232,"column":8},"end":{"line":232,"column":73}},"137":{"start":{"line":237,"column":21},"end":{"line":274,"column":1}},"138":{"start":{"line":238,"column":21},"end":{"line":238,"column":29}},"139":{"start":{"line":239,"column":18},"end":{"line":239,"column":31}},"140":{"start":{"line":241,"column":2},"end":{"line":243,"column":3}},"141":{"start":{"line":242,"column":4},"end":{"line":242,"column":83}},"142":{"start":{"line":245,"column":21},"end":{"line":245,"column":81}},"143":{"start":{"line":246,"column":2},"end":{"line":273,"column":5}},"144":{"start":{"line":247,"column":4},"end":{"line":250,"column":5}},"145":{"start":{"line":248,"column":6},"end":{"line":248,"column":53}},"146":{"start":{"line":249,"column":6},"end":{"line":249,"column":77}},"147":{"start":{"line":252,"column":4},"end":{"line":272,"column":5}},"148":{"start":{"line":254,"column":26},"end":{"line":254,"column":84}},"149":{"start":{"line":255,"column":6},"end":{"line":261,"column":9}},"150":{"start":{"line":256,"column":8},"end":{"line":259,"column":9}},"151":{"start":{"line":257,"column":10},"end":{"line":257,"column":57}},"152":{"start":{"line":258,"column":10},"end":{"line":258,"column":81}},"153":{"start":{"line":260,"column":8},"end":{"line":260,"column":61}},"154":{"start":{"line":264,"column":26},"end":{"line":264,"column":83}},"155":{"start":{"line":265,"column":6},"end":{"line":271,"column":9}},"156":{"start":{"line":266,"column":8},"end":{"line":269,"column":9}},"157":{"start":{"line":267,"column":10},"end":{"line":267,"column":56}},"158":{"start":{"line":268,"column":10},"end":{"line":268,"column":81}},"159":{"start":{"line":270,"column":8},"end":{"line":270,"column":59}},"160":{"start":{"line":276,"column":0},"end":{"line":276,"column":134}}},"fnMap":{"0":{"name":"(anonymous_0)","decl":{"start":{"line":6,"column":15},"end":{"line":6,"column":16}},"loc":{"start":{"line":6,"column":34},"end":{"line":8,"column":3}},"line":6},"1":{"name":"(anonymous_1)","decl":{"start":{"line":9,"column":12},"end":{"line":9,"column":13}},"loc":{"start":{"line":9,"column":31},"end":{"line":11,"column":3}},"line":9},"2":{"name":"(anonymous_2)","decl":{"start":{"line":15,"column":20},"end":{"line":15,"column":21}},"loc":{"start":{"line":15,"column":34},"end":{"line":42,"column":1}},"line":15},"3":{"name":"(anonymous_3)","decl":{"start":{"line":31,"column":87},"end":{"line":31,"column":88}},"loc":{"start":{"line":31,"column":96},"end":{"line":37,"column":5}},"line":31},"4":{"name":"(anonymous_4)","decl":{"start":{"line":44,"column":21},"end":{"line":44,"column":22}},"loc":{"start":{"line":44,"column":35},"end":{"line":63,"column":1}},"line":44},"5":{"name":"(anonymous_5)","decl":{"start":{"line":56,"column":18},"end":{"line":56,"column":19}},"loc":{"start":{"line":56,"column":36},"end":{"line":62,"column":3}},"line":56},"6":{"name":"(anonymous_6)","decl":{"start":{"line":64,"column":21},"end":{"line":64,"column":22}},"loc":{"start":{"line":64,"column":35},"end":{"line":86,"column":1}},"line":64},"7":{"name":"(anonymous_7)","decl":{"start":{"line":74,"column":29},"end":{"line":74,"column":30}},"loc":{"start":{"line":74,"column":47},"end":{"line":85,"column":3}},"line":74},"8":{"name":"(anonymous_8)","decl":{"start":{"line":88,"column":25},"end":{"line":88,"column":26}},"loc":{"start":{"line":88,"column":39},"end":{"line":130,"column":1}},"line":88},"9":{"name":"(anonymous_9)","decl":{"start":{"line":101,"column":42},"end":{"line":101,"column":43}},"loc":{"start":{"line":101,"column":60},"end":{"line":129,"column":3}},"line":101},"10":{"name":"(anonymous_10)","decl":{"start":{"line":112,"column":45},"end":{"line":112,"column":46}},"loc":{"start":{"line":112,"column":54},"end":{"line":128,"column":5}},"line":112},"11":{"name":"(anonymous_11)","decl":{"start":{"line":119,"column":39},"end":{"line":119,"column":40}},"loc":{"start":{"line":119,"column":56},"end":{"line":127,"column":7}},"line":119},"12":{"name":"(anonymous_12)","decl":{"start":{"line":132,"column":23},"end":{"line":132,"column":24}},"loc":{"start":{"line":132,"column":37},"end":{"line":188,"column":1}},"line":132},"13":{"name":"(anonymous_13)","decl":{"start":{"line":144,"column":42},"end":{"line":144,"column":43}},"loc":{"start":{"line":144,"column":60},"end":{"line":187,"column":3}},"line":144},"14":{"name":"(anonymous_14)","decl":{"start":{"line":160,"column":44},"end":{"line":160,"column":45}},"loc":{"start":{"line":160,"column":62},"end":{"line":186,"column":5}},"line":160},"15":{"name":"(anonymous_15)","decl":{"start":{"line":170,"column":47},"end":{"line":170,"column":48}},"loc":{"start":{"line":170,"column":56},"end":{"line":185,"column":7}},"line":170},"16":{"name":"(anonymous_16)","decl":{"start":{"line":177,"column":41},"end":{"line":177,"column":42}},"loc":{"start":{"line":177,"column":50},"end":{"line":184,"column":9}},"line":177},"17":{"name":"(anonymous_17)","decl":{"start":{"line":189,"column":25},"end":{"line":189,"column":26}},"loc":{"start":{"line":189,"column":39},"end":{"line":236,"column":1}},"line":189},"18":{"name":"(anonymous_18)","decl":{"start":{"line":198,"column":39},"end":{"line":198,"column":40}},"loc":{"start":{"line":198,"column":57},"end":{"line":235,"column":3}},"line":198},"19":{"name":"(anonymous_19)","decl":{"start":{"line":215,"column":39},"end":{"line":215,"column":40}},"loc":{"start":{"line":215,"column":56},"end":{"line":234,"column":5}},"line":215},"20":{"name":"(anonymous_20)","decl":{"start":{"line":226,"column":39},"end":{"line":226,"column":40}},"loc":{"start":{"line":226,"column":48},"end":{"line":233,"column":7}},"line":226},"21":{"name":"(anonymous_21)","decl":{"start":{"line":237,"column":21},"end":{"line":237,"column":22}},"loc":{"start":{"line":237,"column":35},"end":{"line":274,"column":1}},"line":237},"22":{"name":"(anonymous_22)","decl":{"start":{"line":246,"column":42},"end":{"line":246,"column":43}},"loc":{"start":{"line":246,"column":60},"end":{"line":273,"column":3}},"line":246},"23":{"name":"(anonymous_23)","decl":{"start":{"line":255,"column":47},"end":{"line":255,"column":48}},"loc":{"start":{"line":255,"column":56},"end":{"line":261,"column":7}},"line":255},"24":{"name":"(anonymous_24)","decl":{"start":{"line":265,"column":47},"end":{"line":265,"column":48}},"loc":{"start":{"line":265,"column":56},"end":{"line":271,"column":7}},"line":265}},"branchMap":{"0":{"loc":{"start":{"line":18,"column":18},"end":{"line":18,"column":53}},"type":"cond-expr","locations":[{"start":{"line":18,"column":29},"end":{"line":18,"column":46}},{"start":{"line":18,"column":49},"end":{"line":18,"column":53}}],"line":18},"1":{"loc":{"start":{"line":25,"column":4},"end":{"line":28,"column":5}},"type":"if","locations":[{"start":{"line":25,"column":4},"end":{"line":28,"column":5}},{"start":{},"end":{}}],"line":25},"2":{"loc":{"start":{"line":25,"column":8},"end":{"line":25,"column":65}},"type":"binary-expr","locations":[{"start":{"line":25,"column":8},"end":{"line":25,"column":14}},{"start":{"line":25,"column":18},"end":{"line":25,"column":30}},{"start":{"line":25,"column":34},"end":{"line":25,"column":39}},{"start":{"line":25,"column":43},"end":{"line":25,"column":52}},{"start":{"line":25,"column":56},"end":{"line":25,"column":65}}],"line":25},"3":{"loc":{"start":{"line":32,"column":6},"end":{"line":35,"column":7}},"type":"if","locations":[{"start":{"line":32,"column":6},"end":{"line":35,"column":7}},{"start":{},"end":{}}],"line":32},"4":{"loc":{"start":{"line":52,"column":2},"end":{"line":54,"column":3}},"type":"if","locations":[{"start":{"line":52,"column":2},"end":{"line":54,"column":3}},{"start":{},"end":{}}],"line":52},"5":{"loc":{"start":{"line":57,"column":4},"end":{"line":60,"column":5}},"type":"if","locations":[{"start":{"line":57,"column":4},"end":{"line":60,"column":5}},{"start":{},"end":{}}],"line":57},"6":{"loc":{"start":{"line":75,"column":4},"end":{"line":78,"column":5}},"type":"if","locations":[{"start":{"line":75,"column":4},"end":{"line":78,"column":5}},{"start":{},"end":{}}],"line":75},"7":{"loc":{"start":{"line":80,"column":4},"end":{"line":82,"column":5}},"type":"if","locations":[{"start":{"line":80,"column":4},"end":{"line":82,"column":5}},{"start":{},"end":{}}],"line":80},"8":{"loc":{"start":{"line":95,"column":2},"end":{"line":98,"column":3}},"type":"if","locations":[{"start":{"line":95,"column":2},"end":{"line":98,"column":3}},{"start":{},"end":{}}],"line":95},"9":{"loc":{"start":{"line":95,"column":6},"end":{"line":95,"column":25}},"type":"binary-expr","locations":[{"start":{"line":95,"column":6},"end":{"line":95,"column":13}},{"start":{"line":95,"column":17},"end":{"line":95,"column":25}}],"line":95},"10":{"loc":{"start":{"line":102,"column":4},"end":{"line":105,"column":5}},"type":"if","locations":[{"start":{"line":102,"column":4},"end":{"line":105,"column":5}},{"start":{},"end":{}}],"line":102},"11":{"loc":{"start":{"line":106,"column":4},"end":{"line":109,"column":5}},"type":"if","locations":[{"start":{"line":106,"column":4},"end":{"line":109,"column":5}},{"start":{},"end":{}}],"line":106},"12":{"loc":{"start":{"line":113,"column":6},"end":{"line":116,"column":7}},"type":"if","locations":[{"start":{"line":113,"column":6},"end":{"line":116,"column":7}},{"start":{},"end":{}}],"line":113},"13":{"loc":{"start":{"line":120,"column":8},"end":{"line":123,"column":9}},"type":"if","locations":[{"start":{"line":120,"column":8},"end":{"line":123,"column":9}},{"start":{},"end":{}}],"line":120},"14":{"loc":{"start":{"line":139,"column":2},"end":{"line":141,"column":3}},"type":"if","locations":[{"start":{"line":139,"column":2},"end":{"line":141,"column":3}},{"start":{},"end":{}}],"line":139},"15":{"loc":{"start":{"line":139,"column":6},"end":{"line":139,"column":25}},"type":"binary-expr","locations":[{"start":{"line":139,"column":6},"end":{"line":139,"column":13}},{"start":{"line":139,"column":17},"end":{"line":139,"column":25}}],"line":139},"16":{"loc":{"start":{"line":145,"column":4},"end":{"line":148,"column":5}},"type":"if","locations":[{"start":{"line":145,"column":4},"end":{"line":148,"column":5}},{"start":{},"end":{}}],"line":145},"17":{"loc":{"start":{"line":150,"column":4},"end":{"line":152,"column":5}},"type":"if","locations":[{"start":{"line":150,"column":4},"end":{"line":152,"column":5}},{"start":{},"end":{}}],"line":150},"18":{"loc":{"start":{"line":155,"column":4},"end":{"line":157,"column":5}},"type":"if","locations":[{"start":{"line":155,"column":4},"end":{"line":157,"column":5}},{"start":{},"end":{}}],"line":155},"19":{"loc":{"start":{"line":161,"column":6},"end":{"line":164,"column":7}},"type":"if","locations":[{"start":{"line":161,"column":6},"end":{"line":164,"column":7}},{"start":{},"end":{}}],"line":161},"20":{"loc":{"start":{"line":165,"column":6},"end":{"line":167,"column":7}},"type":"if","locations":[{"start":{"line":165,"column":6},"end":{"line":167,"column":7}},{"start":{},"end":{}}],"line":165},"21":{"loc":{"start":{"line":171,"column":8},"end":{"line":174,"column":9}},"type":"if","locations":[{"start":{"line":171,"column":8},"end":{"line":174,"column":9}},{"start":{},"end":{}}],"line":171},"22":{"loc":{"start":{"line":178,"column":10},"end":{"line":181,"column":11}},"type":"if","locations":[{"start":{"line":178,"column":10},"end":{"line":181,"column":11}},{"start":{},"end":{}}],"line":178},"23":{"loc":{"start":{"line":193,"column":2},"end":{"line":195,"column":3}},"type":"if","locations":[{"start":{"line":193,"column":2},"end":{"line":195,"column":3}},{"start":{},"end":{}}],"line":193},"24":{"loc":{"start":{"line":193,"column":6},"end":{"line":193,"column":25}},"type":"binary-expr","locations":[{"start":{"line":193,"column":6},"end":{"line":193,"column":13}},{"start":{"line":193,"column":17},"end":{"line":193,"column":25}}],"line":193},"25":{"loc":{"start":{"line":199,"column":4},"end":{"line":202,"column":5}},"type":"if","locations":[{"start":{"line":199,"column":4},"end":{"line":202,"column":5}},{"start":{},"end":{}}],"line":199},"26":{"loc":{"start":{"line":204,"column":4},"end":{"line":206,"column":5}},"type":"if","locations":[{"start":{"line":204,"column":4},"end":{"line":206,"column":5}},{"start":{},"end":{}}],"line":204},"27":{"loc":{"start":{"line":210,"column":4},"end":{"line":212,"column":5}},"type":"if","locations":[{"start":{"line":210,"column":4},"end":{"line":212,"column":5}},{"start":{},"end":{}}],"line":210},"28":{"loc":{"start":{"line":216,"column":6},"end":{"line":219,"column":7}},"type":"if","locations":[{"start":{"line":216,"column":6},"end":{"line":219,"column":7}},{"start":{},"end":{}}],"line":216},"29":{"loc":{"start":{"line":221,"column":6},"end":{"line":223,"column":7}},"type":"if","locations":[{"start":{"line":221,"column":6},"end":{"line":223,"column":7}},{"start":{},"end":{}}],"line":221},"30":{"loc":{"start":{"line":227,"column":8},"end":{"line":230,"column":9}},"type":"if","locations":[{"start":{"line":227,"column":8},"end":{"line":230,"column":9}},{"start":{},"end":{}}],"line":227},"31":{"loc":{"start":{"line":241,"column":2},"end":{"line":243,"column":3}},"type":"if","locations":[{"start":{"line":241,"column":2},"end":{"line":243,"column":3}},{"start":{},"end":{}}],"line":241},"32":{"loc":{"start":{"line":241,"column":6},"end":{"line":241,"column":25}},"type":"binary-expr","locations":[{"start":{"line":241,"column":6},"end":{"line":241,"column":13}},{"start":{"line":241,"column":17},"end":{"line":241,"column":25}}],"line":241},"33":{"loc":{"start":{"line":247,"column":4},"end":{"line":250,"column":5}},"type":"if","locations":[{"start":{"line":247,"column":4},"end":{"line":250,"column":5}},{"start":{},"end":{}}],"line":247},"34":{"loc":{"start":{"line":252,"column":4},"end":{"line":272,"column":5}},"type":"if","locations":[{"start":{"line":252,"column":4},"end":{"line":272,"column":5}},{"start":{"line":262,"column":11},"end":{"line":272,"column":5}}],"line":252},"35":{"loc":{"start":{"line":256,"column":8},"end":{"line":259,"column":9}},"type":"if","locations":[{"start":{"line":256,"column":8},"end":{"line":259,"column":9}},{"start":{},"end":{}}],"line":256},"36":{"loc":{"start":{"line":266,"column":8},"end":{"line":269,"column":9}},"type":"if","locations":[{"start":{"line":266,"column":8},"end":{"line":269,"column":9}},{"start":{},"end":{}}],"line":266}},"s":{"0":2,"1":2,"2":2,"3":2,"4":0,"5":0,"6":2,"7":2,"8":1,"9":1,"10":1,"11":1,"12":1,"13":1,"14":1,"15":1,"16":0,"17":0,"18":1,"19":1,"20":1,"21":0,"22":0,"23":1,"24":0,"25":0,"26":2,"27":4,"28":4,"29":4,"30":1,"31":4,"32":4,"33":1,"34":1,"35":3,"36":2,"37":3,"38":3,"39":3,"40":3,"41":1,"42":1,"43":2,"44":1,"45":1,"46":2,"47":0,"48":0,"49":0,"50":0,"51":0,"52":0,"53":0,"54":0,"55":0,"56":0,"57":0,"58":0,"59":0,"60":0,"61":0,"62":0,"63":0,"64":0,"65":0,"66":0,"67":0,"68":0,"69":0,"70":0,"71":0,"72":0,"73":0,"74":2,"75":5,"76":5,"77":5,"78":5,"79":5,"80":1,"81":4,"82":4,"83":4,"84":0,"85":0,"86":4,"87":1,"88":3,"89":3,"90":1,"91":2,"92":2,"93":2,"94":0,"95":0,"96":2,"97":1,"98":1,"99":1,"100":1,"101":0,"102":0,"103":1,"104":1,"105":1,"106":0,"107":0,"108":1,"109":2,"110":0,"111":0,"112":0,"113":0,"114":0,"115":0,"116":0,"117":0,"118":0,"119":0,"120":0,"121":0,"122":0,"123":0,"124":0,"125":0,"126":0,"127":0,"128":0,"129":0,"130":0,"131":0,"132":0,"133":0,"134":0,"135":0,"136":0,"137":2,"138":0,"139":0,"140":0,"141":0,"142":0,"143":0,"144":0,"145":0,"146":0,"147":0,"148":0,"149":0,"150":0,"151":0,"152":0,"153":0,"154":0,"155":0,"156":0,"157":0,"158":0,"159":0,"160":2},"f":{"0":0,"1":0,"2":1,"3":1,"4":4,"5":4,"6":3,"7":3,"8":0,"9":0,"10":0,"11":0,"12":5,"13":4,"14":2,"15":1,"16":1,"17":0,"18":0,"19":0,"20":0,"21":0,"22":0,"23":0,"24":0},"b":{"0":[0,1],"1":[0,1],"2":[1,1,1,1,1],"3":[0,1],"4":[1,3],"5":[1,3],"6":[1,2],"7":[1,1],"8":[0,0],"9":[0,0],"10":[0,0],"11":[0,0],"12":[0,0],"13":[0,0],"14":[1,4],"15":[5,4],"16":[0,4],"17":[1,3],"18":[1,2],"19":[0,2],"20":[1,1],"21":[0,1],"22":[0,1],"23":[0,0],"24":[0,0],"25":[0,0],"26":[0,0],"27":[0,0],"28":[0,0],"29":[0,0],"30":[0,0],"31":[0,0],"32":[0,0],"33":[0,0],"34":[0,0],"35":[0,0],"36":[0,0]},"_coverageSchema":"1a1c01bbd47fc00a2c39e90264f33305004495a9","hash":"bc10c3c64747d9d5dd1dff9e4d4173dae552e257"}
,"/Users/filipandrzejczak/Desktop/Projekt_Main/Event-Planner/backend/controllers/userController.js": {"path":"/Users/filipandrzejczak/Desktop/Projekt_Main/Event-Planner/backend/controllers/userController.js","statementMap":{"0":{"start":{"line":1,"column":15},"end":{"line":1,"column":34}},"1":{"start":{"line":2,"column":12},"end":{"line":2,"column":35}},"2":{"start":{"line":3,"column":11},"end":{"line":3,"column":34}},"3":{"start":{"line":4,"column":15},"end":{"line":4,"column":32}},"4":{"start":{"line":5,"column":13},"end":{"line":5,"column":28}},"5":{"start":{"line":6,"column":11},"end":{"line":6,"column":24}},"6":{"start":{"line":7,"column":18},"end":{"line":7,"column":40}},"7":{"start":{"line":9,"column":19},"end":{"line":9,"column":53}},"8":{"start":{"line":10,"column":0},"end":{"line":12,"column":1}},"9":{"start":{"line":11,"column":2},"end":{"line":11,"column":27}},"10":{"start":{"line":14,"column":16},"end":{"line":21,"column":2}},"11":{"start":{"line":16,"column":4},"end":{"line":16,"column":25}},"12":{"start":{"line":19,"column":4},"end":{"line":19,"column":51}},"13":{"start":{"line":23,"column":15},"end":{"line":23,"column":34}},"14":{"start":{"line":25,"column":17},"end":{"line":65,"column":1}},"15":{"start":{"line":26,"column":40},"end":{"line":26,"column":48}},"16":{"start":{"line":27,"column":16},"end":{"line":27,"column":51}},"17":{"start":{"line":29,"column":2},"end":{"line":64,"column":3}},"18":{"start":{"line":30,"column":4},"end":{"line":30,"column":61}},"19":{"start":{"line":32,"column":28},"end":{"line":32,"column":66}},"20":{"start":{"line":33,"column":4},"end":{"line":60,"column":7}},"21":{"start":{"line":34,"column":6},"end":{"line":37,"column":7}},"22":{"start":{"line":35,"column":8},"end":{"line":35,"column":65}},"23":{"start":{"line":36,"column":8},"end":{"line":36,"column":79}},"24":{"start":{"line":39,"column":6},"end":{"line":42,"column":7}},"25":{"start":{"line":40,"column":8},"end":{"line":40,"column":52}},"26":{"start":{"line":41,"column":8},"end":{"line":41,"column":77}},"27":{"start":{"line":44,"column":29},"end":{"line":44,"column":60}},"28":{"start":{"line":45,"column":20},"end":{"line":45,"column":113}},"29":{"start":{"line":46,"column":6},"end":{"line":59,"column":9}},"30":{"start":{"line":47,"column":8},"end":{"line":55,"column":9}},"31":{"start":{"line":48,"column":10},"end":{"line":51,"column":11}},"32":{"start":{"line":49,"column":12},"end":{"line":49,"column":57}},"33":{"start":{"line":50,"column":12},"end":{"line":50,"column":81}},"34":{"start":{"line":53,"column":10},"end":{"line":53,"column":70}},"35":{"start":{"line":54,"column":10},"end":{"line":54,"column":81}},"36":{"start":{"line":57,"column":8},"end":{"line":57,"column":60}},"37":{"start":{"line":58,"column":8},"end":{"line":58,"column":75}},"38":{"start":{"line":62,"column":4},"end":{"line":62,"column":64}},"39":{"start":{"line":63,"column":4},"end":{"line":63,"column":75}},"40":{"start":{"line":66,"column":24},"end":{"line":77,"column":1}},"41":{"start":{"line":67,"column":17},"end":{"line":67,"column":34}},"42":{"start":{"line":69,"column":16},"end":{"line":69,"column":74}},"43":{"start":{"line":70,"column":2},"end":{"line":76,"column":5}},"44":{"start":{"line":71,"column":4},"end":{"line":74,"column":5}},"45":{"start":{"line":72,"column":6},"end":{"line":72,"column":58}},"46":{"start":{"line":73,"column":6},"end":{"line":73,"column":77}},"47":{"start":{"line":75,"column":4},"end":{"line":75,"column":42}},"48":{"start":{"line":79,"column":26},"end":{"line":91,"column":1}},"49":{"start":{"line":80,"column":17},"end":{"line":80,"column":34}},"50":{"start":{"line":81,"column":26},"end":{"line":81,"column":34}},"51":{"start":{"line":83,"column":16},"end":{"line":83,"column":63}},"52":{"start":{"line":84,"column":2},"end":{"line":90,"column":5}},"53":{"start":{"line":85,"column":4},"end":{"line":88,"column":5}},"54":{"start":{"line":86,"column":6},"end":{"line":86,"column":56}},"55":{"start":{"line":87,"column":6},"end":{"line":87,"column":77}},"56":{"start":{"line":89,"column":4},"end":{"line":89,"column":63}},"57":{"start":{"line":93,"column":14},"end":{"line":113,"column":1}},"58":{"start":{"line":94,"column":30},"end":{"line":94,"column":38}},"59":{"start":{"line":96,"column":2},"end":{"line":112,"column":3}},"60":{"start":{"line":97,"column":22},"end":{"line":97,"column":59}},"61":{"start":{"line":98,"column":4},"end":{"line":108,"column":7}},"62":{"start":{"line":99,"column":6},"end":{"line":99,"column":74}},"63":{"start":{"line":99,"column":15},"end":{"line":99,"column":74}},"64":{"start":{"line":100,"column":6},"end":{"line":100,"column":91}},"65":{"start":{"line":100,"column":32},"end":{"line":100,"column":91}},"66":{"start":{"line":102,"column":19},"end":{"line":102,"column":29}},"67":{"start":{"line":103,"column":30},"end":{"line":103,"column":75}},"68":{"start":{"line":104,"column":6},"end":{"line":104,"column":92}},"69":{"start":{"line":104,"column":28},"end":{"line":104,"column":92}},"70":{"start":{"line":106,"column":20},"end":{"line":106,"column":96}},"71":{"start":{"line":107,"column":6},"end":{"line":107,"column":55}},"72":{"start":{"line":110,"column":4},"end":{"line":110,"column":48}},"73":{"start":{"line":111,"column":4},"end":{"line":111,"column":63}},"74":{"start":{"line":115,"column":18},"end":{"line":135,"column":1}},"75":{"start":{"line":116,"column":30},"end":{"line":116,"column":38}},"76":{"start":{"line":117,"column":18},"end":{"line":117,"column":29}},"77":{"start":{"line":119,"column":2},"end":{"line":121,"column":3}},"78":{"start":{"line":120,"column":4},"end":{"line":120,"column":87}},"79":{"start":{"line":123,"column":16},"end":{"line":127,"column":3}},"80":{"start":{"line":128,"column":2},"end":{"line":134,"column":5}},"81":{"start":{"line":129,"column":4},"end":{"line":132,"column":5}},"82":{"start":{"line":130,"column":6},"end":{"line":130,"column":49}},"83":{"start":{"line":131,"column":6},"end":{"line":131,"column":77}},"84":{"start":{"line":133,"column":4},"end":{"line":133,"column":60}},"85":{"start":{"line":137,"column":25},"end":{"line":153,"column":1}},"86":{"start":{"line":138,"column":18},"end":{"line":138,"column":35}},"87":{"start":{"line":140,"column":16},"end":{"line":144,"column":3}},"88":{"start":{"line":145,"column":2},"end":{"line":152,"column":5}},"89":{"start":{"line":146,"column":4},"end":{"line":149,"column":5}},"90":{"start":{"line":147,"column":6},"end":{"line":147,"column":59}},"91":{"start":{"line":148,"column":6},"end":{"line":148,"column":77}},"92":{"start":{"line":150,"column":26},"end":{"line":150,"column":55}},"93":{"start":{"line":151,"column":4},"end":{"line":151,"column":59}},"94":{"start":{"line":155,"column":23},"end":{"line":164,"column":1}},"95":{"start":{"line":156,"column":17},"end":{"line":156,"column":34}},"96":{"start":{"line":157,"column":16},"end":{"line":157,"column":96}},"97":{"start":{"line":158,"column":2},"end":{"line":163,"column":5}},"98":{"start":{"line":159,"column":4},"end":{"line":161,"column":5}},"99":{"start":{"line":160,"column":6},"end":{"line":160,"column":66}},"100":{"start":{"line":162,"column":4},"end":{"line":162,"column":25}},"101":{"start":{"line":165,"column":21},"end":{"line":181,"column":1}},"102":{"start":{"line":166,"column":17},"end":{"line":166,"column":34}},"103":{"start":{"line":168,"column":16},"end":{"line":173,"column":3}},"104":{"start":{"line":174,"column":2},"end":{"line":180,"column":5}},"105":{"start":{"line":175,"column":4},"end":{"line":178,"column":5}},"106":{"start":{"line":176,"column":6},"end":{"line":176,"column":60}},"107":{"start":{"line":177,"column":6},"end":{"line":177,"column":77}},"108":{"start":{"line":179,"column":4},"end":{"line":179,"column":22}},"109":{"start":{"line":183,"column":28},"end":{"line":194,"column":1}},"110":{"start":{"line":184,"column":17},"end":{"line":184,"column":34}},"111":{"start":{"line":185,"column":16},"end":{"line":185,"column":69}},"112":{"start":{"line":186,"column":2},"end":{"line":193,"column":5}},"113":{"start":{"line":187,"column":4},"end":{"line":187,"column":46}},"114":{"start":{"line":187,"column":13},"end":{"line":187,"column":46}},"115":{"start":{"line":188,"column":29},"end":{"line":191,"column":10}},"116":{"start":{"line":189,"column":6},"end":{"line":189,"column":31}},"117":{"start":{"line":190,"column":6},"end":{"line":190,"column":17}},"118":{"start":{"line":192,"column":4},"end":{"line":192,"column":31}},"119":{"start":{"line":196,"column":0},"end":{"line":196,"column":189}}},"fnMap":{"0":{"name":"(anonymous_0)","decl":{"start":{"line":15,"column":15},"end":{"line":15,"column":16}},"loc":{"start":{"line":15,"column":34},"end":{"line":17,"column":3}},"line":15},"1":{"name":"(anonymous_1)","decl":{"start":{"line":18,"column":12},"end":{"line":18,"column":13}},"loc":{"start":{"line":18,"column":31},"end":{"line":20,"column":3}},"line":18},"2":{"name":"(anonymous_2)","decl":{"start":{"line":25,"column":17},"end":{"line":25,"column":18}},"loc":{"start":{"line":25,"column":37},"end":{"line":65,"column":1}},"line":25},"3":{"name":"(anonymous_3)","decl":{"start":{"line":33,"column":39},"end":{"line":33,"column":40}},"loc":{"start":{"line":33,"column":63},"end":{"line":60,"column":5}},"line":33},"4":{"name":"(anonymous_4)","decl":{"start":{"line":46,"column":64},"end":{"line":46,"column":65}},"loc":{"start":{"line":46,"column":73},"end":{"line":59,"column":7}},"line":46},"5":{"name":"(anonymous_5)","decl":{"start":{"line":66,"column":24},"end":{"line":66,"column":25}},"loc":{"start":{"line":66,"column":38},"end":{"line":77,"column":1}},"line":66},"6":{"name":"(anonymous_6)","decl":{"start":{"line":70,"column":28},"end":{"line":70,"column":29}},"loc":{"start":{"line":70,"column":46},"end":{"line":76,"column":3}},"line":70},"7":{"name":"(anonymous_7)","decl":{"start":{"line":79,"column":26},"end":{"line":79,"column":27}},"loc":{"start":{"line":79,"column":40},"end":{"line":91,"column":1}},"line":79},"8":{"name":"(anonymous_8)","decl":{"start":{"line":84,"column":41},"end":{"line":84,"column":42}},"loc":{"start":{"line":84,"column":50},"end":{"line":90,"column":3}},"line":84},"9":{"name":"(anonymous_9)","decl":{"start":{"line":93,"column":14},"end":{"line":93,"column":15}},"loc":{"start":{"line":93,"column":34},"end":{"line":113,"column":1}},"line":93},"10":{"name":"(anonymous_10)","decl":{"start":{"line":98,"column":33},"end":{"line":98,"column":34}},"loc":{"start":{"line":98,"column":57},"end":{"line":108,"column":5}},"line":98},"11":{"name":"(anonymous_11)","decl":{"start":{"line":115,"column":18},"end":{"line":115,"column":19}},"loc":{"start":{"line":115,"column":32},"end":{"line":135,"column":1}},"line":115},"12":{"name":"(anonymous_12)","decl":{"start":{"line":128,"column":46},"end":{"line":128,"column":47}},"loc":{"start":{"line":128,"column":55},"end":{"line":134,"column":3}},"line":128},"13":{"name":"(anonymous_13)","decl":{"start":{"line":137,"column":25},"end":{"line":137,"column":26}},"loc":{"start":{"line":137,"column":39},"end":{"line":153,"column":1}},"line":137},"14":{"name":"(anonymous_14)","decl":{"start":{"line":145,"column":29},"end":{"line":145,"column":30}},"loc":{"start":{"line":145,"column":47},"end":{"line":152,"column":3}},"line":145},"15":{"name":"(anonymous_15)","decl":{"start":{"line":155,"column":23},"end":{"line":155,"column":24}},"loc":{"start":{"line":155,"column":37},"end":{"line":164,"column":1}},"line":155},"16":{"name":"(anonymous_16)","decl":{"start":{"line":158,"column":28},"end":{"line":158,"column":29}},"loc":{"start":{"line":158,"column":46},"end":{"line":163,"column":3}},"line":158},"17":{"name":"(anonymous_17)","decl":{"start":{"line":165,"column":21},"end":{"line":165,"column":22}},"loc":{"start":{"line":165,"column":35},"end":{"line":181,"column":1}},"line":165},"18":{"name":"(anonymous_18)","decl":{"start":{"line":174,"column":28},"end":{"line":174,"column":29}},"loc":{"start":{"line":174,"column":46},"end":{"line":180,"column":3}},"line":174},"19":{"name":"(anonymous_19)","decl":{"start":{"line":183,"column":28},"end":{"line":183,"column":29}},"loc":{"start":{"line":183,"column":42},"end":{"line":194,"column":1}},"line":183},"20":{"name":"(anonymous_20)","decl":{"start":{"line":186,"column":28},"end":{"line":186,"column":29}},"loc":{"start":{"line":186,"column":46},"end":{"line":193,"column":3}},"line":186},"21":{"name":"(anonymous_21)","decl":{"start":{"line":188,"column":44},"end":{"line":188,"column":45}},"loc":{"start":{"line":188,"column":58},"end":{"line":191,"column":5}},"line":188}},"branchMap":{"0":{"loc":{"start":{"line":10,"column":0},"end":{"line":12,"column":1}},"type":"if","locations":[{"start":{"line":10,"column":0},"end":{"line":12,"column":1}},{"start":{},"end":{}}],"line":10},"1":{"loc":{"start":{"line":27,"column":16},"end":{"line":27,"column":51}},"type":"cond-expr","locations":[{"start":{"line":27,"column":27},"end":{"line":27,"column":44}},{"start":{"line":27,"column":47},"end":{"line":27,"column":51}}],"line":27},"2":{"loc":{"start":{"line":34,"column":6},"end":{"line":37,"column":7}},"type":"if","locations":[{"start":{"line":34,"column":6},"end":{"line":37,"column":7}},{"start":{},"end":{}}],"line":34},"3":{"loc":{"start":{"line":39,"column":6},"end":{"line":42,"column":7}},"type":"if","locations":[{"start":{"line":39,"column":6},"end":{"line":42,"column":7}},{"start":{},"end":{}}],"line":39},"4":{"loc":{"start":{"line":47,"column":8},"end":{"line":55,"column":9}},"type":"if","locations":[{"start":{"line":47,"column":8},"end":{"line":55,"column":9}},{"start":{},"end":{}}],"line":47},"5":{"loc":{"start":{"line":48,"column":10},"end":{"line":51,"column":11}},"type":"if","locations":[{"start":{"line":48,"column":10},"end":{"line":51,"column":11}},{"start":{},"end":{}}],"line":48},"6":{"loc":{"start":{"line":71,"column":4},"end":{"line":74,"column":5}},"type":"if","locations":[{"start":{"line":71,"column":4},"end":{"line":74,"column":5}},{"start":{},"end":{}}],"line":71},"7":{"loc":{"start":{"line":85,"column":4},"end":{"line":88,"column":5}},"type":"if","locations":[{"start":{"line":85,"column":4},"end":{"line":88,"column":5}},{"start":{},"end":{}}],"line":85},"8":{"loc":{"start":{"line":99,"column":6},"end":{"line":99,"column":74}},"type":"if","locations":[{"start":{"line":99,"column":6},"end":{"line":99,"column":74}},{"start":{},"end":{}}],"line":99},"9":{"loc":{"start":{"line":100,"column":6},"end":{"line":100,"column":91}},"type":"if","locations":[{"start":{"line":100,"column":6},"end":{"line":100,"column":91}},{"start":{},"end":{}}],"line":100},"10":{"loc":{"start":{"line":104,"column":6},"end":{"line":104,"column":92}},"type":"if","locations":[{"start":{"line":104,"column":6},"end":{"line":104,"column":92}},{"start":{},"end":{}}],"line":104},"11":{"loc":{"start":{"line":119,"column":2},"end":{"line":121,"column":3}},"type":"if","locations":[{"start":{"line":119,"column":2},"end":{"line":121,"column":3}},{"start":{},"end":{}}],"line":119},"12":{"loc":{"start":{"line":119,"column":6},"end":{"line":119,"column":25}},"type":"binary-expr","locations":[{"start":{"line":119,"column":6},"end":{"line":119,"column":14}},{"start":{"line":119,"column":18},"end":{"line":119,"column":25}}],"line":119},"13":{"loc":{"start":{"line":129,"column":4},"end":{"line":132,"column":5}},"type":"if","locations":[{"start":{"line":129,"column":4},"end":{"line":132,"column":5}},{"start":{},"end":{}}],"line":129},"14":{"loc":{"start":{"line":146,"column":4},"end":{"line":149,"column":5}},"type":"if","locations":[{"start":{"line":146,"column":4},"end":{"line":149,"column":5}},{"start":{},"end":{}}],"line":146},"15":{"loc":{"start":{"line":150,"column":26},"end":{"line":150,"column":55}},"type":"binary-expr","locations":[{"start":{"line":150,"column":26},"end":{"line":150,"column":50}},{"start":{"line":150,"column":54},"end":{"line":150,"column":55}}],"line":150},"16":{"loc":{"start":{"line":159,"column":4},"end":{"line":161,"column":5}},"type":"if","locations":[{"start":{"line":159,"column":4},"end":{"line":161,"column":5}},{"start":{},"end":{}}],"line":159},"17":{"loc":{"start":{"line":159,"column":8},"end":{"line":159,"column":35}},"type":"binary-expr","locations":[{"start":{"line":159,"column":8},"end":{"line":159,"column":11}},{"start":{"line":159,"column":15},"end":{"line":159,"column":35}}],"line":159},"18":{"loc":{"start":{"line":175,"column":4},"end":{"line":178,"column":5}},"type":"if","locations":[{"start":{"line":175,"column":4},"end":{"line":178,"column":5}},{"start":{},"end":{}}],"line":175},"19":{"loc":{"start":{"line":187,"column":4},"end":{"line":187,"column":46}},"type":"if","locations":[{"start":{"line":187,"column":4},"end":{"line":187,"column":46}},{"start":{},"end":{}}],"line":187}},"s":{"0":2,"1":2,"2":2,"3":2,"4":2,"5":2,"6":2,"7":2,"8":2,"9":0,"10":2,"11":0,"12":0,"13":2,"14":2,"15":2,"16":2,"17":2,"18":2,"19":2,"20":2,"21":2,"22":0,"23":0,"24":2,"25":1,"26":1,"27":1,"28":1,"29":1,"30":1,"31":0,"32":0,"33":0,"34":0,"35":0,"36":1,"37":1,"38":0,"39":0,"40":2,"41":0,"42":0,"43":0,"44":0,"45":0,"46":0,"47":0,"48":2,"49":0,"50":0,"51":0,"52":0,"53":0,"54":0,"55":0,"56":0,"57":2,"58":6,"59":6,"60":6,"61":6,"62":6,"63":1,"64":5,"65":1,"66":4,"67":4,"68":4,"69":1,"70":3,"71":3,"72":0,"73":0,"74":2,"75":0,"76":0,"77":0,"78":0,"79":0,"80":0,"81":0,"82":0,"83":0,"84":0,"85":2,"86":3,"87":3,"88":3,"89":3,"90":1,"91":1,"92":2,"93":2,"94":2,"95":3,"96":3,"97":3,"98":3,"99":2,"100":1,"101":2,"102":0,"103":0,"104":0,"105":0,"106":0,"107":0,"108":0,"109":2,"110":0,"111":0,"112":0,"113":0,"114":0,"115":0,"116":0,"117":0,"118":0,"119":2},"f":{"0":0,"1":0,"2":2,"3":2,"4":1,"5":0,"6":0,"7":0,"8":0,"9":6,"10":6,"11":0,"12":0,"13":3,"14":3,"15":3,"16":3,"17":0,"18":0,"19":0,"20":0,"21":0},"b":{"0":[0,2],"1":[0,2],"2":[0,2],"3":[1,1],"4":[0,1],"5":[0,0],"6":[0,0],"7":[0,0],"8":[1,5],"9":[1,4],"10":[1,3],"11":[0,0],"12":[0,0],"13":[0,0],"14":[1,2],"15":[2,1],"16":[2,1],"17":[3,2],"18":[0,0],"19":[0,0]},"_coverageSchema":"1a1c01bbd47fc00a2c39e90264f33305004495a9","hash":"76a2edafc068b489c71496b43ca34adc9f4125a9"}
,"/Users/filipandrzejczak/Desktop/Projekt_Main/Event-Planner/backend/middleware/authMiddleware.js": {"path":"/Users/filipandrzejczak/Desktop/Projekt_Main/Event-Planner/backend/middleware/authMiddleware.js","statementMap":{"0":{"start":{"line":1,"column":12},"end":{"line":1,"column":35}},"1":{"start":{"line":3,"column":20},"end":{"line":26,"column":1}},"2":{"start":{"line":4,"column":2},"end":{"line":25,"column":3}},"3":{"start":{"line":5,"column":23},"end":{"line":5,"column":51}},"4":{"start":{"line":6,"column":4},"end":{"line":8,"column":5}},"5":{"start":{"line":7,"column":6},"end":{"line":7,"column":82}},"6":{"start":{"line":10,"column":18},"end":{"line":10,"column":42}},"7":{"start":{"line":11,"column":4},"end":{"line":13,"column":5}},"8":{"start":{"line":12,"column":6},"end":{"line":12,"column":67}},"9":{"start":{"line":15,"column":4},"end":{"line":21,"column":7}},"10":{"start":{"line":16,"column":6},"end":{"line":18,"column":7}},"11":{"start":{"line":17,"column":8},"end":{"line":17,"column":77}},"12":{"start":{"line":19,"column":6},"end":{"line":19,"column":22}},"13":{"start":{"line":20,"column":6},"end":{"line":20,"column":13}},"14":{"start":{"line":23,"column":4},"end":{"line":23,"column":72}},"15":{"start":{"line":24,"column":4},"end":{"line":24,"column":63}},"16":{"start":{"line":28,"column":0},"end":{"line":28,"column":33}}},"fnMap":{"0":{"name":"(anonymous_0)","decl":{"start":{"line":3,"column":20},"end":{"line":3,"column":21}},"loc":{"start":{"line":3,"column":40},"end":{"line":26,"column":1}},"line":3},"1":{"name":"(anonymous_1)","decl":{"start":{"line":15,"column":46},"end":{"line":15,"column":47}},"loc":{"start":{"line":15,"column":61},"end":{"line":21,"column":5}},"line":15}},"branchMap":{"0":{"loc":{"start":{"line":6,"column":4},"end":{"line":8,"column":5}},"type":"if","locations":[{"start":{"line":6,"column":4},"end":{"line":8,"column":5}},{"start":{},"end":{}}],"line":6},"1":{"loc":{"start":{"line":11,"column":4},"end":{"line":13,"column":5}},"type":"if","locations":[{"start":{"line":11,"column":4},"end":{"line":13,"column":5}},{"start":{},"end":{}}],"line":11},"2":{"loc":{"start":{"line":16,"column":6},"end":{"line":18,"column":7}},"type":"if","locations":[{"start":{"line":16,"column":6},"end":{"line":18,"column":7}},{"start":{},"end":{}}],"line":16}},"s":{"0":1,"1":1,"2":1,"3":1,"4":1,"5":0,"6":1,"7":1,"8":0,"9":1,"10":1,"11":0,"12":1,"13":1,"14":0,"15":0,"16":1},"f":{"0":1,"1":1},"b":{"0":[0,1],"1":[0,1],"2":[0,1]},"_coverageSchema":"1a1c01bbd47fc00a2c39e90264f33305004495a9","hash":"209505cda6af49d185bee010ff1f8ebbd7daf901"}
,"/Users/filipandrzejczak/Desktop/Projekt_Main/Event-Planner/backend/models/db.js": {"path":"/Users/filipandrzejczak/Desktop/Projekt_Main/Event-Planner/backend/models/db.js","statementMap":{"0":{"start":{"line":1,"column":14},"end":{"line":1,"column":31}},"1":{"start":{"line":2,"column":0},"end":{"line":2,"column":27}},"2":{"start":{"line":4,"column":11},"end":{"line":9,"column":2}},"3":{"start":{"line":11,"column":0},"end":{"line":11,"column":20}}},"fnMap":{},"branchMap":{},"s":{"0":1,"1":1,"2":1,"3":1},"f":{},"b":{},"_coverageSchema":"1a1c01bbd47fc00a2c39e90264f33305004495a9","hash":"a793798dd8a88faa15145790d42e20d004c94d68"}
,"/Users/filipandrzejczak/Desktop/Projekt_Main/Event-Planner/backend/routes/eventRoutes.js": {"path":"/Users/filipandrzejczak/Desktop/Projekt_Main/Event-Planner/backend/routes/eventRoutes.js","statementMap":{"0":{"start":{"line":1,"column":16},"end":{"line":1,"column":34}},"1":{"start":{"line":2,"column":126},"end":{"line":2,"column":167}},"2":{"start":{"line":3,"column":36},"end":{"line":3,"column":79}},"3":{"start":{"line":4,"column":24},"end":{"line":4,"column":63}},"4":{"start":{"line":5,"column":15},"end":{"line":5,"column":31}},"5":{"start":{"line":7,"column":0},"end":{"line":7,"column":67}},"6":{"start":{"line":8,"column":0},"end":{"line":8,"column":30}},"7":{"start":{"line":9,"column":0},"end":{"line":9,"column":33}},"8":{"start":{"line":10,"column":0},"end":{"line":10,"column":41}},"9":{"start":{"line":11,"column":0},"end":{"line":11,"column":54}},"10":{"start":{"line":12,"column":0},"end":{"line":12,"column":56}},"11":{"start":{"line":13,"column":0},"end":{"line":13,"column":47}},"12":{"start":{"line":14,"column":0},"end":{"line":14,"column":56}},"13":{"start":{"line":15,"column":0},"end":{"line":15,"column":60}},"14":{"start":{"line":18,"column":0},"end":{"line":18,"column":24}}},"fnMap":{},"branchMap":{},"s":{"0":1,"1":1,"2":1,"3":1,"4":1,"5":1,"6":1,"7":1,"8":1,"9":1,"10":1,"11":1,"12":1,"13":1,"14":1},"f":{},"b":{},"_coverageSchema":"1a1c01bbd47fc00a2c39e90264f33305004495a9","hash":"f1f539bbf574e9daf1d4cc16a15ef42687c95809"}
,"/Users/filipandrzejczak/Desktop/Projekt_Main/Event-Planner/backend/routes/userRoutes.js": {"path":"/Users/filipandrzejczak/Desktop/Projekt_Main/Event-Planner/backend/routes/userRoutes.js","statementMap":{"0":{"start":{"line":1,"column":16},"end":{"line":1,"column":34}},"1":{"start":{"line":2,"column":15},"end":{"line":2,"column":31}},"2":{"start":{"line":3,"column":23},"end":{"line":3,"column":63}},"3":{"start":{"line":4,"column":57},"end":{"line":4,"column":97}},"4":{"start":{"line":5,"column":24},"end":{"line":5,"column":63}},"5":{"start":{"line":7,"column":0},"end":{"line":7,"column":50}},"6":{"start":{"line":8,"column":0},"end":{"line":8,"column":44}},"7":{"start":{"line":9,"column":0},"end":{"line":9,"column":54}},"8":{"start":{"line":10,"column":0},"end":{"line":10,"column":45}},"9":{"start":{"line":11,"column":0},"end":{"line":11,"column":55}},"10":{"start":{"line":12,"column":0},"end":{"line":12,"column":56}},"11":{"start":{"line":13,"column":0},"end":{"line":13,"column":82}},"12":{"start":{"line":14,"column":0},"end":{"line":14,"column":75}},"13":{"start":{"line":15,"column":0},"end":{"line":15,"column":70}},"14":{"start":{"line":16,"column":0},"end":{"line":32,"column":5}},"15":{"start":{"line":17,"column":19},"end":{"line":17,"column":36}},"16":{"start":{"line":19,"column":18},"end":{"line":24,"column":5}},"17":{"start":{"line":25,"column":4},"end":{"line":31,"column":7}},"18":{"start":{"line":26,"column":6},"end":{"line":29,"column":7}},"19":{"start":{"line":27,"column":8},"end":{"line":27,"column":62}},"20":{"start":{"line":28,"column":8},"end":{"line":28,"column":79}},"21":{"start":{"line":30,"column":6},"end":{"line":30,"column":24}},"22":{"start":{"line":34,"column":0},"end":{"line":34,"column":24}}},"fnMap":{"0":{"name":"(anonymous_0)","decl":{"start":{"line":16,"column":46},"end":{"line":16,"column":47}},"loc":{"start":{"line":16,"column":60},"end":{"line":32,"column":3}},"line":16},"1":{"name":"(anonymous_1)","decl":{"start":{"line":25,"column":30},"end":{"line":25,"column":31}},"loc":{"start":{"line":25,"column":48},"end":{"line":31,"column":5}},"line":25}},"branchMap":{"0":{"loc":{"start":{"line":26,"column":6},"end":{"line":29,"column":7}},"type":"if","locations":[{"start":{"line":26,"column":6},"end":{"line":29,"column":7}},{"start":{},"end":{}}],"line":26}},"s":{"0":1,"1":1,"2":1,"3":1,"4":1,"5":1,"6":1,"7":1,"8":1,"9":1,"10":1,"11":1,"12":1,"13":1,"14":1,"15":0,"16":0,"17":0,"18":0,"19":0,"20":0,"21":0,"22":1},"f":{"0":0,"1":0},"b":{"0":[0,0]},"_coverageSchema":"1a1c01bbd47fc00a2c39e90264f33305004495a9","hash":"7588f7312439e4637294224e43015e006ce5c9cb"}
}
