TN:
SF:controllers/commentController.js
FN:3,(anonymous_0)
FN:12,(anonymous_1)
FN:21,(anonymous_2)
FN:31,(anonymous_3)
FN:42,(anonymous_4)
FN:61,(anonymous_5)
FN:70,(anonymous_6)
FNF:7
FNH:7
FNDA:2,(anonymous_0)
FNDA:2,(anonymous_1)
FNDA:4,(anonymous_2)
FNDA:3,(anonymous_3)
FNDA:2,(anonymous_4)
FNDA:4,(anonymous_5)
FNDA:3,(anonymous_6)
DA:1,2
DA:3,2
DA:4,2
DA:5,2
DA:12,2
DA:13,2
DA:14,1
DA:15,1
DA:17,1
DA:21,2
DA:22,4
DA:23,4
DA:24,4
DA:26,4
DA:27,1
DA:30,3
DA:31,3
DA:32,3
DA:33,1
DA:34,1
DA:37,2
DA:42,2
DA:43,2
DA:44,1
DA:45,1
DA:48,1
DA:49,1
DA:61,2
DA:62,4
DA:65,4
DA:66,1
DA:69,3
DA:70,3
DA:71,3
DA:72,1
DA:73,1
DA:76,2
DA:77,1
DA:80,1
DA:84,2
LF:40
LH:40
BRDA:13,0,0,1
BRDA:13,0,1,1
BRDA:26,1,0,1
BRDA:26,1,1,3
BRDA:32,2,0,1
BRDA:32,2,1,2
BRDA:43,3,0,1
BRDA:43,3,1,1
BRDA:65,4,0,1
BRDA:65,4,1,3
BRDA:71,5,0,1
BRDA:71,5,1,2
BRDA:76,6,0,1
BRDA:76,6,1,1
BRF:14
BRH:14
end_of_record
TN:
SF:controllers/eventController.js
FN:6,(anonymous_0)
FN:9,(anonymous_1)
FN:15,(anonymous_2)
FN:31,(anonymous_3)
FN:44,(anonymous_4)
FN:56,(anonymous_5)
FN:64,(anonymous_6)
FN:74,(anonymous_7)
FN:88,(anonymous_8)
FN:101,(anonymous_9)
FN:112,(anonymous_10)
FN:119,(anonymous_11)
FN:132,(anonymous_12)
FN:144,(anonymous_13)
FN:160,(anonymous_14)
FN:170,(anonymous_15)
FN:177,(anonymous_16)
FN:189,(anonymous_17)
FN:198,(anonymous_18)
FN:215,(anonymous_19)
FN:226,(anonymous_20)
FN:237,(anonymous_21)
FN:246,(anonymous_22)
FN:255,(anonymous_23)
FN:265,(anonymous_24)
FN:276,(anonymous_25)
FN:286,(anonymous_26)
FN:293,(anonymous_27)
FN:301,(anonymous_28)
FN:313,(anonymous_29)
FN:327,(anonymous_30)
FN:342,(anonymous_31)
FNF:32
FNH:30
FNDA:0,(anonymous_0)
FNDA:0,(anonymous_1)
FNDA:5,(anonymous_2)
FNDA:3,(anonymous_3)
FNDA:4,(anonymous_4)
FNDA:4,(anonymous_5)
FNDA:3,(anonymous_6)
FNDA:3,(anonymous_7)
FNDA:6,(anonymous_8)
FNDA:5,(anonymous_9)
FNDA:3,(anonymous_10)
FNDA:2,(anonymous_11)
FNDA:5,(anonymous_12)
FNDA:4,(anonymous_13)
FNDA:2,(anonymous_14)
FNDA:1,(anonymous_15)
FNDA:1,(anonymous_16)
FNDA:6,(anonymous_17)
FNDA:5,(anonymous_18)
FNDA:2,(anonymous_19)
FNDA:1,(anonymous_20)
FNDA:6,(anonymous_21)
FNDA:5,(anonymous_22)
FNDA:2,(anonymous_23)
FNDA:2,(anonymous_24)
FNDA:5,(anonymous_25)
FNDA:4,(anonymous_26)
FNDA:3,(anonymous_27)
FNDA:2,(anonymous_28)
FNDA:4,(anonymous_29)
FNDA:3,(anonymous_30)
FNDA:2,(anonymous_31)
DA:1,2
DA:2,2
DA:3,2
DA:5,2
DA:7,0
DA:10,0
DA:13,2
DA:15,2
DA:16,5
DA:17,5
DA:18,5
DA:19,5
DA:21,4
DA:22,4
DA:23,4
DA:25,4
DA:26,1
DA:27,1
DA:30,3
DA:31,3
DA:32,3
DA:33,1
DA:34,1
DA:36,2
DA:39,1
DA:40,1
DA:44,2
DA:45,4
DA:46,4
DA:52,4
DA:53,1
DA:56,4
DA:57,4
DA:58,1
DA:59,1
DA:61,3
DA:64,2
DA:65,3
DA:67,3
DA:74,3
DA:75,3
DA:76,1
DA:77,1
DA:80,2
DA:81,1
DA:84,1
DA:88,2
DA:89,6
DA:90,6
DA:92,6
DA:93,6
DA:95,6
DA:96,1
DA:97,1
DA:100,5
DA:101,5
DA:102,5
DA:103,1
DA:104,1
DA:106,4
DA:107,1
DA:108,1
DA:111,3
DA:112,3
DA:113,3
DA:114,1
DA:115,1
DA:118,2
DA:119,2
DA:120,2
DA:121,1
DA:122,1
DA:125,1
DA:126,1
DA:132,2
DA:133,5
DA:134,5
DA:136,5
DA:137,5
DA:139,5
DA:140,1
DA:143,4
DA:144,4
DA:145,4
DA:146,0
DA:147,0
DA:150,4
DA:151,1
DA:154,3
DA:155,3
DA:156,1
DA:159,2
DA:160,2
DA:161,2
DA:162,0
DA:163,0
DA:165,2
DA:166,1
DA:169,1
DA:170,1
DA:171,1
DA:172,0
DA:173,0
DA:176,1
DA:177,1
DA:178,1
DA:179,0
DA:180,0
DA:183,1
DA:189,2
DA:190,6
DA:191,6
DA:193,6
DA:194,1
DA:197,5
DA:198,5
DA:199,5
DA:200,1
DA:201,1
DA:204,4
DA:205,1
DA:208,3
DA:210,3
DA:211,1
DA:214,2
DA:215,2
DA:216,2
DA:217,0
DA:218,0
DA:221,2
DA:222,1
DA:225,1
DA:226,1
DA:227,1
DA:228,0
DA:229,0
DA:232,1
DA:237,2
DA:238,6
DA:239,6
DA:241,6
DA:242,1
DA:245,5
DA:246,5
DA:247,5
DA:248,1
DA:249,1
DA:252,4
DA:254,2
DA:255,2
DA:256,2
DA:257,1
DA:258,1
DA:260,1
DA:264,2
DA:265,2
DA:266,2
DA:267,1
DA:268,1
DA:270,1
DA:276,2
DA:277,5
DA:280,5
DA:281,1
DA:285,4
DA:286,4
DA:287,4
DA:288,1
DA:289,1
DA:292,3
DA:293,3
DA:294,3
DA:295,1
DA:296,1
DA:300,2
DA:301,2
DA:302,2
DA:303,1
DA:304,1
DA:307,1
DA:313,2
DA:315,4
DA:316,1
DA:320,3
DA:327,3
DA:328,3
DA:329,1
DA:330,1
DA:334,2
DA:342,2
DA:343,2
DA:344,1
DA:345,1
DA:348,1
DA:356,2
LF:195
LH:181
BRDA:18,0,0,1
BRDA:18,0,1,4
BRDA:25,1,0,1
BRDA:25,1,1,3
BRDA:25,2,0,4
BRDA:25,2,1,4
BRDA:25,2,2,3
BRDA:25,2,3,3
BRDA:25,2,4,3
BRDA:32,3,0,1
BRDA:32,3,1,2
BRDA:52,4,0,1
BRDA:52,4,1,3
BRDA:57,5,0,1
BRDA:57,5,1,3
BRDA:75,6,0,1
BRDA:75,6,1,2
BRDA:80,7,0,1
BRDA:80,7,1,1
BRDA:95,8,0,1
BRDA:95,8,1,5
BRDA:95,9,0,6
BRDA:95,9,1,5
BRDA:102,10,0,1
BRDA:102,10,1,4
BRDA:106,11,0,1
BRDA:106,11,1,3
BRDA:113,12,0,1
BRDA:113,12,1,2
BRDA:120,13,0,1
BRDA:120,13,1,1
BRDA:139,14,0,1
BRDA:139,14,1,4
BRDA:139,15,0,5
BRDA:139,15,1,4
BRDA:145,16,0,0
BRDA:145,16,1,4
BRDA:150,17,0,1
BRDA:150,17,1,3
BRDA:155,18,0,1
BRDA:155,18,1,2
BRDA:161,19,0,0
BRDA:161,19,1,2
BRDA:165,20,0,1
BRDA:165,20,1,1
BRDA:171,21,0,0
BRDA:171,21,1,1
BRDA:178,22,0,0
BRDA:178,22,1,1
BRDA:193,23,0,1
BRDA:193,23,1,5
BRDA:193,24,0,6
BRDA:193,24,1,5
BRDA:199,25,0,1
BRDA:199,25,1,4
BRDA:204,26,0,1
BRDA:204,26,1,3
BRDA:210,27,0,1
BRDA:210,27,1,2
BRDA:216,28,0,0
BRDA:216,28,1,2
BRDA:221,29,0,1
BRDA:221,29,1,1
BRDA:227,30,0,0
BRDA:227,30,1,1
BRDA:241,31,0,1
BRDA:241,31,1,5
BRDA:241,32,0,6
BRDA:241,32,1,5
BRDA:247,33,0,1
BRDA:247,33,1,4
BRDA:252,34,0,2
BRDA:252,34,1,2
BRDA:256,35,0,1
BRDA:256,35,1,1
BRDA:266,36,0,1
BRDA:266,36,1,1
BRDA:280,37,0,1
BRDA:280,37,1,4
BRDA:287,38,0,1
BRDA:287,38,1,3
BRDA:294,39,0,1
BRDA:294,39,1,2
BRDA:302,40,0,1
BRDA:302,40,1,1
BRDA:315,41,0,1
BRDA:315,41,1,3
BRDA:328,42,0,1
BRDA:328,42,1,2
BRDA:343,43,0,1
BRDA:343,43,1,1
BRF:91
BRH:85
end_of_record
TN:
SF:controllers/userController.js
FN:9,(anonymous_0)
FN:17,(anonymous_1)
FN:20,(anonymous_2)
FN:27,(anonymous_3)
FN:35,(anonymous_4)
FN:48,(anonymous_5)
FN:68,(anonymous_6)
FN:72,(anonymous_7)
FN:81,(anonymous_8)
FN:86,(anonymous_9)
FN:95,(anonymous_10)
FN:100,(anonymous_11)
FN:139,(anonymous_12)
FN:152,(anonymous_13)
FN:161,(anonymous_14)
FN:169,(anonymous_15)
FN:179,(anonymous_16)
FN:182,(anonymous_17)
FN:189,(anonymous_18)
FN:198,(anonymous_19)
FN:207,(anonymous_20)
FN:210,(anonymous_21)
FN:212,(anonymous_22)
FN:221,(anonymous_23)
FN:229,(anonymous_24)
FN:244,(anonymous_25)
FN:252,(anonymous_26)
FN:267,(anonymous_27)
FN:273,(anonymous_28)
FN:284,(anonymous_29)
FN:297,(anonymous_30)
FNF:31
FNH:25
FNDA:4,(anonymous_0)
FNDA:0,(anonymous_1)
FNDA:0,(anonymous_2)
FNDA:2,(anonymous_3)
FNDA:2,(anonymous_4)
FNDA:1,(anonymous_5)
FNDA:2,(anonymous_6)
FNDA:2,(anonymous_7)
FNDA:2,(anonymous_8)
FNDA:2,(anonymous_9)
FNDA:8,(anonymous_10)
FNDA:8,(anonymous_11)
FNDA:3,(anonymous_12)
FNDA:2,(anonymous_13)
FNDA:3,(anonymous_14)
FNDA:3,(anonymous_15)
FNDA:3,(anonymous_16)
FNDA:3,(anonymous_17)
FNDA:2,(anonymous_18)
FNDA:2,(anonymous_19)
FNDA:3,(anonymous_20)
FNDA:3,(anonymous_21)
FNDA:3,(anonymous_22)
FNDA:3,(anonymous_23)
FNDA:2,(anonymous_24)
FNDA:2,(anonymous_25)
FNDA:1,(anonymous_26)
FNDA:0,(anonymous_27)
FNDA:0,(anonymous_28)
FNDA:0,(anonymous_29)
FNDA:0,(anonymous_30)
DA:1,2
DA:2,2
DA:3,2
DA:4,2
DA:5,2
DA:6,2
DA:9,4
DA:11,2
DA:12,2
DA:13,0
DA:16,2
DA:18,0
DA:21,0
DA:25,2
DA:27,2
DA:28,2
DA:29,2
DA:31,2
DA:32,2
DA:34,2
DA:35,2
DA:36,2
DA:37,0
DA:38,0
DA:41,2
DA:42,1
DA:43,1
DA:46,1
DA:47,1
DA:48,1
DA:49,1
DA:50,0
DA:51,0
DA:52,0
DA:55,0
DA:56,0
DA:59,1
DA:60,1
DA:64,0
DA:65,0
DA:68,2
DA:69,2
DA:71,2
DA:72,2
DA:73,2
DA:74,1
DA:75,1
DA:77,1
DA:81,2
DA:82,2
DA:83,2
DA:85,2
DA:86,2
DA:87,2
DA:88,1
DA:89,1
DA:91,1
DA:95,2
DA:96,8
DA:98,8
DA:99,8
DA:100,8
DA:101,8
DA:102,7
DA:104,6
DA:105,6
DA:106,6
DA:109,5
DA:110,1
DA:117,4
DA:127,4
DA:134,0
DA:135,0
DA:139,2
DA:140,3
DA:141,3
DA:143,3
DA:144,1
DA:147,2
DA:152,2
DA:153,2
DA:154,1
DA:155,1
DA:157,1
DA:161,2
DA:162,3
DA:164,3
DA:169,3
DA:170,3
DA:171,1
DA:172,1
DA:174,2
DA:175,2
DA:179,2
DA:180,3
DA:181,3
DA:182,3
DA:183,3
DA:184,2
DA:186,1
DA:189,2
DA:190,2
DA:192,2
DA:198,2
DA:199,2
DA:200,1
DA:201,1
DA:203,1
DA:207,2
DA:208,3
DA:209,3
DA:210,3
DA:211,3
DA:212,2
DA:213,3
DA:214,3
DA:216,2
DA:221,2
DA:222,3
DA:223,1
DA:226,2
DA:228,2
DA:229,2
DA:230,2
DA:231,0
DA:232,0
DA:235,2
DA:236,1
DA:239,1
DA:244,2
DA:245,2
DA:246,1
DA:249,1
DA:251,1
DA:252,1
DA:253,1
DA:254,0
DA:255,0
DA:258,1
DA:259,0
DA:262,1
DA:267,2
DA:268,0
DA:269,0
DA:272,0
DA:273,0
DA:274,0
DA:275,0
DA:276,0
DA:279,0
DA:284,2
DA:285,0
DA:286,0
DA:289,0
DA:290,0
DA:293,0
DA:294,0
DA:295,0
DA:297,0
DA:298,0
DA:299,0
DA:300,0
DA:303,0
DA:306,0
DA:307,0
DA:311,2
LF:166
LH:125
BRDA:9,0,0,4
BRDA:9,0,1,0
BRDA:12,1,0,0
BRDA:12,1,1,2
BRDA:29,2,0,0
BRDA:29,2,1,2
BRDA:36,3,0,0
BRDA:36,3,1,2
BRDA:41,4,0,1
BRDA:41,4,1,1
BRDA:49,5,0,0
BRDA:49,5,1,1
BRDA:50,6,0,0
BRDA:50,6,1,0
BRDA:73,7,0,1
BRDA:73,7,1,1
BRDA:87,8,0,1
BRDA:87,8,1,1
BRDA:101,9,0,1
BRDA:101,9,1,7
BRDA:102,10,0,1
BRDA:102,10,1,6
BRDA:106,11,0,1
BRDA:106,11,1,5
BRDA:109,12,0,1
BRDA:109,12,1,4
BRDA:113,13,0,1
BRDA:113,13,1,0
BRDA:143,14,0,1
BRDA:143,14,1,2
BRDA:143,15,0,3
BRDA:143,15,1,3
BRDA:153,16,0,1
BRDA:153,16,1,1
BRDA:170,17,0,1
BRDA:170,17,1,2
BRDA:174,18,0,2
BRDA:174,18,1,1
BRDA:183,19,0,2
BRDA:183,19,1,1
BRDA:183,20,0,3
BRDA:183,20,1,2
BRDA:199,21,0,1
BRDA:199,21,1,1
BRDA:211,22,0,1
BRDA:211,22,1,2
BRDA:222,23,0,1
BRDA:222,23,1,2
BRDA:230,24,0,0
BRDA:230,24,1,2
BRDA:235,25,0,1
BRDA:235,25,1,1
BRDA:245,26,0,1
BRDA:245,26,1,1
BRDA:253,27,0,0
BRDA:253,27,1,1
BRDA:258,28,0,0
BRDA:258,28,1,1
BRDA:268,29,0,0
BRDA:268,29,1,0
BRDA:274,30,0,0
BRDA:274,30,1,0
BRDA:289,31,0,0
BRDA:289,31,1,0
BRDA:298,32,0,0
BRDA:298,32,1,0
BRF:66
BRH:47
end_of_record
TN:
SF:middleware/authMiddleware.js
FN:3,(anonymous_0)
FN:15,(anonymous_1)
FN:28,(anonymous_2)
FNF:3
FNH:3
FNDA:6,(anonymous_0)
FNDA:3,(anonymous_1)
FNDA:3,(anonymous_2)
DA:1,2
DA:3,2
DA:4,6
DA:5,6
DA:6,6
DA:7,1
DA:10,5
DA:11,5
DA:12,1
DA:15,4
DA:16,3
DA:17,1
DA:19,2
DA:20,2
DA:23,1
DA:24,1
DA:28,2
DA:29,3
DA:30,1
DA:32,2
DA:36,2
LF:21
LH:21
BRDA:6,0,0,1
BRDA:6,0,1,5
BRDA:11,1,0,1
BRDA:11,1,1,4
BRDA:16,2,0,1
BRDA:16,2,1,2
BRDA:29,3,0,1
BRDA:29,3,1,2
BRDA:29,4,0,3
BRDA:29,4,1,2
BRF:10
BRH:10
end_of_record
TN:
SF:models/db.js
FNF:0
FNH:0
DA:1,1
DA:2,1
DA:4,1
DA:11,1
LF:4
LH:4
BRF:0
BRH:0
end_of_record
TN:
SF:models/eventmodel.js
FN:3,(anonymous_0)
FN:8,(anonymous_1)
FNF:2
FNH:2
FNDA:1,(anonymous_0)
FNDA:1,(anonymous_1)
DA:1,1
DA:3,1
DA:4,1
DA:5,1
DA:8,1
DA:9,1
DA:10,1
DA:13,1
LF:8
LH:8
BRF:0
BRH:0
end_of_record
TN:
SF:models/migrations/create_admin_user.js
FN:8,(anonymous_0)
FN:13,(anonymous_1)
FN:16,(anonymous_2)
FN:34,(anonymous_3)
FNF:4
FNH:4
FNDA:4,(anonymous_0)
FNDA:4,(anonymous_1)
FNDA:4,(anonymous_2)
FNDA:2,(anonymous_3)
DA:1,1
DA:2,1
DA:3,1
DA:6,1
DA:8,1
DA:9,4
DA:10,4
DA:11,4
DA:13,4
DA:14,4
DA:15,4
DA:16,4
DA:17,4
DA:18,1
DA:19,1
DA:20,1
DA:21,1
DA:24,3
DA:25,1
DA:26,1
DA:27,1
DA:28,1
DA:31,2
DA:32,2
DA:34,2
DA:35,2
DA:36,1
DA:37,1
DA:38,1
DA:39,1
DA:42,1
DA:43,1
DA:44,1
DA:45,1
DA:46,1
DA:50,0
DA:51,0
DA:52,0
DA:58,1
DA:59,0
DA:62,1
LF:41
LH:37
BRDA:17,0,0,1
BRDA:17,0,1,3
BRDA:19,1,0,0
BRDA:19,1,1,1
BRDA:24,2,0,1
BRDA:24,2,1,2
BRDA:26,3,0,0
BRDA:26,3,1,1
BRDA:35,4,0,1
BRDA:35,4,1,1
BRDA:37,5,0,0
BRDA:37,5,1,1
BRDA:45,6,0,0
BRDA:45,6,1,1
BRDA:51,7,0,0
BRDA:51,7,1,0
BRDA:58,8,0,0
BRDA:58,8,1,1
BRF:18
BRH:11
end_of_record
TN:
SF:models/migrations/create_fixtures.js
FN:116,createFixtures
FN:117,(anonymous_1)
FN:145,createUsers
FN:197,createEvents
FN:244,createComments
FN:301,createRegistrations
FN:312,(anonymous_6)
FN:356,createFavorites
FN:367,(anonymous_8)
FN:408,queryPromise
FN:409,(anonymous_10)
FN:410,(anonymous_11)
FNF:12
FNH:12
FNDA:1,createFixtures
FNDA:1,(anonymous_1)
FNDA:1,createUsers
FNDA:1,createEvents
FNDA:1,createComments
FNDA:1,createRegistrations
FNDA:23,(anonymous_6)
FNDA:1,createFavorites
FNDA:24,(anonymous_8)
FNDA:62,queryPromise
FNDA:62,(anonymous_10)
FNDA:62,(anonymous_11)
DA:1,1
DA:2,1
DA:3,1
DA:4,1
DA:5,1
DA:19,1
DA:20,1
DA:23,1
DA:68,1
DA:113,1
DA:117,1
DA:118,1
DA:119,1
DA:121,1
DA:122,1
DA:124,1
DA:125,1
DA:127,1
DA:129,1
DA:131,1
DA:133,1
DA:134,1
DA:135,1
DA:137,0
DA:138,0
DA:139,0
DA:146,1
DA:148,1
DA:149,5
DA:151,5
DA:156,5
DA:157,0
DA:158,0
DA:159,0
DA:163,5
DA:166,5
DA:172,5
DA:186,5
DA:188,0
DA:189,0
DA:193,1
DA:198,1
DA:200,1
DA:201,5
DA:203,5
DA:208,5
DA:209,0
DA:210,0
DA:211,0
DA:215,5
DA:221,5
DA:233,5
DA:235,0
DA:236,0
DA:240,1
DA:245,1
DA:258,1
DA:261,1
DA:262,20
DA:264,20
DA:265,20
DA:268,20
DA:269,20
DA:272,20
DA:273,20
DA:276,20
DA:283,20
DA:285,20
DA:290,20
DA:292,0
DA:293,0
DA:297,1
DA:302,1
DA:305,1
DA:306,3
DA:309,3
DA:312,23
DA:314,3
DA:315,6
DA:316,6
DA:319,6
DA:324,6
DA:325,0
DA:326,0
DA:330,6
DA:337,6
DA:339,6
DA:344,6
DA:346,0
DA:347,0
DA:352,1
DA:357,1
DA:360,1
DA:361,3
DA:364,3
DA:367,24
DA:369,3
DA:370,5
DA:371,5
DA:374,5
DA:379,5
DA:380,0
DA:381,0
DA:385,5
DA:391,5
DA:396,5
DA:398,0
DA:399,0
DA:404,1
DA:409,62
DA:410,62
DA:411,62
DA:412,0
DA:414,62
DA:421,1
DA:422,0
DA:425,1
LF:117
LH:92
BRDA:134,0,0,0
BRDA:134,0,1,1
BRDA:138,1,0,0
BRDA:138,1,1,0
BRDA:156,2,0,0
BRDA:156,2,1,5
BRDA:178,3,0,5
BRDA:178,3,1,0
BRDA:180,4,0,0
BRDA:180,4,1,5
BRDA:181,5,0,2
BRDA:181,5,1,3
BRDA:182,6,0,5
BRDA:182,6,1,3
BRDA:208,7,0,0
BRDA:208,7,1,5
BRDA:314,8,0,9
BRDA:314,8,1,6
BRDA:324,9,0,0
BRDA:324,9,1,6
BRDA:369,10,0,8
BRDA:369,10,1,5
BRDA:379,11,0,0
BRDA:379,11,1,5
BRDA:411,12,0,0
BRDA:411,12,1,62
BRDA:421,13,0,0
BRDA:421,13,1,1
BRF:28
BRH:17
end_of_record
TN:
SF:routes/eventRoutes.js
FNF:0
FNH:0
DA:1,1
DA:2,1
DA:3,1
DA:4,1
DA:5,1
DA:7,1
DA:8,1
DA:9,1
DA:10,1
DA:11,1
DA:12,1
DA:13,1
DA:14,1
DA:15,1
DA:16,1
DA:17,1
DA:18,1
DA:20,1
LF:18
LH:18
BRF:0
BRH:0
end_of_record
TN:
SF:routes/userRoutes.js
FN:16,(anonymous_0)
FN:25,(anonymous_1)
FNF:2
FNH:0
FNDA:0,(anonymous_0)
FNDA:0,(anonymous_1)
DA:1,2
DA:2,2
DA:3,2
DA:4,2
DA:5,2
DA:7,2
DA:8,2
DA:9,2
DA:10,2
DA:11,2
DA:12,2
DA:13,2
DA:14,2
DA:15,2
DA:16,2
DA:17,0
DA:19,0
DA:25,0
DA:26,0
DA:27,0
DA:28,0
DA:30,0
DA:34,2
DA:35,2
DA:36,2
DA:37,2
DA:39,2
LF:27
LH:20
BRDA:26,0,0,0
BRDA:26,0,1,0
BRF:2
BRH:0
end_of_record
